Action: add vertex
Start Time (Unix): 1726710206.7391186
End Time (Unix): 1726710206.7391186
Duration: 0.000000 seconds
Lamport Clock Time: 1
----------------------------------------
Action: add vertex
Start Time (Unix): 1726710206.7411215
End Time (Unix): 1726710206.7411215
Duration: 0.000000 seconds
Lamport Clock Time: 2
----------------------------------------
Action: add vertex
Start Time (Unix): 1726710206.7431266
End Time (Unix): 1726710206.7431266
Duration: 0.000000 seconds
Lamport Clock Time: 3
----------------------------------------
Action: add vertex
Start Time (Unix): 1726710206.746117
End Time (Unix): 1726710206.7471223
Duration: 0.001005 seconds
Lamport Clock Time: 4
----------------------------------------
Action: add edge
Start Time (Unix): 1726710206.7491088
End Time (Unix): 1726710206.7491088
Duration: 0.000000 seconds
Lamport Clock Time: 5
----------------------------------------
Action: add edge
Start Time (Unix): 1726710206.752108
End Time (Unix): 1726710206.752108
Duration: 0.000000 seconds
Lamport Clock Time: 6
----------------------------------------
Action: has vertex
Start Time (Unix): 1726710206.75511
End Time (Unix): 1726710206.7561111
Duration: 0.001001 seconds
Lamport Clock Time: 7
----------------------------------------
Action: has vertex
Start Time (Unix): 1726710206.7571087
End Time (Unix): 1726710206.758122
Duration: 0.001013 seconds
Lamport Clock Time: 8
----------------------------------------
Action: has edge
Start Time (Unix): 1726710206.7591245
End Time (Unix): 1726710206.7591245
Duration: 0.000000 seconds
Lamport Clock Time: 9
----------------------------------------
Action: has edge
Start Time (Unix): 1726710206.7611394
End Time (Unix): 1726710206.7611394
Duration: 0.000000 seconds
Lamport Clock Time: 10
----------------------------------------
Action: remove edge
Start Time (Unix): 1726710206.7631137
End Time (Unix): 1726710206.7631137
Duration: 0.000000 seconds
Lamport Clock Time: 11
----------------------------------------
Action: remove edge
Start Time (Unix): 1726710206.7651224
End Time (Unix): 1726710206.7651224
Duration: 0.000000 seconds
Lamport Clock Time: 12
----------------------------------------
Action: has edge
Start Time (Unix): 1726710206.7671242
End Time (Unix): 1726710206.7671242
Duration: 0.000000 seconds
Lamport Clock Time: 13
----------------------------------------
Action: remove vertex
Start Time (Unix): 1726710206.7701085
End Time (Unix): 1726710206.77111
Duration: 0.001002 seconds
Lamport Clock Time: 14
----------------------------------------
Action: remove vertex
Start Time (Unix): 1726710206.7731113
End Time (Unix): 1726710206.7731113
Duration: 0.000000 seconds
Lamport Clock Time: 15
----------------------------------------
Action: get_neighbors
Start Time (Unix): 1726710206.7741241
End Time (Unix): 1726710206.7751255
Duration: 0.001001 seconds
Lamport Clock Time: 16
----------------------------------------
Action: get_neighbors
Start Time (Unix): 1726710206.7761254
End Time (Unix): 1726710206.7771251
Duration: 0.001000 seconds
Lamport Clock Time: 17
----------------------------------------
Action: add edge
Start Time (Unix): 1726710206.7781272
End Time (Unix): 1726710206.7781272
Duration: 0.000000 seconds
Lamport Clock Time: 18
----------------------------------------
Action: add edge
Start Time (Unix): 1726710206.7801142
End Time (Unix): 1726710206.7801142
Duration: 0.000000 seconds
Lamport Clock Time: 19
----------------------------------------
Action: add edge
Start Time (Unix): 1726710206.7821167
End Time (Unix): 1726710206.7821167
Duration: 0.000000 seconds
Lamport Clock Time: 20
----------------------------------------
Action: has edge
Start Time (Unix): 1726710206.7841125
End Time (Unix): 1726710206.7841125
Duration: 0.000000 seconds
Lamport Clock Time: 21
----------------------------------------
Action: has edge
Start Time (Unix): 1726710206.786115
End Time (Unix): 1726710206.786115
Duration: 0.000000 seconds
Lamport Clock Time: 22
----------------------------------------
Action: has edge
Start Time (Unix): 1726710206.7881103
End Time (Unix): 1726710206.7881103
Duration: 0.000000 seconds
Lamport Clock Time: 23
----------------------------------------
Action:  get all vertices
Start Time (Unix): 1726710206.7891252
End Time (Unix): 1726710206.7901144
Duration: 0.000989 seconds
Lamport Clock Time: 24
----------------------------------------
Action:  get all vertices
Start Time (Unix): 1726710206.7921097
End Time (Unix): 1726710206.9621484
Duration: 0.170039 seconds
Lamport Clock Time: 25
----------------------------------------
