2024-09-16 19:11:10,408 INFO [Thread-13000] Operation: read_graph_from_file, Args: ('C:\\Users\\DSNRAJU\\OneDrive\\Desktop\\DOS\\lab00_1\\dosfa24lab00team06\\src\\..\\data\\sample_graph.txt',)
2024-09-16 19:11:10,409 INFO [Thread-11608] Operation: add_vertex, Args: ('A',)
2024-09-16 19:11:10,410 INFO [Thread-11608] Operation: add_vertex, Result: (True, 1726531870.4106307)
2024-09-16 19:11:10,412 INFO [Thread-11608] Operation: add_vertex, Args: ('B',)
2024-09-16 19:11:10,412 INFO [Thread-11608] Operation: add_vertex, Result: (True, 1726531870.4126306)
2024-09-16 19:11:10,414 INFO [Thread-11608] Operation: add_edge, Args: ('A', 'B')
2024-09-16 19:11:10,415 INFO [Thread-11608] Operation: add_edge, Result: (True, 1726531870.4156277)
2024-09-16 19:11:10,415 ERROR [Thread-11608] Operation: read_graph_from_file, Error: Error processing line: TimeTracking.get_lamport_times() missing 1 required positional argument: 'self'
2024-09-16 19:11:10,415 INFO [Thread-25876] Operation: add_vertex, Args: ('A',)
2024-09-16 19:11:10,415 INFO [Thread-25876] Operation: add_vertex, Result: (False, 1726531870.4156277)
2024-09-16 19:11:10,416 INFO [Thread-25876] Operation: add_vertex, Args: ('C',)
2024-09-16 19:11:10,416 INFO [Thread-25876] Operation: add_vertex, Result: (True, 1726531870.4166276)
2024-09-16 19:11:10,417 INFO [Thread-25876] Operation: add_edge, Args: ('A', 'C')
2024-09-16 19:11:10,418 INFO [Thread-25876] Operation: add_edge, Result: (True, 1726531870.4186275)
2024-09-16 19:11:10,418 ERROR [Thread-25876] Operation: read_graph_from_file, Error: Error processing line: TimeTracking.get_lamport_times() missing 1 required positional argument: 'self'
2024-09-16 19:11:10,418 INFO [Thread-20208] Operation: add_vertex, Args: ('B',)
2024-09-16 19:11:10,418 INFO [Thread-20208] Operation: add_vertex, Result: (False, 1726531870.4186275)
2024-09-16 19:11:10,419 INFO [Thread-20208] Operation: add_vertex, Args: ('D',)
2024-09-16 19:11:10,419 INFO [Thread-20208] Operation: add_vertex, Result: (True, 1726531870.4196281)
2024-09-16 19:11:10,421 INFO [Thread-20208] Operation: add_edge, Args: ('B', 'D')
2024-09-16 19:11:10,421 INFO [Thread-20208] Operation: add_edge, Result: (True, 1726531870.4216306)
2024-09-16 19:11:10,421 ERROR [Thread-20208] Operation: read_graph_from_file, Error: Error processing line: TimeTracking.get_lamport_times() missing 1 required positional argument: 'self'
2024-09-16 19:11:10,421 INFO [Thread-26492] Operation: add_vertex, Args: ('B',)
2024-09-16 19:11:10,421 INFO [Thread-26492] Operation: add_vertex, Result: (False, 1726531870.4216306)
2024-09-16 19:11:10,422 INFO [Thread-26492] Operation: add_vertex, Args: ('E',)
2024-09-16 19:11:10,422 INFO [Thread-26492] Operation: add_vertex, Result: (True, 1726531870.4226289)
2024-09-16 19:11:10,423 INFO [Thread-26492] Operation: add_edge, Args: ('B', 'E')
2024-09-16 19:11:10,423 INFO [Thread-26492] Operation: add_edge, Result: (True, 1726531870.4236283)
2024-09-16 19:11:10,423 ERROR [Thread-26492] Operation: read_graph_from_file, Error: Error processing line: TimeTracking.get_lamport_times() missing 1 required positional argument: 'self'
2024-09-16 19:11:10,423 INFO [Thread-25692] Operation: add_vertex, Args: ('C',)
2024-09-16 19:11:10,424 INFO [Thread-25692] Operation: add_vertex, Result: (False, 1726531870.424629)
2024-09-16 19:11:10,424 INFO [Thread-25692] Operation: add_vertex, Args: ('F',)
2024-09-16 19:11:10,424 INFO [Thread-25692] Operation: add_vertex, Result: (True, 1726531870.424629)
2024-09-16 19:11:10,425 INFO [Thread-25692] Operation: add_edge, Args: ('C', 'F')
2024-09-16 19:11:10,425 INFO [Thread-25692] Operation: add_edge, Result: (True, 1726531870.4256291)
2024-09-16 19:11:10,425 ERROR [Thread-25692] Operation: read_graph_from_file, Error: Error processing line: TimeTracking.get_lamport_times() missing 1 required positional argument: 'self'
2024-09-16 19:11:10,426 INFO [Thread-16860] Operation: add_vertex, Args: ('C',)
2024-09-16 19:11:10,426 INFO [Thread-16860] Operation: add_vertex, Result: (False, 1726531870.4266284)
2024-09-16 19:11:10,426 INFO [Thread-16860] Operation: add_vertex, Args: ('G',)
2024-09-16 19:11:10,427 INFO [Thread-16860] Operation: add_vertex, Result: (True, 1726531870.427628)
2024-09-16 19:11:10,428 INFO [Thread-16860] Operation: add_edge, Args: ('C', 'G')
2024-09-16 19:11:10,428 INFO [Thread-16860] Operation: add_edge, Result: (True, 1726531870.428629)
2024-09-16 19:11:10,428 ERROR [Thread-16860] Operation: read_graph_from_file, Error: Error processing line: TimeTracking.get_lamport_times() missing 1 required positional argument: 'self'
2024-09-16 19:11:10,428 INFO [Thread-20992] Operation: add_vertex, Args: ('D',)
2024-09-16 19:11:10,428 INFO [Thread-20992] Operation: add_vertex, Result: (False, 1726531870.428629)
2024-09-16 19:11:10,429 INFO [Thread-20992] Operation: add_vertex, Args: ('H',)
2024-09-16 19:11:10,430 INFO [Thread-20992] Operation: add_vertex, Result: (True, 1726531870.4296303)
2024-09-16 19:11:10,430 INFO [Thread-20992] Operation: add_edge, Args: ('D', 'H')
2024-09-16 19:11:10,431 INFO [Thread-20992] Operation: add_edge, Result: (True, 1726531870.4316301)
2024-09-16 19:11:10,431 ERROR [Thread-20992] Operation: read_graph_from_file, Error: Error processing line: TimeTracking.get_lamport_times() missing 1 required positional argument: 'self'
2024-09-16 19:11:10,431 INFO [Thread-12168] Operation: add_vertex, Args: ('E',)
2024-09-16 19:11:10,431 INFO [Thread-12168] Operation: add_vertex, Result: (False, 1726531870.4316301)
2024-09-16 19:11:10,432 INFO [Thread-12168] Operation: add_vertex, Args: ('I',)
2024-09-16 19:11:10,432 INFO [Thread-12168] Operation: add_vertex, Result: (True, 1726531870.432629)
2024-09-16 19:11:10,433 INFO [Thread-12168] Operation: add_edge, Args: ('E', 'I')
2024-09-16 19:11:10,433 INFO [Thread-12168] Operation: add_edge, Result: (True, 1726531870.4336295)
2024-09-16 19:11:10,433 ERROR [Thread-12168] Operation: read_graph_from_file, Error: Error processing line: TimeTracking.get_lamport_times() missing 1 required positional argument: 'self'
2024-09-16 19:11:10,433 INFO [Thread-11608] Operation: add_vertex, Args: ('F',)
2024-09-16 19:11:10,433 INFO [Thread-11608] Operation: add_vertex, Result: (False, 1726531870.4336295)
2024-09-16 19:11:10,434 INFO [Thread-11608] Operation: add_vertex, Args: ('J',)
2024-09-16 19:11:10,434 INFO [Thread-11608] Operation: add_vertex, Result: (True, 1726531870.4346297)
2024-09-16 19:11:10,435 INFO [Thread-11608] Operation: add_edge, Args: ('F', 'J')
2024-09-16 19:11:10,435 INFO [Thread-11608] Operation: add_edge, Result: (True, 1726531870.4356296)
2024-09-16 19:11:10,435 ERROR [Thread-11608] Operation: read_graph_from_file, Error: Error processing line: TimeTracking.get_lamport_times() missing 1 required positional argument: 'self'
2024-09-16 19:11:10,435 INFO [Thread-25876] Operation: add_vertex, Args: ('G',)
2024-09-16 19:11:10,436 INFO [Thread-25876] Operation: add_vertex, Result: (False, 1726531870.436629)
2024-09-16 19:11:10,437 INFO [Thread-25876] Operation: add_vertex, Args: ('K',)
2024-09-16 19:11:10,437 INFO [Thread-25876] Operation: add_vertex, Result: (True, 1726531870.4376333)
2024-09-16 19:11:10,438 INFO [Thread-25876] Operation: add_edge, Args: ('G', 'K')
2024-09-16 19:11:10,438 INFO [Thread-25876] Operation: add_edge, Result: (True, 1726531870.438633)
2024-09-16 19:11:10,438 ERROR [Thread-25876] Operation: read_graph_from_file, Error: Error processing line: TimeTracking.get_lamport_times() missing 1 required positional argument: 'self'
2024-09-16 19:11:10,438 INFO [Thread-20208] Operation: add_vertex, Args: ('H',)
2024-09-16 19:11:10,438 INFO [Thread-20208] Operation: add_vertex, Result: (False, 1726531870.438633)
2024-09-16 19:11:10,439 INFO [Thread-20208] Operation: add_vertex, Args: ('L',)
2024-09-16 19:11:10,439 INFO [Thread-20208] Operation: add_vertex, Result: (True, 1726531870.4396293)
2024-09-16 19:11:10,440 INFO [Thread-20208] Operation: add_edge, Args: ('H', 'L')
2024-09-16 19:11:10,440 INFO [Thread-20208] Operation: add_edge, Result: (True, 1726531870.4406292)
2024-09-16 19:11:10,440 ERROR [Thread-20208] Operation: read_graph_from_file, Error: Error processing line: TimeTracking.get_lamport_times() missing 1 required positional argument: 'self'
2024-09-16 19:11:10,440 INFO [Thread-26492] Operation: add_vertex, Args: ('I',)
2024-09-16 19:11:10,440 INFO [Thread-26492] Operation: add_vertex, Result: (False, 1726531870.4406292)
2024-09-16 19:11:10,441 INFO [Thread-26492] Operation: add_vertex, Args: ('M',)
2024-09-16 19:11:10,441 INFO [Thread-26492] Operation: add_vertex, Result: (True, 1726531870.4416306)
2024-09-16 19:11:10,442 INFO [Thread-26492] Operation: add_edge, Args: ('I', 'M')
2024-09-16 19:11:10,442 INFO [Thread-26492] Operation: add_edge, Result: (True, 1726531870.442629)
2024-09-16 19:11:10,442 ERROR [Thread-26492] Operation: read_graph_from_file, Error: Error processing line: TimeTracking.get_lamport_times() missing 1 required positional argument: 'self'
2024-09-16 19:11:10,442 INFO [Thread-25692] Operation: add_vertex, Args: ('J',)
2024-09-16 19:11:10,443 INFO [Thread-25692] Operation: add_vertex, Result: (False, 1726531870.4436283)
2024-09-16 19:11:10,443 INFO [Thread-25692] Operation: add_vertex, Args: ('N',)
2024-09-16 19:11:10,443 INFO [Thread-25692] Operation: add_vertex, Result: (True, 1726531870.4436283)
2024-09-16 19:11:10,445 INFO [Thread-25692] Operation: add_edge, Args: ('J', 'N')
2024-09-16 19:11:10,445 INFO [Thread-25692] Operation: add_edge, Result: (True, 1726531870.4456308)
2024-09-16 19:11:10,445 ERROR [Thread-25692] Operation: read_graph_from_file, Error: Error processing line: TimeTracking.get_lamport_times() missing 1 required positional argument: 'self'
2024-09-16 19:11:10,445 INFO [Thread-16860] Operation: add_vertex, Args: ('K',)
2024-09-16 19:11:10,445 INFO [Thread-16860] Operation: add_vertex, Result: (False, 1726531870.4456308)
2024-09-16 19:11:10,446 INFO [Thread-16860] Operation: add_vertex, Args: ('O',)
2024-09-16 19:11:10,446 INFO [Thread-16860] Operation: add_vertex, Result: (True, 1726531870.446631)
2024-09-16 19:11:10,447 INFO [Thread-16860] Operation: add_edge, Args: ('K', 'O')
2024-09-16 19:11:10,447 INFO [Thread-16860] Operation: add_edge, Result: (True, 1726531870.4476302)
2024-09-16 19:11:10,447 ERROR [Thread-16860] Operation: read_graph_from_file, Error: Error processing line: TimeTracking.get_lamport_times() missing 1 required positional argument: 'self'
2024-09-16 19:11:10,447 INFO [Thread-20992] Operation: add_vertex, Args: ('L',)
2024-09-16 19:11:10,448 INFO [Thread-20992] Operation: add_vertex, Result: (False, 1726531870.4486303)
2024-09-16 19:11:10,448 INFO [Thread-20992] Operation: add_vertex, Args: ('P',)
2024-09-16 19:11:10,449 INFO [Thread-20992] Operation: add_vertex, Result: (True, 1726531870.4496315)
2024-09-16 19:11:10,449 INFO [Thread-20992] Operation: add_edge, Args: ('L', 'P')
2024-09-16 19:11:10,449 INFO [Thread-20992] Operation: add_edge, Result: (True, 1726531870.4496315)
2024-09-16 19:11:10,449 ERROR [Thread-20992] Operation: read_graph_from_file, Error: Error processing line: TimeTracking.get_lamport_times() missing 1 required positional argument: 'self'
2024-09-16 19:11:10,450 INFO [Thread-12168] Operation: add_vertex, Args: ('M',)
2024-09-16 19:11:10,450 INFO [Thread-12168] Operation: add_vertex, Result: (False, 1726531870.45063)
2024-09-16 19:11:10,450 INFO [Thread-12168] Operation: add_vertex, Args: ('Q',)
2024-09-16 19:11:10,451 INFO [Thread-12168] Operation: add_vertex, Result: (True, 1726531870.451634)
2024-09-16 19:11:10,452 INFO [Thread-12168] Operation: add_edge, Args: ('M', 'Q')
2024-09-16 19:11:10,452 INFO [Thread-12168] Operation: add_edge, Result: (True, 1726531870.4526305)
2024-09-16 19:11:10,452 ERROR [Thread-12168] Operation: read_graph_from_file, Error: Error processing line: TimeTracking.get_lamport_times() missing 1 required positional argument: 'self'
2024-09-16 19:11:10,452 INFO [Thread-11608] Operation: add_vertex, Args: ('N',)
2024-09-16 19:11:10,452 INFO [Thread-11608] Operation: add_vertex, Result: (False, 1726531870.4526305)
2024-09-16 19:11:10,453 INFO [Thread-11608] Operation: add_vertex, Args: ('R',)
2024-09-16 19:11:10,453 INFO [Thread-11608] Operation: add_vertex, Result: (True, 1726531870.4536324)
2024-09-16 19:11:10,454 INFO [Thread-11608] Operation: add_edge, Args: ('N', 'R')
2024-09-16 19:11:10,454 INFO [Thread-11608] Operation: add_edge, Result: (True, 1726531870.4546323)
2024-09-16 19:11:10,454 ERROR [Thread-11608] Operation: read_graph_from_file, Error: Error processing line: TimeTracking.get_lamport_times() missing 1 required positional argument: 'self'
2024-09-16 19:11:10,455 INFO [Thread-25876] Operation: add_vertex, Args: ('O',)
2024-09-16 19:11:10,455 INFO [Thread-25876] Operation: add_vertex, Result: (False, 1726531870.4556305)
2024-09-16 19:11:10,456 INFO [Thread-25876] Operation: add_vertex, Args: ('S',)
2024-09-16 19:11:10,456 INFO [Thread-25876] Operation: add_vertex, Result: (True, 1726531870.4566305)
2024-09-16 19:11:10,456 INFO [Thread-25876] Operation: add_edge, Args: ('O', 'S')
2024-09-16 19:11:10,457 INFO [Thread-25876] Operation: add_edge, Result: (True, 1726531870.4576304)
2024-09-16 19:11:10,457 ERROR [Thread-25876] Operation: read_graph_from_file, Error: Error processing line: TimeTracking.get_lamport_times() missing 1 required positional argument: 'self'
2024-09-16 19:11:10,457 INFO [Thread-20208] Operation: add_vertex, Args: ('P',)
2024-09-16 19:11:10,457 INFO [Thread-20208] Operation: add_vertex, Result: (False, 1726531870.4576304)
2024-09-16 19:11:10,458 INFO [Thread-20208] Operation: add_vertex, Args: ('T',)
2024-09-16 19:11:10,458 INFO [Thread-20208] Operation: add_vertex, Result: (True, 1726531870.4586308)
2024-09-16 19:11:10,459 INFO [Thread-20208] Operation: add_edge, Args: ('P', 'T')
2024-09-16 19:11:10,459 INFO [Thread-20208] Operation: add_edge, Result: (True, 1726531870.4596305)
2024-09-16 19:11:10,459 ERROR [Thread-20208] Operation: read_graph_from_file, Error: Error processing line: TimeTracking.get_lamport_times() missing 1 required positional argument: 'self'
2024-09-16 19:11:10,459 INFO [Thread-26492] Operation: add_vertex, Args: ('A',)
2024-09-16 19:11:10,459 INFO [Thread-26492] Operation: add_vertex, Result: (False, 1726531870.4596305)
2024-09-16 19:11:10,460 INFO [Thread-26492] Operation: add_vertex, Args: ('D',)
2024-09-16 19:11:10,460 INFO [Thread-26492] Operation: add_vertex, Result: (False, 1726531870.4606316)
2024-09-16 19:11:10,461 INFO [Thread-26492] Operation: add_edge, Args: ('A', 'D')
2024-09-16 19:11:10,461 INFO [Thread-26492] Operation: add_edge, Result: (True, 1726531870.461632)
2024-09-16 19:11:10,462 ERROR [Thread-26492] Operation: read_graph_from_file, Error: Error processing line: TimeTracking.get_lamport_times() missing 1 required positional argument: 'self'
2024-09-16 19:11:10,462 INFO [Thread-25692] Operation: add_vertex, Args: ('B',)
2024-09-16 19:11:10,462 INFO [Thread-25692] Operation: add_vertex, Result: (False, 1726531870.4626331)
2024-09-16 19:11:10,463 INFO [Thread-25692] Operation: add_vertex, Args: ('F',)
2024-09-16 19:11:10,463 INFO [Thread-25692] Operation: add_vertex, Result: (False, 1726531870.463632)
2024-09-16 19:11:10,464 INFO [Thread-25692] Operation: add_edge, Args: ('B', 'F')
2024-09-16 19:11:10,464 INFO [Thread-25692] Operation: add_edge, Result: (True, 1726531870.4646313)
2024-09-16 19:11:10,464 ERROR [Thread-25692] Operation: read_graph_from_file, Error: Error processing line: TimeTracking.get_lamport_times() missing 1 required positional argument: 'self'
2024-09-16 19:11:10,464 INFO [Thread-16860] Operation: add_vertex, Args: ('C',)
2024-09-16 19:11:10,464 INFO [Thread-16860] Operation: add_vertex, Result: (False, 1726531870.4646313)
2024-09-16 19:11:10,465 INFO [Thread-16860] Operation: add_vertex, Args: ('H',)
2024-09-16 19:11:10,465 INFO [Thread-16860] Operation: add_vertex, Result: (False, 1726531870.465632)
2024-09-16 19:11:10,466 INFO [Thread-16860] Operation: add_edge, Args: ('C', 'H')
2024-09-16 19:11:10,466 INFO [Thread-16860] Operation: add_edge, Result: (True, 1726531870.4666321)
2024-09-16 19:11:10,466 ERROR [Thread-16860] Operation: read_graph_from_file, Error: Error processing line: TimeTracking.get_lamport_times() missing 1 required positional argument: 'self'
2024-09-16 19:11:10,466 INFO [Thread-20992] Operation: add_vertex, Args: ('D',)
2024-09-16 19:11:10,466 INFO [Thread-20992] Operation: add_vertex, Result: (False, 1726531870.4666321)
2024-09-16 19:11:10,467 INFO [Thread-20992] Operation: add_vertex, Args: ('J',)
2024-09-16 19:11:10,467 INFO [Thread-20992] Operation: add_vertex, Result: (False, 1726531870.467631)
2024-09-16 19:11:10,468 INFO [Thread-20992] Operation: add_edge, Args: ('D', 'J')
2024-09-16 19:11:10,468 INFO [Thread-20992] Operation: add_edge, Result: (True, 1726531870.4686334)
2024-09-16 19:11:10,468 ERROR [Thread-20992] Operation: read_graph_from_file, Error: Error processing line: TimeTracking.get_lamport_times() missing 1 required positional argument: 'self'
2024-09-16 19:11:10,468 INFO [Thread-12168] Operation: add_vertex, Args: ('E',)
2024-09-16 19:11:10,469 INFO [Thread-12168] Operation: add_vertex, Result: (False, 1726531870.4696314)
2024-09-16 19:11:10,470 INFO [Thread-12168] Operation: add_vertex, Args: ('K',)
2024-09-16 19:11:10,470 INFO [Thread-12168] Operation: add_vertex, Result: (False, 1726531870.4706342)
2024-09-16 19:11:10,471 INFO [Thread-12168] Operation: add_edge, Args: ('E', 'K')
2024-09-16 19:11:10,471 INFO [Thread-12168] Operation: add_edge, Result: (True, 1726531870.4716315)
2024-09-16 19:11:10,471 ERROR [Thread-12168] Operation: read_graph_from_file, Error: Error processing line: TimeTracking.get_lamport_times() missing 1 required positional argument: 'self'
2024-09-16 19:11:10,471 INFO [Thread-11608] Operation: add_vertex, Args: ('F',)
2024-09-16 19:11:10,471 INFO [Thread-11608] Operation: add_vertex, Result: (False, 1726531870.4716315)
2024-09-16 19:11:10,472 INFO [Thread-11608] Operation: add_vertex, Args: ('L',)
2024-09-16 19:11:10,472 INFO [Thread-11608] Operation: add_vertex, Result: (False, 1726531870.4726312)
2024-09-16 19:11:10,473 INFO [Thread-11608] Operation: add_edge, Args: ('F', 'L')
2024-09-16 19:11:10,473 INFO [Thread-11608] Operation: add_edge, Result: (True, 1726531870.473633)
2024-09-16 19:11:10,473 ERROR [Thread-11608] Operation: read_graph_from_file, Error: Error processing line: TimeTracking.get_lamport_times() missing 1 required positional argument: 'self'
2024-09-16 19:11:10,473 INFO [Thread-25876] Operation: add_vertex, Args: ('G',)
2024-09-16 19:11:10,473 INFO [Thread-25876] Operation: add_vertex, Result: (False, 1726531870.473633)
2024-09-16 19:11:10,474 INFO [Thread-25876] Operation: add_vertex, Args: ('M',)
2024-09-16 19:11:10,474 INFO [Thread-25876] Operation: add_vertex, Result: (False, 1726531870.4746325)
2024-09-16 19:11:10,475 INFO [Thread-25876] Operation: add_edge, Args: ('G', 'M')
2024-09-16 19:11:10,475 INFO [Thread-25876] Operation: add_edge, Result: (True, 1726531870.4756322)
2024-09-16 19:11:10,475 ERROR [Thread-25876] Operation: read_graph_from_file, Error: Error processing line: TimeTracking.get_lamport_times() missing 1 required positional argument: 'self'
2024-09-16 19:11:10,475 INFO [Thread-20208] Operation: add_vertex, Args: ('H',)
2024-09-16 19:11:10,475 INFO [Thread-20208] Operation: add_vertex, Result: (False, 1726531870.4756322)
2024-09-16 19:11:10,476 INFO [Thread-20208] Operation: add_vertex, Args: ('N',)
2024-09-16 19:11:10,476 INFO [Thread-20208] Operation: add_vertex, Result: (False, 1726531870.476633)
2024-09-16 19:11:10,477 INFO [Thread-20208] Operation: add_edge, Args: ('H', 'N')
2024-09-16 19:11:10,477 INFO [Thread-20208] Operation: add_edge, Result: (True, 1726531870.4776328)
2024-09-16 19:11:10,477 ERROR [Thread-20208] Operation: read_graph_from_file, Error: Error processing line: TimeTracking.get_lamport_times() missing 1 required positional argument: 'self'
2024-09-16 19:11:10,477 INFO [Thread-26492] Operation: add_vertex, Args: ('I',)
2024-09-16 19:11:10,477 INFO [Thread-26492] Operation: add_vertex, Result: (False, 1726531870.4776328)
2024-09-16 19:11:10,479 INFO [Thread-26492] Operation: add_vertex, Args: ('O',)
2024-09-16 19:11:10,479 INFO [Thread-26492] Operation: add_vertex, Result: (False, 1726531870.4796336)
2024-09-16 19:11:10,480 INFO [Thread-26492] Operation: add_edge, Args: ('I', 'O')
2024-09-16 19:11:10,480 INFO [Thread-26492] Operation: add_edge, Result: (True, 1726531870.480635)
2024-09-16 19:11:10,480 ERROR [Thread-26492] Operation: read_graph_from_file, Error: Error processing line: TimeTracking.get_lamport_times() missing 1 required positional argument: 'self'
2024-09-16 19:11:10,480 INFO [Thread-25692] Operation: add_vertex, Args: ('J',)
2024-09-16 19:11:10,480 INFO [Thread-25692] Operation: add_vertex, Result: (False, 1726531870.480635)
2024-09-16 19:11:10,481 INFO [Thread-25692] Operation: add_vertex, Args: ('P',)
2024-09-16 19:11:10,481 INFO [Thread-25692] Operation: add_vertex, Result: (False, 1726531870.481634)
2024-09-16 19:11:10,482 INFO [Thread-25692] Operation: add_edge, Args: ('J', 'P')
2024-09-16 19:11:10,482 INFO [Thread-25692] Operation: add_edge, Result: (True, 1726531870.482633)
2024-09-16 19:11:10,482 ERROR [Thread-25692] Operation: read_graph_from_file, Error: Error processing line: TimeTracking.get_lamport_times() missing 1 required positional argument: 'self'
2024-09-16 19:11:10,482 INFO [Thread-16860] Operation: add_vertex, Args: ('K',)
2024-09-16 19:11:10,482 INFO [Thread-16860] Operation: add_vertex, Result: (False, 1726531870.482633)
2024-09-16 19:11:10,483 INFO [Thread-16860] Operation: add_vertex, Args: ('Q',)
2024-09-16 19:11:10,484 INFO [Thread-16860] Operation: add_vertex, Result: (False, 1726531870.4846327)
2024-09-16 19:11:10,485 INFO [Thread-16860] Operation: add_edge, Args: ('K', 'Q')
2024-09-16 19:11:10,485 INFO [Thread-16860] Operation: add_edge, Result: (True, 1726531870.4856331)
2024-09-16 19:11:10,485 ERROR [Thread-16860] Operation: read_graph_from_file, Error: Error processing line: TimeTracking.get_lamport_times() missing 1 required positional argument: 'self'
2024-09-16 19:11:10,485 INFO [Thread-13000] Operation: get_all_vertices, Args: ()
2024-09-16 19:11:10,485 INFO [Thread-13000] Operation: get_all_vertices, Result: ({'R', 'K', 'D', 'O', 'F', 'T', 'N', 'M', 'B', 'E', 'L', 'A', 'J', 'C', 'I', 'H', 'P', 'G', 'S', 'Q'}, 1726531870.4856331)
2024-09-16 19:11:10,486 INFO [Thread-13000] Operation: read_graph_from_file, Result: Graph created with 20 vertices
2024-09-16 19:11:28,841 INFO [Thread-7712] Operation: add_vertex, Args: ('Z1',)
2024-09-16 19:11:28,841 INFO [Thread-7712] Operation: add_vertex, Result: (True, 1726531888.8413541)
2024-09-16 19:11:53,689 INFO [Thread-7712] Operation: add_vertex, Args: ('Z3',)
2024-09-16 19:11:53,689 INFO [Thread-7712] Operation: add_vertex, Result: (True, 1726531913.6892166)
