2024-09-10 20:46:48,645 INFO [Thread-18676] Operation: read_graph_from_file, Args: ('C:\\Users\\DSNRAJU\\OneDrive\\Desktop\\DOS\\lab00_1\\dosfa24lab00team06\\src\\..\\data\\sample_graph.txt',)
2024-09-10 20:46:48,649 INFO [Thread-13524] Operation: add_vertex, Args: ('A',)
2024-09-10 20:46:48,650 INFO [Thread-13524] Operation: add_vertex, Result: (True, 1726019208.6509495)
2024-09-10 20:46:48,651 ERROR [Thread-13524] Operation: read_graph_from_file, Error: Error processing line: TimeTracking.get_lamport_times() missing 1 required positional argument: 'self'
2024-09-10 20:46:48,651 INFO [Thread-32872] Operation: add_vertex, Args: ('A',)
2024-09-10 20:46:48,654 INFO [Thread-32872] Operation: add_vertex, Result: (False, 1726019208.654952)
2024-09-10 20:46:48,655 ERROR [Thread-32872] Operation: read_graph_from_file, Error: Error processing line: TimeTracking.get_lamport_times() missing 1 required positional argument: 'self'
2024-09-10 20:46:48,655 INFO [Thread-34032] Operation: add_vertex, Args: ('B',)
2024-09-10 20:46:48,655 INFO [Thread-34032] Operation: add_vertex, Result: (True, 1726019208.6559746)
2024-09-10 20:46:48,655 ERROR [Thread-34032] Operation: read_graph_from_file, Error: Error processing line: TimeTracking.get_lamport_times() missing 1 required positional argument: 'self'
2024-09-10 20:46:48,656 INFO [Thread-13524] Operation: add_vertex, Args: ('B',)
2024-09-10 20:46:48,656 INFO [Thread-13524] Operation: add_vertex, Result: (False, 1726019208.6569722)
2024-09-10 20:46:48,656 ERROR [Thread-13524] Operation: read_graph_from_file, Error: Error processing line: TimeTracking.get_lamport_times() missing 1 required positional argument: 'self'
2024-09-10 20:46:48,656 INFO [Thread-28804] Operation: add_vertex, Args: ('C',)
2024-09-10 20:46:48,657 INFO [Thread-28804] Operation: add_vertex, Result: (True, 1726019208.657954)
2024-09-10 20:46:48,657 ERROR [Thread-28804] Operation: read_graph_from_file, Error: Error processing line: TimeTracking.get_lamport_times() missing 1 required positional argument: 'self'
2024-09-10 20:46:48,657 INFO [Thread-22616] Operation: add_vertex, Args: ('C',)
2024-09-10 20:46:48,657 INFO [Thread-22616] Operation: add_vertex, Result: (False, 1726019208.657954)
2024-09-10 20:46:48,657 ERROR [Thread-22616] Operation: read_graph_from_file, Error: Error processing line: TimeTracking.get_lamport_times() missing 1 required positional argument: 'self'
2024-09-10 20:46:48,657 INFO [Thread-27740] Operation: add_vertex, Args: ('D',)
2024-09-10 20:46:48,658 INFO [Thread-27740] Operation: add_vertex, Result: (True, 1726019208.6589522)
2024-09-10 20:46:48,658 ERROR [Thread-27740] Operation: read_graph_from_file, Error: Error processing line: TimeTracking.get_lamport_times() missing 1 required positional argument: 'self'
2024-09-10 20:46:48,658 INFO [Thread-27984] Operation: add_vertex, Args: ('E',)
2024-09-10 20:46:48,658 INFO [Thread-27984] Operation: add_vertex, Result: (True, 1726019208.6589522)
2024-09-10 20:46:48,658 ERROR [Thread-27984] Operation: read_graph_from_file, Error: Error processing line: TimeTracking.get_lamport_times() missing 1 required positional argument: 'self'
2024-09-10 20:46:48,659 INFO [Thread-15168] Operation: add_vertex, Args: ('F',)
2024-09-10 20:46:48,659 INFO [Thread-15168] Operation: add_vertex, Result: (True, 1726019208.6599643)
2024-09-10 20:46:48,659 ERROR [Thread-15168] Operation: read_graph_from_file, Error: Error processing line: TimeTracking.get_lamport_times() missing 1 required positional argument: 'self'
2024-09-10 20:46:48,659 INFO [Thread-32872] Operation: add_vertex, Args: ('G',)
2024-09-10 20:46:48,659 INFO [Thread-32872] Operation: add_vertex, Result: (True, 1726019208.6599643)
2024-09-10 20:46:48,660 ERROR [Thread-32872] Operation: read_graph_from_file, Error: Error processing line: TimeTracking.get_lamport_times() missing 1 required positional argument: 'self'
2024-09-10 20:46:48,660 INFO [Thread-34032] Operation: add_vertex, Args: ('H',)
2024-09-10 20:46:48,660 INFO [Thread-34032] Operation: add_vertex, Result: (True, 1726019208.660971)
2024-09-10 20:46:48,660 ERROR [Thread-34032] Operation: read_graph_from_file, Error: Error processing line: TimeTracking.get_lamport_times() missing 1 required positional argument: 'self'
2024-09-10 20:46:48,661 INFO [Thread-13524] Operation: add_vertex, Args: ('I',)
2024-09-10 20:46:48,661 INFO [Thread-13524] Operation: add_vertex, Result: (True, 1726019208.661971)
2024-09-10 20:46:48,661 ERROR [Thread-13524] Operation: read_graph_from_file, Error: Error processing line: TimeTracking.get_lamport_times() missing 1 required positional argument: 'self'
2024-09-10 20:46:48,661 INFO [Thread-28804] Operation: add_vertex, Args: ('J',)
2024-09-10 20:46:48,661 INFO [Thread-28804] Operation: add_vertex, Result: (True, 1726019208.661971)
2024-09-10 20:46:48,662 ERROR [Thread-28804] Operation: read_graph_from_file, Error: Error processing line: TimeTracking.get_lamport_times() missing 1 required positional argument: 'self'
2024-09-10 20:46:48,662 INFO [Thread-22616] Operation: add_vertex, Args: ('K',)
2024-09-10 20:46:48,662 INFO [Thread-22616] Operation: add_vertex, Result: (True, 1726019208.6629715)
2024-09-10 20:46:48,662 ERROR [Thread-22616] Operation: read_graph_from_file, Error: Error processing line: TimeTracking.get_lamport_times() missing 1 required positional argument: 'self'
2024-09-10 20:46:48,662 INFO [Thread-27740] Operation: add_vertex, Args: ('L',)
2024-09-10 20:46:48,662 INFO [Thread-27740] Operation: add_vertex, Result: (True, 1726019208.6629715)
2024-09-10 20:46:48,663 ERROR [Thread-27740] Operation: read_graph_from_file, Error: Error processing line: TimeTracking.get_lamport_times() missing 1 required positional argument: 'self'
2024-09-10 20:46:48,663 INFO [Thread-27984] Operation: add_vertex, Args: ('M',)
2024-09-10 20:46:48,663 INFO [Thread-27984] Operation: add_vertex, Result: (True, 1726019208.6639528)
2024-09-10 20:46:48,663 ERROR [Thread-27984] Operation: read_graph_from_file, Error: Error processing line: TimeTracking.get_lamport_times() missing 1 required positional argument: 'self'
2024-09-10 20:46:48,663 INFO [Thread-15168] Operation: add_vertex, Args: ('N',)
2024-09-10 20:46:48,664 INFO [Thread-15168] Operation: add_vertex, Result: (True, 1726019208.6649525)
2024-09-10 20:46:48,664 ERROR [Thread-15168] Operation: read_graph_from_file, Error: Error processing line: TimeTracking.get_lamport_times() missing 1 required positional argument: 'self'
2024-09-10 20:46:48,664 INFO [Thread-32872] Operation: add_vertex, Args: ('O',)
2024-09-10 20:46:48,664 INFO [Thread-32872] Operation: add_vertex, Result: (True, 1726019208.6649525)
2024-09-10 20:46:48,664 ERROR [Thread-32872] Operation: read_graph_from_file, Error: Error processing line: TimeTracking.get_lamport_times() missing 1 required positional argument: 'self'
2024-09-10 20:46:48,665 INFO [Thread-34032] Operation: add_vertex, Args: ('P',)
2024-09-10 20:46:48,665 INFO [Thread-34032] Operation: add_vertex, Result: (True, 1726019208.6659718)
2024-09-10 20:46:48,665 ERROR [Thread-34032] Operation: read_graph_from_file, Error: Error processing line: TimeTracking.get_lamport_times() missing 1 required positional argument: 'self'
2024-09-10 20:46:48,665 INFO [Thread-13524] Operation: add_vertex, Args: ('A',)
2024-09-10 20:46:48,666 INFO [Thread-13524] Operation: add_vertex, Result: (False, 1726019208.666951)
2024-09-10 20:46:48,666 ERROR [Thread-13524] Operation: read_graph_from_file, Error: Error processing line: TimeTracking.get_lamport_times() missing 1 required positional argument: 'self'
2024-09-10 20:46:48,666 INFO [Thread-28804] Operation: add_vertex, Args: ('B',)
2024-09-10 20:46:48,666 INFO [Thread-28804] Operation: add_vertex, Result: (False, 1726019208.666951)
2024-09-10 20:46:48,666 ERROR [Thread-28804] Operation: read_graph_from_file, Error: Error processing line: TimeTracking.get_lamport_times() missing 1 required positional argument: 'self'
2024-09-10 20:46:48,666 INFO [Thread-22616] Operation: add_vertex, Args: ('C',)
2024-09-10 20:46:48,667 INFO [Thread-22616] Operation: add_vertex, Result: (False, 1726019208.6679537)
2024-09-10 20:46:48,667 ERROR [Thread-22616] Operation: read_graph_from_file, Error: Error processing line: TimeTracking.get_lamport_times() missing 1 required positional argument: 'self'
2024-09-10 20:46:48,667 INFO [Thread-27740] Operation: add_vertex, Args: ('D',)
2024-09-10 20:46:48,667 INFO [Thread-27740] Operation: add_vertex, Result: (False, 1726019208.6679537)
2024-09-10 20:46:48,667 ERROR [Thread-27740] Operation: read_graph_from_file, Error: Error processing line: TimeTracking.get_lamport_times() missing 1 required positional argument: 'self'
2024-09-10 20:46:48,668 INFO [Thread-27984] Operation: add_vertex, Args: ('E',)
2024-09-10 20:46:48,668 INFO [Thread-27984] Operation: add_vertex, Result: (False, 1726019208.668972)
2024-09-10 20:46:48,668 ERROR [Thread-27984] Operation: read_graph_from_file, Error: Error processing line: TimeTracking.get_lamport_times() missing 1 required positional argument: 'self'
2024-09-10 20:46:48,668 INFO [Thread-15168] Operation: add_vertex, Args: ('F',)
2024-09-10 20:46:48,669 INFO [Thread-15168] Operation: add_vertex, Result: (False, 1726019208.669954)
2024-09-10 20:46:48,669 ERROR [Thread-15168] Operation: read_graph_from_file, Error: Error processing line: TimeTracking.get_lamport_times() missing 1 required positional argument: 'self'
2024-09-10 20:46:48,669 INFO [Thread-32872] Operation: add_vertex, Args: ('G',)
2024-09-10 20:46:48,669 INFO [Thread-32872] Operation: add_vertex, Result: (False, 1726019208.669954)
2024-09-10 20:46:48,670 ERROR [Thread-32872] Operation: read_graph_from_file, Error: Error processing line: TimeTracking.get_lamport_times() missing 1 required positional argument: 'self'
2024-09-10 20:46:48,670 INFO [Thread-34032] Operation: add_vertex, Args: ('H',)
2024-09-10 20:46:48,670 INFO [Thread-34032] Operation: add_vertex, Result: (False, 1726019208.6709561)
2024-09-10 20:46:48,670 ERROR [Thread-34032] Operation: read_graph_from_file, Error: Error processing line: TimeTracking.get_lamport_times() missing 1 required positional argument: 'self'
2024-09-10 20:46:48,671 INFO [Thread-13524] Operation: add_vertex, Args: ('I',)
2024-09-10 20:46:48,671 INFO [Thread-13524] Operation: add_vertex, Result: (False, 1726019208.6719558)
2024-09-10 20:46:48,671 ERROR [Thread-13524] Operation: read_graph_from_file, Error: Error processing line: TimeTracking.get_lamport_times() missing 1 required positional argument: 'self'
2024-09-10 20:46:48,671 INFO [Thread-28804] Operation: add_vertex, Args: ('J',)
2024-09-10 20:46:48,672 INFO [Thread-28804] Operation: add_vertex, Result: (False, 1726019208.672951)
2024-09-10 20:46:48,672 ERROR [Thread-28804] Operation: read_graph_from_file, Error: Error processing line: TimeTracking.get_lamport_times() missing 1 required positional argument: 'self'
2024-09-10 20:46:48,672 INFO [Thread-22616] Operation: add_vertex, Args: ('K',)
2024-09-10 20:46:48,672 INFO [Thread-22616] Operation: add_vertex, Result: (False, 1726019208.672951)
2024-09-10 20:46:48,672 ERROR [Thread-22616] Operation: read_graph_from_file, Error: Error processing line: TimeTracking.get_lamport_times() missing 1 required positional argument: 'self'
2024-09-10 20:46:48,673 INFO [Thread-18676] Operation: get_all_vertices, Args: ()
2024-09-10 20:46:48,673 INFO [Thread-18676] Operation: get_all_vertices, Result: ({'G', 'K', 'N', 'I', 'M', 'E', 'P', 'L', 'H', 'A', 'O', 'C', 'J', 'B', 'F', 'D'}, 1726019208.6739562)
2024-09-10 20:46:48,673 ERROR [Thread-18676] Operation: read_graph_from_file, Error: Error reading file: 'GraphOperations' object has no attribute 'get_lamport_times'
