2024-09-17 21:00:39,055 INFO [Thread-6708] Operation: read_graph_from_file, Args: ('C:\\Users\\DSNRAJU\\OneDrive\\Desktop\\DOS\\lab00_1\\dosfa24lab00team06\\src\\..\\data\\sample_graph.txt',)
2024-09-17 21:00:39,073 INFO [Thread-22048] Operation: add_vertex, Args: ('A',)
2024-09-17 21:00:39,073 INFO [Thread-22048] Operation: add_vertex, Result: (True, 1726624839.0736723)
2024-09-17 21:00:39,075 INFO [Thread-22048] Operation: add_vertex, Args: ('B',)
2024-09-17 21:00:39,076 INFO [Thread-22048] Operation: add_vertex, Result: (True, 1726624839.0766728)
2024-09-17 21:00:39,079 INFO [Thread-22048] Operation: add_edge, Args: ('A', 'B')
2024-09-17 21:00:39,080 INFO [Thread-22048] Operation: add_edge, Result: (True, 1726624839.0806718)
2024-09-17 21:00:39,082 INFO [Thread-25240] Operation: add_vertex, Args: ('A',)
2024-09-17 21:00:39,082 INFO [Thread-25240] Operation: add_vertex, Result: (False, 1726624839.0826705)
2024-09-17 21:00:39,083 INFO [Thread-25240] Operation: add_vertex, Args: ('C',)
2024-09-17 21:00:39,084 INFO [Thread-25240] Operation: add_vertex, Result: (True, 1726624839.0846722)
2024-09-17 21:00:39,084 INFO [Thread-25240] Operation: add_edge, Args: ('A', 'C')
2024-09-17 21:00:39,085 INFO [Thread-25240] Operation: add_edge, Result: (True, 1726624839.0856714)
2024-09-17 21:00:39,086 INFO [Thread-12868] Operation: add_vertex, Args: ('B',)
2024-09-17 21:00:39,086 INFO [Thread-12868] Operation: add_vertex, Result: (False, 1726624839.0866752)
2024-09-17 21:00:39,087 INFO [Thread-12868] Operation: add_vertex, Args: ('D',)
2024-09-17 21:00:39,088 INFO [Thread-12868] Operation: add_vertex, Result: (True, 1726624839.0886762)
2024-09-17 21:00:39,089 INFO [Thread-12868] Operation: add_edge, Args: ('B', 'D')
2024-09-17 21:00:39,089 INFO [Thread-12868] Operation: add_edge, Result: (True, 1726624839.0896745)
2024-09-17 21:00:39,090 INFO [Thread-5764] Operation: add_vertex, Args: ('B',)
2024-09-17 21:00:39,091 INFO [Thread-5764] Operation: add_vertex, Result: (False, 1726624839.090674)
2024-09-17 21:00:39,091 INFO [Thread-5764] Operation: add_vertex, Args: ('E',)
2024-09-17 21:00:39,091 INFO [Thread-5764] Operation: add_vertex, Result: (True, 1726624839.0916746)
2024-09-17 21:00:39,092 INFO [Thread-5764] Operation: add_edge, Args: ('B', 'E')
2024-09-17 21:00:39,092 INFO [Thread-5764] Operation: add_edge, Result: (True, 1726624839.0926733)
2024-09-17 21:00:39,094 INFO [Thread-26628] Operation: add_vertex, Args: ('C',)
2024-09-17 21:00:39,094 INFO [Thread-26628] Operation: add_vertex, Result: (False, 1726624839.0946774)
2024-09-17 21:00:39,095 INFO [Thread-26628] Operation: add_vertex, Args: ('F',)
2024-09-17 21:00:39,095 INFO [Thread-26628] Operation: add_vertex, Result: (True, 1726624839.0956726)
2024-09-17 21:00:39,096 INFO [Thread-26628] Operation: add_edge, Args: ('C', 'F')
2024-09-17 21:00:39,096 INFO [Thread-26628] Operation: add_edge, Result: (True, 1726624839.0966733)
2024-09-17 21:00:39,097 INFO [Thread-20740] Operation: add_vertex, Args: ('C',)
2024-09-17 21:00:39,097 INFO [Thread-20740] Operation: add_vertex, Result: (False, 1726624839.0976734)
2024-09-17 21:00:39,099 INFO [Thread-20740] Operation: add_vertex, Args: ('G',)
2024-09-17 21:00:39,099 INFO [Thread-20740] Operation: add_vertex, Result: (True, 1726624839.0996733)
2024-09-17 21:00:39,100 INFO [Thread-20740] Operation: add_edge, Args: ('C', 'G')
2024-09-17 21:00:39,100 INFO [Thread-20740] Operation: add_edge, Result: (True, 1726624839.1006727)
2024-09-17 21:00:39,101 INFO [Thread-20740] Operation: add_vertex, Args: ('K',)
2024-09-17 21:00:39,101 INFO [Thread-20740] Operation: add_vertex, Result: (True, 1726624839.1016734)
2024-09-17 21:00:39,102 INFO [Thread-20740] Operation: add_vertex, Args: ('O',)
2024-09-17 21:00:39,102 INFO [Thread-20740] Operation: add_vertex, Result: (True, 1726624839.1026719)
2024-09-17 21:00:39,103 INFO [Thread-20740] Operation: add_edge, Args: ('K', 'O')
2024-09-17 21:00:39,103 INFO [Thread-20740] Operation: add_edge, Result: (True, 1726624839.1036725)
2024-09-17 21:00:39,104 INFO [Thread-9460] Operation: add_vertex, Args: ('E',)
2024-09-17 21:00:39,104 INFO [Thread-9460] Operation: add_vertex, Result: (False, 1726624839.1046722)
2024-09-17 21:00:39,105 INFO [Thread-9460] Operation: add_vertex, Args: ('I',)
2024-09-17 21:00:39,105 INFO [Thread-9460] Operation: add_vertex, Result: (True, 1726624839.1056747)
2024-09-17 21:00:39,106 INFO [Thread-9460] Operation: add_edge, Args: ('E', 'I')
2024-09-17 21:00:39,106 INFO [Thread-9460] Operation: add_edge, Result: (True, 1726624839.106674)
2024-09-17 21:00:39,107 INFO [Thread-22048] Operation: add_vertex, Args: ('F',)
2024-09-17 21:00:39,107 INFO [Thread-22048] Operation: add_vertex, Result: (False, 1726624839.107675)
2024-09-17 21:00:39,109 INFO [Thread-22048] Operation: add_vertex, Args: ('J',)
2024-09-17 21:00:39,109 INFO [Thread-22048] Operation: add_vertex, Result: (True, 1726624839.1096737)
2024-09-17 21:00:39,110 INFO [Thread-22048] Operation: add_edge, Args: ('F', 'J')
2024-09-17 21:00:39,110 INFO [Thread-22048] Operation: add_edge, Result: (True, 1726624839.1106772)
2024-09-17 21:00:39,112 INFO [Thread-25240] Operation: add_vertex, Args: ('G',)
2024-09-17 21:00:39,112 INFO [Thread-25240] Operation: add_vertex, Result: (False, 1726624839.112677)
2024-09-17 21:00:39,113 INFO [Thread-25240] Operation: add_vertex, Args: ('K',)
2024-09-17 21:00:39,113 INFO [Thread-25240] Operation: add_vertex, Result: (False, 1726624839.1136732)
2024-09-17 21:00:39,113 INFO [Thread-25240] Operation: add_edge, Args: ('G', 'K')
2024-09-17 21:00:39,114 INFO [Thread-25240] Operation: add_edge, Result: (True, 1726624839.1136732)
2024-09-17 21:00:39,114 INFO [Thread-12868] Operation: add_vertex, Args: ('H',)
2024-09-17 21:00:39,115 INFO [Thread-12868] Operation: add_vertex, Result: (True, 1726624839.1156754)
2024-09-17 21:00:39,116 INFO [Thread-12868] Operation: add_vertex, Args: ('L',)
2024-09-17 21:00:39,116 INFO [Thread-12868] Operation: add_vertex, Result: (True, 1726624839.1166773)
2024-09-17 21:00:39,117 INFO [Thread-12868] Operation: add_edge, Args: ('H', 'L')
2024-09-17 21:00:39,117 INFO [Thread-12868] Operation: add_edge, Result: (True, 1726624839.1176736)
2024-09-17 21:00:39,118 INFO [Thread-5764] Operation: add_vertex, Args: ('I',)
2024-09-17 21:00:39,118 INFO [Thread-5764] Operation: add_vertex, Result: (False, 1726624839.1186733)
2024-09-17 21:00:39,119 INFO [Thread-5764] Operation: add_vertex, Args: ('M',)
2024-09-17 21:00:39,119 INFO [Thread-5764] Operation: add_vertex, Result: (True, 1726624839.1196742)
2024-09-17 21:00:39,119 INFO [Thread-5764] Operation: add_edge, Args: ('I', 'M')
2024-09-17 21:00:39,119 INFO [Thread-5764] Operation: add_edge, Result: (True, 1726624839.1196742)
2024-09-17 21:00:39,120 INFO [Thread-26628] Operation: add_vertex, Args: ('J',)
2024-09-17 21:00:39,121 INFO [Thread-26628] Operation: add_vertex, Result: (False, 1726624839.120678)
2024-09-17 21:00:39,122 INFO [Thread-26628] Operation: add_vertex, Args: ('N',)
2024-09-17 21:00:39,122 INFO [Thread-26628] Operation: add_vertex, Result: (True, 1726624839.1226737)
2024-09-17 21:00:39,124 INFO [Thread-26628] Operation: add_edge, Args: ('J', 'N')
2024-09-17 21:00:39,124 INFO [Thread-26628] Operation: add_edge, Result: (True, 1726624839.1246738)
2024-09-17 21:00:39,125 INFO [Thread-11132] Operation: add_vertex, Args: ('D',)
2024-09-17 21:00:39,126 INFO [Thread-11132] Operation: add_vertex, Result: (False, 1726624839.125674)
2024-09-17 21:00:39,127 INFO [Thread-11132] Operation: add_vertex, Args: ('H',)
2024-09-17 21:00:39,127 INFO [Thread-11132] Operation: add_vertex, Result: (False, 1726624839.1276739)
2024-09-17 21:00:39,128 INFO [Thread-11132] Operation: add_edge, Args: ('D', 'H')
2024-09-17 21:00:39,128 INFO [Thread-11132] Operation: add_edge, Result: (True, 1726624839.1286807)
2024-09-17 21:00:39,129 INFO [Thread-20740] Operation: add_vertex, Args: ('L',)
2024-09-17 21:00:39,129 INFO [Thread-20740] Operation: add_vertex, Result: (False, 1726624839.12968)
2024-09-17 21:00:39,131 INFO [Thread-20740] Operation: add_vertex, Args: ('P',)
2024-09-17 21:00:39,131 INFO [Thread-20740] Operation: add_vertex, Result: (True, 1726624839.1316748)
2024-09-17 21:00:39,132 INFO [Thread-20740] Operation: add_edge, Args: ('L', 'P')
2024-09-17 21:00:39,132 INFO [Thread-20740] Operation: add_edge, Result: (True, 1726624839.1326792)
2024-09-17 21:00:39,133 INFO [Thread-20740] Operation: add_vertex, Args: ('D',)
2024-09-17 21:00:39,133 INFO [Thread-20740] Operation: add_vertex, Result: (False, 1726624839.1336758)
2024-09-17 21:00:39,186 INFO [Thread-20740] Operation: add_vertex, Args: ('J',)
2024-09-17 21:00:39,186 INFO [Thread-20740] Operation: add_vertex, Result: (False, 1726624839.186679)
2024-09-17 21:00:39,187 INFO [Thread-20740] Operation: add_edge, Args: ('D', 'J')
2024-09-17 21:00:39,187 INFO [Thread-20740] Operation: add_edge, Result: (True, 1726624839.187681)
2024-09-17 21:00:39,189 INFO [Thread-22048] Operation: add_vertex, Args: ('N',)
2024-09-17 21:00:39,189 INFO [Thread-22048] Operation: add_vertex, Result: (False, 1726624839.1896808)
2024-09-17 21:00:39,190 INFO [Thread-22048] Operation: add_vertex, Args: ('R',)
2024-09-17 21:00:39,190 INFO [Thread-22048] Operation: add_vertex, Result: (True, 1726624839.1906798)
2024-09-17 21:00:39,191 INFO [Thread-22048] Operation: add_edge, Args: ('N', 'R')
2024-09-17 21:00:39,191 INFO [Thread-22048] Operation: add_edge, Result: (True, 1726624839.19168)
2024-09-17 21:00:39,192 INFO [Thread-25240] Operation: add_vertex, Args: ('O',)
2024-09-17 21:00:39,193 INFO [Thread-25240] Operation: add_vertex, Result: (False, 1726624839.1936805)
2024-09-17 21:00:39,194 INFO [Thread-25240] Operation: add_vertex, Args: ('S',)
2024-09-17 21:00:39,194 INFO [Thread-25240] Operation: add_vertex, Result: (True, 1726624839.194681)
2024-09-17 21:00:39,196 INFO [Thread-25240] Operation: add_edge, Args: ('O', 'S')
2024-09-17 21:00:39,196 INFO [Thread-25240] Operation: add_edge, Result: (True, 1726624839.196681)
2024-09-17 21:00:39,197 INFO [Thread-12868] Operation: add_vertex, Args: ('P',)
2024-09-17 21:00:39,197 INFO [Thread-12868] Operation: add_vertex, Result: (False, 1726624839.1976812)
2024-09-17 21:00:39,199 INFO [Thread-12868] Operation: add_vertex, Args: ('T',)
2024-09-17 21:00:39,199 INFO [Thread-12868] Operation: add_vertex, Result: (True, 1726624839.199681)
2024-09-17 21:00:39,200 INFO [Thread-12868] Operation: add_edge, Args: ('P', 'T')
2024-09-17 21:00:39,201 INFO [Thread-12868] Operation: add_edge, Result: (True, 1726624839.20168)
2024-09-17 21:00:39,201 INFO [Thread-5764] Operation: add_vertex, Args: ('A',)
2024-09-17 21:00:39,202 INFO [Thread-5764] Operation: add_vertex, Result: (False, 1726624839.2026794)
2024-09-17 21:00:39,203 INFO [Thread-5764] Operation: add_vertex, Args: ('D',)
2024-09-17 21:00:39,203 INFO [Thread-5764] Operation: add_vertex, Result: (False, 1726624839.2036803)
2024-09-17 21:00:39,204 INFO [Thread-5764] Operation: add_edge, Args: ('A', 'D')
2024-09-17 21:00:39,204 INFO [Thread-5764] Operation: add_edge, Result: (True, 1726624839.20468)
2024-09-17 21:00:39,205 INFO [Thread-26628] Operation: add_vertex, Args: ('B',)
2024-09-17 21:00:39,205 INFO [Thread-26628] Operation: add_vertex, Result: (False, 1726624839.20568)
2024-09-17 21:00:39,206 INFO [Thread-26628] Operation: add_vertex, Args: ('F',)
2024-09-17 21:00:39,206 INFO [Thread-26628] Operation: add_vertex, Result: (False, 1726624839.2066808)
2024-09-17 21:00:39,207 INFO [Thread-26628] Operation: add_edge, Args: ('B', 'F')
2024-09-17 21:00:39,208 INFO [Thread-26628] Operation: add_edge, Result: (True, 1726624839.208681)
2024-09-17 21:00:39,209 INFO [Thread-26628] Operation: add_vertex, Args: ('J',)
2024-09-17 21:00:39,209 INFO [Thread-26628] Operation: add_vertex, Result: (False, 1726624839.2096806)
2024-09-17 21:00:39,212 INFO [Thread-26628] Operation: add_vertex, Args: ('P',)
2024-09-17 21:00:39,213 INFO [Thread-26628] Operation: add_vertex, Result: (False, 1726624839.212685)
2024-09-17 21:00:39,214 INFO [Thread-26628] Operation: add_edge, Args: ('J', 'P')
2024-09-17 21:00:39,214 INFO [Thread-26628] Operation: add_edge, Result: (True, 1726624839.2146852)
2024-09-17 21:00:39,215 INFO [Thread-26628] Operation: add_vertex, Args: ('K',)
2024-09-17 21:00:39,215 INFO [Thread-26628] Operation: add_vertex, Result: (False, 1726624839.2156816)
2024-09-17 21:00:39,217 INFO [Thread-26628] Operation: add_vertex, Args: ('Q',)
2024-09-17 21:00:39,217 INFO [Thread-26628] Operation: add_vertex, Result: (True, 1726624839.217682)
2024-09-17 21:00:39,218 INFO [Thread-26628] Operation: add_edge, Args: ('K', 'Q')
2024-09-17 21:00:39,218 INFO [Thread-26628] Operation: add_edge, Result: (True, 1726624839.218682)
2024-09-17 21:00:39,220 INFO [Thread-20740] Operation: add_vertex, Args: ('E',)
2024-09-17 21:00:39,220 INFO [Thread-20740] Operation: add_vertex, Result: (False, 1726624839.220683)
2024-09-17 21:00:39,221 INFO [Thread-20740] Operation: add_vertex, Args: ('K',)
2024-09-17 21:00:39,222 INFO [Thread-20740] Operation: add_vertex, Result: (False, 1726624839.222684)
2024-09-17 21:00:39,223 INFO [Thread-20740] Operation: add_edge, Args: ('E', 'K')
2024-09-17 21:00:39,224 INFO [Thread-20740] Operation: add_edge, Result: (True, 1726624839.224684)
2024-09-17 21:00:39,225 INFO [Thread-22048] Operation: add_vertex, Args: ('F',)
2024-09-17 21:00:39,225 INFO [Thread-22048] Operation: add_vertex, Result: (False, 1726624839.225685)
2024-09-17 21:00:39,226 INFO [Thread-22048] Operation: add_vertex, Args: ('L',)
2024-09-17 21:00:39,226 INFO [Thread-22048] Operation: add_vertex, Result: (False, 1726624839.2266827)
2024-09-17 21:00:39,227 INFO [Thread-22048] Operation: add_edge, Args: ('F', 'L')
2024-09-17 21:00:39,228 INFO [Thread-22048] Operation: add_edge, Result: (True, 1726624839.2286837)
2024-09-17 21:00:39,229 INFO [Thread-25240] Operation: add_vertex, Args: ('G',)
2024-09-17 21:00:39,229 INFO [Thread-25240] Operation: add_vertex, Result: (False, 1726624839.2296848)
2024-09-17 21:00:39,230 INFO [Thread-25240] Operation: add_vertex, Args: ('M',)
2024-09-17 21:00:39,230 INFO [Thread-25240] Operation: add_vertex, Result: (False, 1726624839.2306826)
2024-09-17 21:00:39,231 INFO [Thread-25240] Operation: add_edge, Args: ('G', 'M')
2024-09-17 21:00:39,231 INFO [Thread-25240] Operation: add_edge, Result: (True, 1726624839.2316837)
2024-09-17 21:00:39,232 INFO [Thread-12868] Operation: add_vertex, Args: ('H',)
2024-09-17 21:00:39,232 INFO [Thread-12868] Operation: add_vertex, Result: (False, 1726624839.2326834)
2024-09-17 21:00:39,233 INFO [Thread-12868] Operation: add_vertex, Args: ('N',)
2024-09-17 21:00:39,233 INFO [Thread-12868] Operation: add_vertex, Result: (False, 1726624839.2336824)
2024-09-17 21:00:39,233 INFO [Thread-12868] Operation: add_edge, Args: ('H', 'N')
2024-09-17 21:00:39,234 INFO [Thread-12868] Operation: add_edge, Result: (True, 1726624839.2346845)
2024-09-17 21:00:39,234 INFO [Thread-5764] Operation: add_vertex, Args: ('I',)
2024-09-17 21:00:39,234 INFO [Thread-5764] Operation: add_vertex, Result: (False, 1726624839.2346845)
2024-09-17 21:00:39,235 INFO [Thread-5764] Operation: add_vertex, Args: ('O',)
2024-09-17 21:00:39,236 INFO [Thread-5764] Operation: add_vertex, Result: (False, 1726624839.2366827)
2024-09-17 21:00:39,236 INFO [Thread-5764] Operation: add_edge, Args: ('I', 'O')
2024-09-17 21:00:39,237 INFO [Thread-5764] Operation: add_edge, Result: (True, 1726624839.237684)
2024-09-17 21:00:39,238 INFO [Thread-11132] Operation: add_vertex, Args: ('C',)
2024-09-17 21:00:39,238 INFO [Thread-11132] Operation: add_vertex, Result: (False, 1726624839.2386851)
2024-09-17 21:00:39,239 INFO [Thread-11132] Operation: add_vertex, Args: ('H',)
2024-09-17 21:00:39,239 INFO [Thread-11132] Operation: add_vertex, Result: (False, 1726624839.2396834)
2024-09-17 21:00:39,240 INFO [Thread-11132] Operation: add_edge, Args: ('C', 'H')
2024-09-17 21:00:39,240 INFO [Thread-11132] Operation: add_edge, Result: (True, 1726624839.2406816)
2024-09-17 21:00:39,241 INFO [Thread-9460] Operation: add_vertex, Args: ('M',)
2024-09-17 21:00:39,241 INFO [Thread-9460] Operation: add_vertex, Result: (False, 1726624839.2416825)
2024-09-17 21:00:39,242 INFO [Thread-9460] Operation: add_vertex, Args: ('Q',)
2024-09-17 21:00:39,242 INFO [Thread-9460] Operation: add_vertex, Result: (False, 1726624839.2426846)
2024-09-17 21:00:39,243 INFO [Thread-9460] Operation: add_edge, Args: ('M', 'Q')
2024-09-17 21:00:39,243 INFO [Thread-9460] Operation: add_edge, Result: (True, 1726624839.243685)
2024-09-17 21:00:39,244 INFO [Thread-6708] Operation: get_all_vertices, Args: ()
2024-09-17 21:00:39,244 INFO [Thread-6708] Operation: get_all_vertices, Result: ({'G', 'O', 'T', 'L', 'E', 'B', 'I', 'A', 'P', 'S', 'M', 'N', 'R', 'Q', 'C', 'H', 'K', 'D', 'J', 'F'}, 1726624839.2446854)
2024-09-17 21:00:39,245 INFO [Thread-6708] Operation: read_graph_from_file, Result: Graph created with 20 vertices
