2024-09-10 12:15:09,386 INFO [Thread-140684336713728] Operation: read_graph_from_file, Args: ('/mnt/c/Users/cmcor/Documents/CS4113/dosfa24lab00team06/src/../data/sample_graph.txt',)
2024-09-10 12:15:09,397 INFO [Thread-140683785340480] Operation: add_vertex, Args: ('A',)
2024-09-10 12:15:09,398 INFO [Thread-140683785340480] Operation: add_vertex, Result: (True, 1725988509.3987863)
2024-09-10 12:15:09,399 INFO [Thread-140683785340480] Operation: add_vertex, Args: ('B',)
2024-09-10 12:15:09,400 INFO [Thread-140683785340480] Operation: add_vertex, Result: (True, 1725988509.4001055)
2024-09-10 12:15:09,401 INFO [Thread-140683785340480] Operation: add_edge, Args: ('A', 'B')
2024-09-10 12:15:09,401 INFO [Thread-140683785340480] Operation: add_edge, Result: (True, 1725988509.401675)
2024-09-10 12:15:09,402 INFO [Thread-140683785340480] Operation: add_vertex, Args: ('F',)
2024-09-10 12:15:09,402 INFO [Thread-140683785340480] Operation: add_vertex, Result: (True, 1725988509.4028718)
2024-09-10 12:15:09,403 INFO [Thread-140683785340480] Operation: add_vertex, Args: ('J',)
2024-09-10 12:15:09,403 INFO [Thread-140683785340480] Operation: add_vertex, Result: (True, 1725988509.403645)
2024-09-10 12:15:09,404 INFO [Thread-140683785340480] Operation: add_edge, Args: ('F', 'J')
2024-09-10 12:15:09,404 INFO [Thread-140683785340480] Operation: add_edge, Result: (True, 1725988509.4045506)
2024-09-10 12:15:09,405 INFO [Thread-140683785340480] Operation: add_vertex, Args: ('G',)
2024-09-10 12:15:09,405 INFO [Thread-140683785340480] Operation: add_vertex, Result: (True, 1725988509.4053953)
2024-09-10 12:15:09,405 INFO [Thread-140683785340480] Operation: add_vertex, Args: ('K',)
2024-09-10 12:15:09,406 INFO [Thread-140683785340480] Operation: add_vertex, Result: (True, 1725988509.4060931)
2024-09-10 12:15:09,406 INFO [Thread-140683785340480] Operation: add_edge, Args: ('G', 'K')
2024-09-10 12:15:09,406 INFO [Thread-140683785340480] Operation: add_edge, Result: (True, 1725988509.4066737)
2024-09-10 12:15:09,407 INFO [Thread-140683785340480] Operation: add_vertex, Args: ('H',)
2024-09-10 12:15:09,407 INFO [Thread-140683785340480] Operation: add_vertex, Result: (True, 1725988509.407289)
2024-09-10 12:15:09,407 INFO [Thread-140683785340480] Operation: add_vertex, Args: ('L',)
2024-09-10 12:15:09,407 INFO [Thread-140683785340480] Operation: add_vertex, Result: (True, 1725988509.407781)
2024-09-10 12:15:09,408 INFO [Thread-140683785340480] Operation: add_edge, Args: ('H', 'L')
2024-09-10 12:15:09,408 INFO [Thread-140683785340480] Operation: add_edge, Result: (True, 1725988509.4083312)
2024-09-10 12:15:09,408 INFO [Thread-140683785340480] Operation: add_vertex, Args: ('I',)
2024-09-10 12:15:09,408 INFO [Thread-140683785340480] Operation: add_vertex, Result: (True, 1725988509.408979)
2024-09-10 12:15:09,409 INFO [Thread-140683785340480] Operation: add_vertex, Args: ('M',)
2024-09-10 12:15:09,409 INFO [Thread-140683785340480] Operation: add_vertex, Result: (True, 1725988509.4095101)
2024-09-10 12:15:09,409 INFO [Thread-140683785340480] Operation: add_edge, Args: ('I', 'M')
2024-09-10 12:15:09,410 INFO [Thread-140683785340480] Operation: add_edge, Result: (True, 1725988509.410025)
2024-09-10 12:15:09,410 INFO [Thread-140683785340480] Operation: add_vertex, Args: ('J',)
2024-09-10 12:15:09,410 INFO [Thread-140683785340480] Operation: add_vertex, Result: (False, 1725988509.4107852)
2024-09-10 12:15:09,411 INFO [Thread-140683785340480] Operation: add_vertex, Args: ('N',)
2024-09-10 12:15:09,411 INFO [Thread-140683785340480] Operation: add_vertex, Result: (True, 1725988509.4116404)
2024-09-10 12:15:09,412 INFO [Thread-140683785340480] Operation: add_edge, Args: ('J', 'N')
2024-09-10 12:15:09,412 INFO [Thread-140683785340480] Operation: add_edge, Result: (True, 1725988509.412383)
2024-09-10 12:15:09,412 INFO [Thread-140683785340480] Operation: add_vertex, Args: ('K',)
2024-09-10 12:15:09,413 INFO [Thread-140683785340480] Operation: add_vertex, Result: (False, 1725988509.413137)
2024-09-10 12:15:09,413 INFO [Thread-140683785340480] Operation: add_vertex, Args: ('O',)
2024-09-10 12:15:09,414 INFO [Thread-140683785340480] Operation: add_vertex, Result: (True, 1725988509.4140236)
2024-09-10 12:15:09,414 INFO [Thread-140683785340480] Operation: add_edge, Args: ('K', 'O')
2024-09-10 12:15:09,414 INFO [Thread-140683785340480] Operation: add_edge, Result: (True, 1725988509.4148116)
2024-09-10 12:15:09,415 INFO [Thread-140683785340480] Operation: add_vertex, Args: ('L',)
2024-09-10 12:15:09,415 INFO [Thread-140683785340480] Operation: add_vertex, Result: (False, 1725988509.4155362)
2024-09-10 12:15:09,415 INFO [Thread-140683785340480] Operation: add_vertex, Args: ('P',)
2024-09-10 12:15:09,416 INFO [Thread-140683785340480] Operation: add_vertex, Result: (True, 1725988509.4162145)
2024-09-10 12:15:09,416 INFO [Thread-140683785340480] Operation: add_edge, Args: ('L', 'P')
2024-09-10 12:15:09,416 INFO [Thread-140683785340480] Operation: add_edge, Result: (True, 1725988509.416827)
2024-09-10 12:15:09,417 INFO [Thread-140683785340480] Operation: add_vertex, Args: ('M',)
2024-09-10 12:15:09,417 INFO [Thread-140683785340480] Operation: add_vertex, Result: (False, 1725988509.4175136)
2024-09-10 12:15:09,417 INFO [Thread-140683785340480] Operation: add_vertex, Args: ('Q',)
2024-09-10 12:15:09,418 INFO [Thread-140683785340480] Operation: add_vertex, Result: (True, 1725988509.418121)
2024-09-10 12:15:09,418 INFO [Thread-140683785340480] Operation: add_edge, Args: ('M', 'Q')
2024-09-10 12:15:09,418 INFO [Thread-140683785340480] Operation: add_edge, Result: (True, 1725988509.4187393)
2024-09-10 12:15:09,419 INFO [Thread-140683785340480] Operation: add_vertex, Args: ('N',)
2024-09-10 12:15:09,419 INFO [Thread-140683785340480] Operation: add_vertex, Result: (False, 1725988509.4193218)
2024-09-10 12:15:09,419 INFO [Thread-140683785340480] Operation: add_vertex, Args: ('R',)
2024-09-10 12:15:09,419 INFO [Thread-140683785340480] Operation: add_vertex, Result: (True, 1725988509.4198089)
2024-09-10 12:15:09,420 INFO [Thread-140683785340480] Operation: add_edge, Args: ('N', 'R')
2024-09-10 12:15:09,420 INFO [Thread-140683785340480] Operation: add_edge, Result: (True, 1725988509.4202914)
2024-09-10 12:15:09,420 INFO [Thread-140683760162368] Operation: add_vertex, Args: ('B',)
2024-09-10 12:15:09,420 INFO [Thread-140683760162368] Operation: add_vertex, Result: (False, 1725988509.4208965)
2024-09-10 12:15:09,421 INFO [Thread-140683760162368] Operation: add_vertex, Args: ('E',)
2024-09-10 12:15:09,421 INFO [Thread-140683760162368] Operation: add_vertex, Result: (True, 1725988509.4216104)
2024-09-10 12:15:09,421 INFO [Thread-140683760162368] Operation: add_edge, Args: ('B', 'E')
2024-09-10 12:15:09,422 INFO [Thread-140683760162368] Operation: add_edge, Result: (True, 1725988509.4221098)
2024-09-10 12:15:09,422 INFO [Thread-140683760162368] Operation: add_vertex, Args: ('P',)
2024-09-10 12:15:09,422 INFO [Thread-140683760162368] Operation: add_vertex, Result: (False, 1725988509.4227083)
2024-09-10 12:15:09,422 INFO [Thread-140683760162368] Operation: add_vertex, Args: ('T',)
2024-09-10 12:15:09,423 INFO [Thread-140683760162368] Operation: add_vertex, Result: (True, 1725988509.4230385)
2024-09-10 12:15:09,423 INFO [Thread-140683760162368] Operation: add_edge, Args: ('P', 'T')
2024-09-10 12:15:09,423 INFO [Thread-140683760162368] Operation: add_edge, Result: (True, 1725988509.4233675)
2024-09-10 12:15:09,423 INFO [Thread-140683760162368] Operation: add_vertex, Args: ('A',)
2024-09-10 12:15:09,423 INFO [Thread-140683760162368] Operation: add_vertex, Result: (False, 1725988509.42376)
2024-09-10 12:15:09,423 INFO [Thread-140683760162368] Operation: add_vertex, Args: ('D',)
2024-09-10 12:15:09,424 INFO [Thread-140683760162368] Operation: add_vertex, Result: (True, 1725988509.4240742)
2024-09-10 12:15:09,424 INFO [Thread-140683760162368] Operation: add_edge, Args: ('A', 'D')
2024-09-10 12:15:09,424 INFO [Thread-140683760162368] Operation: add_edge, Result: (True, 1725988509.4245276)
2024-09-10 12:15:09,424 INFO [Thread-140683760162368] Operation: add_vertex, Args: ('B',)
2024-09-10 12:15:09,424 INFO [Thread-140683760162368] Operation: add_vertex, Result: (False, 1725988509.4248884)
2024-09-10 12:15:09,425 INFO [Thread-140683760162368] Operation: add_vertex, Args: ('F',)
2024-09-10 12:15:09,425 INFO [Thread-140683760162368] Operation: add_vertex, Result: (False, 1725988509.4252667)
2024-09-10 12:15:09,425 INFO [Thread-140683760162368] Operation: add_edge, Args: ('B', 'F')
2024-09-10 12:15:09,425 INFO [Thread-140683760162368] Operation: add_edge, Result: (True, 1725988509.4256542)
2024-09-10 12:15:09,425 INFO [Thread-140683390215744] Operation: add_vertex, Args: ('E',)
2024-09-10 12:15:09,426 INFO [Thread-140683390215744] Operation: add_vertex, Result: (False, 1725988509.4261274)
2024-09-10 12:15:09,426 INFO [Thread-140683390215744] Operation: add_vertex, Args: ('I',)
2024-09-10 12:15:09,426 INFO [Thread-140683390215744] Operation: add_vertex, Result: (False, 1725988509.4266477)
2024-09-10 12:15:09,426 INFO [Thread-140683390215744] Operation: add_edge, Args: ('E', 'I')
2024-09-10 12:15:09,426 INFO [Thread-140683390215744] Operation: add_edge, Result: (True, 1725988509.4269812)
2024-09-10 12:15:09,427 INFO [Thread-140683776947776] Operation: add_vertex, Args: ('A',)
2024-09-10 12:15:09,427 INFO [Thread-140683776947776] Operation: add_vertex, Result: (False, 1725988509.427547)
2024-09-10 12:15:09,427 INFO [Thread-140683776947776] Operation: add_vertex, Args: ('C',)
2024-09-10 12:15:09,428 INFO [Thread-140683776947776] Operation: add_vertex, Result: (True, 1725988509.4280522)
2024-09-10 12:15:09,428 INFO [Thread-140683776947776] Operation: add_edge, Args: ('A', 'C')
2024-09-10 12:15:09,428 INFO [Thread-140683776947776] Operation: add_edge, Result: (True, 1725988509.4288316)
2024-09-10 12:15:09,429 INFO [Thread-140683768555072] Operation: add_vertex, Args: ('B',)
2024-09-10 12:15:09,429 INFO [Thread-140683768555072] Operation: add_vertex, Result: (False, 1725988509.4297547)
2024-09-10 12:15:09,430 INFO [Thread-140683768555072] Operation: add_vertex, Args: ('D',)
2024-09-10 12:15:09,430 INFO [Thread-140683768555072] Operation: add_vertex, Result: (False, 1725988509.4305012)
2024-09-10 12:15:09,430 INFO [Thread-140683768555072] Operation: add_edge, Args: ('B', 'D')
2024-09-10 12:15:09,431 INFO [Thread-140683768555072] Operation: add_edge, Result: (True, 1725988509.431243)
2024-09-10 12:15:09,431 INFO [Thread-140683785340480] Operation: add_vertex, Args: ('O',)
2024-09-10 12:15:09,432 INFO [Thread-140683785340480] Operation: add_vertex, Result: (False, 1725988509.4320066)
2024-09-10 12:15:09,432 INFO [Thread-140683785340480] Operation: add_vertex, Args: ('S',)
2024-09-10 12:15:09,432 INFO [Thread-140683785340480] Operation: add_vertex, Result: (True, 1725988509.4325619)
2024-09-10 12:15:09,432 INFO [Thread-140683785340480] Operation: add_edge, Args: ('O', 'S')
2024-09-10 12:15:09,433 INFO [Thread-140683785340480] Operation: add_edge, Result: (True, 1725988509.4330678)
2024-09-10 12:15:09,433 INFO [Thread-140683785340480] Operation: add_vertex, Args: ('G',)
2024-09-10 12:15:09,433 INFO [Thread-140683785340480] Operation: add_vertex, Result: (False, 1725988509.4336526)
2024-09-10 12:15:09,433 INFO [Thread-140683785340480] Operation: add_vertex, Args: ('M',)
2024-09-10 12:15:09,434 INFO [Thread-140683785340480] Operation: add_vertex, Result: (False, 1725988509.4340959)
2024-09-10 12:15:09,434 INFO [Thread-140683785340480] Operation: add_edge, Args: ('G', 'M')
2024-09-10 12:15:09,434 INFO [Thread-140683785340480] Operation: add_edge, Result: (True, 1725988509.4345615)
2024-09-10 12:15:09,434 INFO [Thread-140683785340480] Operation: add_vertex, Args: ('H',)
2024-09-10 12:15:09,435 INFO [Thread-140683785340480] Operation: add_vertex, Result: (False, 1725988509.4349957)
2024-09-10 12:15:09,435 INFO [Thread-140683785340480] Operation: add_vertex, Args: ('N',)
2024-09-10 12:15:09,435 INFO [Thread-140683785340480] Operation: add_vertex, Result: (False, 1725988509.4353204)
2024-09-10 12:15:09,435 INFO [Thread-140683785340480] Operation: add_edge, Args: ('H', 'N')
2024-09-10 12:15:09,435 INFO [Thread-140683785340480] Operation: add_edge, Result: (True, 1725988509.4356346)
2024-09-10 12:15:09,435 INFO [Thread-140683785340480] Operation: add_vertex, Args: ('I',)
2024-09-10 12:15:09,436 INFO [Thread-140683785340480] Operation: add_vertex, Result: (False, 1725988509.436032)
2024-09-10 12:15:09,436 INFO [Thread-140683785340480] Operation: add_vertex, Args: ('O',)
2024-09-10 12:15:09,436 INFO [Thread-140683785340480] Operation: add_vertex, Result: (False, 1725988509.436349)
2024-09-10 12:15:09,436 INFO [Thread-140683785340480] Operation: add_edge, Args: ('I', 'O')
2024-09-10 12:15:09,436 INFO [Thread-140683785340480] Operation: add_edge, Result: (True, 1725988509.4366612)
2024-09-10 12:15:09,436 INFO [Thread-140683760162368] Operation: add_vertex, Args: ('C',)
2024-09-10 12:15:09,437 INFO [Thread-140683760162368] Operation: add_vertex, Result: (False, 1725988509.4370198)
2024-09-10 12:15:09,437 INFO [Thread-140683760162368] Operation: add_vertex, Args: ('H',)
2024-09-10 12:15:09,437 INFO [Thread-140683760162368] Operation: add_vertex, Result: (False, 1725988509.437298)
2024-09-10 12:15:09,437 INFO [Thread-140683760162368] Operation: add_edge, Args: ('C', 'H')
2024-09-10 12:15:09,437 INFO [Thread-140683760162368] Operation: add_edge, Result: (True, 1725988509.4375782)
2024-09-10 12:15:09,437 INFO [Thread-140683390215744] Operation: add_vertex, Args: ('D',)
2024-09-10 12:15:09,437 INFO [Thread-140683390215744] Operation: add_vertex, Result: (False, 1725988509.4379518)
2024-09-10 12:15:09,438 INFO [Thread-140683390215744] Operation: add_vertex, Args: ('J',)
2024-09-10 12:15:09,438 INFO [Thread-140683390215744] Operation: add_vertex, Result: (False, 1725988509.4382758)
2024-09-10 12:15:09,438 INFO [Thread-140683390215744] Operation: add_edge, Args: ('D', 'J')
2024-09-10 12:15:09,438 INFO [Thread-140683390215744] Operation: add_edge, Result: (True, 1725988509.4385843)
2024-09-10 12:15:09,438 INFO [Thread-140683776947776] Operation: add_vertex, Args: ('E',)
2024-09-10 12:15:09,439 INFO [Thread-140683776947776] Operation: add_vertex, Result: (False, 1725988509.4390042)
2024-09-10 12:15:09,439 INFO [Thread-140683776947776] Operation: add_vertex, Args: ('K',)
2024-09-10 12:15:09,439 INFO [Thread-140683776947776] Operation: add_vertex, Result: (False, 1725988509.4393175)
2024-09-10 12:15:09,439 INFO [Thread-140683776947776] Operation: add_edge, Args: ('E', 'K')
2024-09-10 12:15:09,439 INFO [Thread-140683776947776] Operation: add_edge, Result: (True, 1725988509.4397821)
2024-09-10 12:15:09,440 INFO [Thread-140683768555072] Operation: add_vertex, Args: ('F',)
2024-09-10 12:15:09,440 INFO [Thread-140683768555072] Operation: add_vertex, Result: (False, 1725988509.4404285)
2024-09-10 12:15:09,440 INFO [Thread-140683768555072] Operation: add_vertex, Args: ('L',)
2024-09-10 12:15:09,441 INFO [Thread-140683768555072] Operation: add_vertex, Result: (False, 1725988509.441105)
2024-09-10 12:15:09,441 INFO [Thread-140683768555072] Operation: add_edge, Args: ('F', 'L')
2024-09-10 12:15:09,441 INFO [Thread-140683768555072] Operation: add_edge, Result: (True, 1725988509.4416046)
2024-09-10 12:15:09,441 INFO [Thread-140683751769664] Operation: add_vertex, Args: ('C',)
2024-09-10 12:15:09,442 INFO [Thread-140683751769664] Operation: add_vertex, Result: (False, 1725988509.4422886)
2024-09-10 12:15:09,442 INFO [Thread-140683751769664] Operation: add_vertex, Args: ('F',)
2024-09-10 12:15:09,443 INFO [Thread-140683751769664] Operation: add_vertex, Result: (False, 1725988509.4429958)
2024-09-10 12:15:09,443 INFO [Thread-140683751769664] Operation: add_edge, Args: ('C', 'F')
2024-09-10 12:15:09,443 INFO [Thread-140683751769664] Operation: add_edge, Result: (True, 1725988509.443717)
2024-09-10 12:15:09,444 INFO [Thread-140683743376960] Operation: add_vertex, Args: ('C',)
2024-09-10 12:15:09,444 INFO [Thread-140683743376960] Operation: add_vertex, Result: (False, 1725988509.4445224)
2024-09-10 12:15:09,444 INFO [Thread-140683743376960] Operation: add_vertex, Args: ('G',)
2024-09-10 12:15:09,445 INFO [Thread-140683743376960] Operation: add_vertex, Result: (False, 1725988509.4452415)
2024-09-10 12:15:09,445 INFO [Thread-140683743376960] Operation: add_edge, Args: ('C', 'G')
2024-09-10 12:15:09,446 INFO [Thread-140683743376960] Operation: add_edge, Result: (True, 1725988509.4463112)
2024-09-10 12:15:09,446 INFO [Thread-140683398608448] Operation: add_vertex, Args: ('D',)
2024-09-10 12:15:09,447 INFO [Thread-140683398608448] Operation: add_vertex, Result: (False, 1725988509.447072)
2024-09-10 12:15:09,447 INFO [Thread-140683398608448] Operation: add_vertex, Args: ('H',)
2024-09-10 12:15:09,447 INFO [Thread-140683398608448] Operation: add_vertex, Result: (False, 1725988509.4474201)
2024-09-10 12:15:09,447 INFO [Thread-140683398608448] Operation: add_edge, Args: ('D', 'H')
2024-09-10 12:15:09,447 INFO [Thread-140683398608448] Operation: add_edge, Result: (True, 1725988509.4477324)
2024-09-10 12:15:09,447 INFO [Thread-140683785340480] Operation: add_vertex, Args: ('J',)
2024-09-10 12:15:09,448 INFO [Thread-140683785340480] Operation: add_vertex, Result: (False, 1725988509.448188)
2024-09-10 12:15:09,448 INFO [Thread-140683785340480] Operation: add_vertex, Args: ('P',)
2024-09-10 12:15:09,448 INFO [Thread-140683785340480] Operation: add_vertex, Result: (False, 1725988509.4485545)
2024-09-10 12:15:09,448 INFO [Thread-140683785340480] Operation: add_edge, Args: ('J', 'P')
2024-09-10 12:15:09,448 INFO [Thread-140683785340480] Operation: add_edge, Result: (True, 1725988509.448898)
2024-09-10 12:15:09,449 INFO [Thread-140683760162368] Operation: add_vertex, Args: ('K',)
2024-09-10 12:15:09,449 INFO [Thread-140683760162368] Operation: add_vertex, Result: (False, 1725988509.449401)
2024-09-10 12:15:09,449 INFO [Thread-140683760162368] Operation: add_vertex, Args: ('Q',)
2024-09-10 12:15:09,449 INFO [Thread-140683760162368] Operation: add_vertex, Result: (False, 1725988509.4497514)
2024-09-10 12:15:09,449 INFO [Thread-140683760162368] Operation: add_edge, Args: ('K', 'Q')
2024-09-10 12:15:09,450 INFO [Thread-140683760162368] Operation: add_edge, Result: (True, 1725988509.450033)
2024-09-10 12:15:09,450 INFO [Thread-140684336713728] Operation: get_all_vertices, Args: ()
2024-09-10 12:15:09,450 INFO [Thread-140684336713728] Operation: get_all_vertices, Result: ({'P', 'R', 'K', 'E', 'C', 'T', 'D', 'B', 'L', 'Q', 'J', 'G', 'F', 'S', 'H', 'N', 'M', 'A', 'I', 'O'}, 1725988509.4504962)
2024-09-10 12:15:09,450 INFO [Thread-140684336713728] Operation: read_graph_from_file, Result: Graph created with 20 vertices
2024-09-10 12:15:19,887 INFO [Thread-140683760162368] Operation: has_vertex, Args: ('A',)
2024-09-10 12:15:19,888 INFO [Thread-140683760162368] Operation: has_vertex, Result: (True, 1725988519.8881207)
