2024-09-09 20:24:12,497 INFO [Thread-140060323086336] Operation: read_graph_from_file, Args: ('/mnt/c/Users/cmcor/OneDrive/Documents/CS4113/dosfa24lab00team06/src/../data/sample_graph.txt',)
2024-09-09 20:24:12,501 INFO [Thread-140059771663936] Operation: add_vertex, Args: ('A',)
2024-09-09 20:24:12,502 INFO [Thread-140059771663936] Operation: add_vertex, Result: (True, 1725931452.502013)
2024-09-09 20:24:12,502 INFO [Thread-140059771663936] Operation: add_vertex, Args: ('B',)
2024-09-09 20:24:12,502 INFO [Thread-140059771663936] Operation: add_vertex, Result: (True, 1725931452.5028026)
2024-09-09 20:24:12,503 INFO [Thread-140059771663936] Operation: add_edge, Args: ('A', 'B')
2024-09-09 20:24:12,503 INFO [Thread-140059771663936] Operation: add_edge, Result: (True, 1725931452.5038083)
2024-09-09 20:24:12,504 INFO [Thread-140059688826432] Operation: add_vertex, Args: ('A',)
2024-09-09 20:24:12,504 INFO [Thread-140059688826432] Operation: add_vertex, Result: (False, 1725931452.504687)
2024-09-09 20:24:12,504 INFO [Thread-140059688826432] Operation: add_vertex, Args: ('C',)
2024-09-09 20:24:12,505 INFO [Thread-140059688826432] Operation: add_vertex, Result: (True, 1725931452.5050416)
2024-09-09 20:24:12,505 INFO [Thread-140059688826432] Operation: add_edge, Args: ('A', 'C')
2024-09-09 20:24:12,505 INFO [Thread-140059688826432] Operation: add_edge, Result: (True, 1725931452.5053978)
2024-09-09 20:24:12,505 INFO [Thread-140059680433728] Operation: add_vertex, Args: ('B',)
2024-09-09 20:24:12,505 INFO [Thread-140059680433728] Operation: add_vertex, Result: (False, 1725931452.5059135)
2024-09-09 20:24:12,506 INFO [Thread-140059680433728] Operation: add_vertex, Args: ('D',)
2024-09-09 20:24:12,506 INFO [Thread-140059680433728] Operation: add_vertex, Result: (True, 1725931452.5062945)
2024-09-09 20:24:12,506 INFO [Thread-140059680433728] Operation: add_edge, Args: ('B', 'D')
2024-09-09 20:24:12,506 INFO [Thread-140059680433728] Operation: add_edge, Result: (True, 1725931452.5067444)
2024-09-09 20:24:12,506 INFO [Thread-140059672041024] Operation: add_vertex, Args: ('B',)
2024-09-09 20:24:12,507 INFO [Thread-140059672041024] Operation: add_vertex, Result: (False, 1725931452.507145)
2024-09-09 20:24:12,507 INFO [Thread-140059672041024] Operation: add_vertex, Args: ('E',)
2024-09-09 20:24:12,507 INFO [Thread-140059672041024] Operation: add_vertex, Result: (True, 1725931452.5074568)
2024-09-09 20:24:12,507 INFO [Thread-140059672041024] Operation: add_edge, Args: ('B', 'E')
2024-09-09 20:24:12,507 INFO [Thread-140059672041024] Operation: add_edge, Result: (True, 1725931452.5077534)
2024-09-09 20:24:12,507 INFO [Thread-140059663648320] Operation: add_vertex, Args: ('C',)
2024-09-09 20:24:12,508 INFO [Thread-140059663648320] Operation: add_vertex, Result: (False, 1725931452.5080962)
2024-09-09 20:24:12,508 INFO [Thread-140059663648320] Operation: add_vertex, Args: ('F',)
2024-09-09 20:24:12,508 INFO [Thread-140059663648320] Operation: add_vertex, Result: (True, 1725931452.5083811)
2024-09-09 20:24:12,508 INFO [Thread-140059663648320] Operation: add_edge, Args: ('C', 'F')
2024-09-09 20:24:12,508 INFO [Thread-140059663648320] Operation: add_edge, Result: (True, 1725931452.5087132)
2024-09-09 20:24:12,508 INFO [Thread-140059655255616] Operation: add_vertex, Args: ('C',)
2024-09-09 20:24:12,509 INFO [Thread-140059655255616] Operation: add_vertex, Result: (False, 1725931452.5091383)
2024-09-09 20:24:12,509 INFO [Thread-140059655255616] Operation: add_vertex, Args: ('G',)
2024-09-09 20:24:12,509 INFO [Thread-140059655255616] Operation: add_vertex, Result: (True, 1725931452.509675)
2024-09-09 20:24:12,509 INFO [Thread-140059655255616] Operation: add_edge, Args: ('C', 'G')
2024-09-09 20:24:12,510 INFO [Thread-140059655255616] Operation: add_edge, Result: (True, 1725931452.5103302)
2024-09-09 20:24:12,510 INFO [Thread-140059646862912] Operation: add_vertex, Args: ('D',)
2024-09-09 20:24:12,510 INFO [Thread-140059646862912] Operation: add_vertex, Result: (False, 1725931452.5109074)
2024-09-09 20:24:12,511 INFO [Thread-140059646862912] Operation: add_vertex, Args: ('H',)
2024-09-09 20:24:12,511 INFO [Thread-140059646862912] Operation: add_vertex, Result: (True, 1725931452.5113268)
2024-09-09 20:24:12,511 INFO [Thread-140059646862912] Operation: add_edge, Args: ('D', 'H')
2024-09-09 20:24:12,511 INFO [Thread-140059646862912] Operation: add_edge, Result: (True, 1725931452.5117397)
2024-09-09 20:24:12,511 INFO [Thread-140059638470208] Operation: add_vertex, Args: ('E',)
2024-09-09 20:24:12,512 INFO [Thread-140059638470208] Operation: add_vertex, Result: (False, 1725931452.5121753)
2024-09-09 20:24:12,512 INFO [Thread-140059638470208] Operation: add_vertex, Args: ('I',)
2024-09-09 20:24:12,512 INFO [Thread-140059638470208] Operation: add_vertex, Result: (True, 1725931452.5125344)
2024-09-09 20:24:12,512 INFO [Thread-140059638470208] Operation: add_edge, Args: ('E', 'I')
2024-09-09 20:24:12,512 INFO [Thread-140059638470208] Operation: add_edge, Result: (True, 1725931452.5128598)
2024-09-09 20:24:12,513 INFO [Thread-140059771663936] Operation: add_vertex, Args: ('F',)
2024-09-09 20:24:12,513 INFO [Thread-140059771663936] Operation: add_vertex, Result: (False, 1725931452.513237)
2024-09-09 20:24:12,513 INFO [Thread-140059771663936] Operation: add_vertex, Args: ('J',)
2024-09-09 20:24:12,513 INFO [Thread-140059771663936] Operation: add_vertex, Result: (True, 1725931452.5135317)
2024-09-09 20:24:12,513 INFO [Thread-140059771663936] Operation: add_edge, Args: ('F', 'J')
2024-09-09 20:24:12,513 INFO [Thread-140059771663936] Operation: add_edge, Result: (True, 1725931452.5137987)
2024-09-09 20:24:12,513 INFO [Thread-140059688826432] Operation: add_vertex, Args: ('G',)
2024-09-09 20:24:12,514 INFO [Thread-140059688826432] Operation: add_vertex, Result: (False, 1725931452.514144)
2024-09-09 20:24:12,514 INFO [Thread-140059688826432] Operation: add_vertex, Args: ('K',)
2024-09-09 20:24:12,514 INFO [Thread-140059688826432] Operation: add_vertex, Result: (True, 1725931452.5145261)
2024-09-09 20:24:12,514 INFO [Thread-140059688826432] Operation: add_edge, Args: ('G', 'K')
2024-09-09 20:24:12,514 INFO [Thread-140059688826432] Operation: add_edge, Result: (True, 1725931452.514875)
2024-09-09 20:24:12,515 INFO [Thread-140059680433728] Operation: add_vertex, Args: ('H',)
2024-09-09 20:24:12,515 INFO [Thread-140059680433728] Operation: add_vertex, Result: (False, 1725931452.5152104)
2024-09-09 20:24:12,515 INFO [Thread-140059680433728] Operation: add_vertex, Args: ('L',)
2024-09-09 20:24:12,515 INFO [Thread-140059680433728] Operation: add_vertex, Result: (True, 1725931452.5155315)
2024-09-09 20:24:12,515 INFO [Thread-140059680433728] Operation: add_edge, Args: ('H', 'L')
2024-09-09 20:24:12,515 INFO [Thread-140059680433728] Operation: add_edge, Result: (True, 1725931452.5158176)
2024-09-09 20:24:12,516 INFO [Thread-140059672041024] Operation: add_vertex, Args: ('I',)
2024-09-09 20:24:12,516 INFO [Thread-140059672041024] Operation: add_vertex, Result: (False, 1725931452.5163102)
2024-09-09 20:24:12,516 INFO [Thread-140059672041024] Operation: add_vertex, Args: ('M',)
2024-09-09 20:24:12,516 INFO [Thread-140059672041024] Operation: add_vertex, Result: (True, 1725931452.5168197)
2024-09-09 20:24:12,517 INFO [Thread-140059672041024] Operation: add_edge, Args: ('I', 'M')
2024-09-09 20:24:12,517 INFO [Thread-140059672041024] Operation: add_edge, Result: (True, 1725931452.517232)
2024-09-09 20:24:12,517 INFO [Thread-140059663648320] Operation: add_vertex, Args: ('J',)
2024-09-09 20:24:12,517 INFO [Thread-140059663648320] Operation: add_vertex, Result: (False, 1725931452.5179842)
2024-09-09 20:24:12,518 INFO [Thread-140059663648320] Operation: add_vertex, Args: ('N',)
2024-09-09 20:24:12,518 INFO [Thread-140059663648320] Operation: add_vertex, Result: (True, 1725931452.518393)
2024-09-09 20:24:12,518 INFO [Thread-140059663648320] Operation: add_edge, Args: ('J', 'N')
2024-09-09 20:24:12,518 INFO [Thread-140059663648320] Operation: add_edge, Result: (True, 1725931452.5188637)
2024-09-09 20:24:12,519 INFO [Thread-140059655255616] Operation: add_vertex, Args: ('K',)
2024-09-09 20:24:12,519 INFO [Thread-140059655255616] Operation: add_vertex, Result: (False, 1725931452.519363)
2024-09-09 20:24:12,519 INFO [Thread-140059655255616] Operation: add_vertex, Args: ('O',)
2024-09-09 20:24:12,519 INFO [Thread-140059655255616] Operation: add_vertex, Result: (True, 1725931452.5197718)
2024-09-09 20:24:12,519 INFO [Thread-140059655255616] Operation: add_edge, Args: ('K', 'O')
2024-09-09 20:24:12,520 INFO [Thread-140059655255616] Operation: add_edge, Result: (True, 1725931452.5200777)
2024-09-09 20:24:12,520 INFO [Thread-140059646862912] Operation: add_vertex, Args: ('L',)
2024-09-09 20:24:12,520 INFO [Thread-140059646862912] Operation: add_vertex, Result: (False, 1725931452.520458)
2024-09-09 20:24:12,520 INFO [Thread-140059646862912] Operation: add_vertex, Args: ('P',)
2024-09-09 20:24:12,520 INFO [Thread-140059646862912] Operation: add_vertex, Result: (True, 1725931452.5207634)
2024-09-09 20:24:12,520 INFO [Thread-140059646862912] Operation: add_edge, Args: ('L', 'P')
2024-09-09 20:24:12,521 INFO [Thread-140059646862912] Operation: add_edge, Result: (True, 1725931452.521058)
2024-09-09 20:24:12,521 INFO [Thread-140059638470208] Operation: add_vertex, Args: ('M',)
2024-09-09 20:24:12,521 INFO [Thread-140059638470208] Operation: add_vertex, Result: (False, 1725931452.5214434)
2024-09-09 20:24:12,521 INFO [Thread-140059638470208] Operation: add_vertex, Args: ('Q',)
2024-09-09 20:24:12,521 INFO [Thread-140059638470208] Operation: add_vertex, Result: (True, 1725931452.5218072)
2024-09-09 20:24:12,521 INFO [Thread-140059638470208] Operation: add_edge, Args: ('M', 'Q')
2024-09-09 20:24:12,522 INFO [Thread-140059638470208] Operation: add_edge, Result: (True, 1725931452.5221255)
2024-09-09 20:24:12,522 INFO [Thread-140059771663936] Operation: add_vertex, Args: ('N',)
2024-09-09 20:24:12,522 INFO [Thread-140059771663936] Operation: add_vertex, Result: (False, 1725931452.5224757)
2024-09-09 20:24:12,522 INFO [Thread-140059771663936] Operation: add_vertex, Args: ('R',)
2024-09-09 20:24:12,522 INFO [Thread-140059771663936] Operation: add_vertex, Result: (True, 1725931452.5228531)
2024-09-09 20:24:12,523 INFO [Thread-140059771663936] Operation: add_edge, Args: ('N', 'R')
2024-09-09 20:24:12,523 INFO [Thread-140059771663936] Operation: add_edge, Result: (True, 1725931452.5232923)
2024-09-09 20:24:12,523 INFO [Thread-140059688826432] Operation: add_vertex, Args: ('O',)
2024-09-09 20:24:12,523 INFO [Thread-140059688826432] Operation: add_vertex, Result: (False, 1725931452.5238206)
2024-09-09 20:24:12,524 INFO [Thread-140059688826432] Operation: add_vertex, Args: ('S',)
2024-09-09 20:24:12,524 INFO [Thread-140059688826432] Operation: add_vertex, Result: (True, 1725931452.5243075)
2024-09-09 20:24:12,524 INFO [Thread-140059688826432] Operation: add_edge, Args: ('O', 'S')
2024-09-09 20:24:12,524 INFO [Thread-140059688826432] Operation: add_edge, Result: (True, 1725931452.524784)
2024-09-09 20:24:12,525 INFO [Thread-140059680433728] Operation: add_vertex, Args: ('P',)
2024-09-09 20:24:12,525 INFO [Thread-140059680433728] Operation: add_vertex, Result: (False, 1725931452.5252624)
2024-09-09 20:24:12,525 INFO [Thread-140059680433728] Operation: add_vertex, Args: ('T',)
2024-09-09 20:24:12,525 INFO [Thread-140059680433728] Operation: add_vertex, Result: (True, 1725931452.525707)
2024-09-09 20:24:12,525 INFO [Thread-140059680433728] Operation: add_edge, Args: ('P', 'T')
2024-09-09 20:24:12,526 INFO [Thread-140059680433728] Operation: add_edge, Result: (True, 1725931452.5261397)
2024-09-09 20:24:12,526 INFO [Thread-140059672041024] Operation: add_vertex, Args: ('A',)
2024-09-09 20:24:12,526 INFO [Thread-140059672041024] Operation: add_vertex, Result: (False, 1725931452.5267146)
2024-09-09 20:24:12,526 INFO [Thread-140059672041024] Operation: add_vertex, Args: ('D',)
2024-09-09 20:24:12,527 INFO [Thread-140059672041024] Operation: add_vertex, Result: (False, 1725931452.5271623)
2024-09-09 20:24:12,527 INFO [Thread-140059672041024] Operation: add_edge, Args: ('A', 'D')
2024-09-09 20:24:12,527 INFO [Thread-140059672041024] Operation: add_edge, Result: (True, 1725931452.527497)
2024-09-09 20:24:12,527 INFO [Thread-140059663648320] Operation: add_vertex, Args: ('B',)
2024-09-09 20:24:12,528 INFO [Thread-140059663648320] Operation: add_vertex, Result: (False, 1725931452.528058)
2024-09-09 20:24:12,528 INFO [Thread-140059663648320] Operation: add_vertex, Args: ('F',)
2024-09-09 20:24:12,528 INFO [Thread-140059663648320] Operation: add_vertex, Result: (False, 1725931452.5284967)
2024-09-09 20:24:12,528 INFO [Thread-140059663648320] Operation: add_edge, Args: ('B', 'F')
2024-09-09 20:24:12,528 INFO [Thread-140059663648320] Operation: add_edge, Result: (True, 1725931452.5288422)
2024-09-09 20:24:12,529 INFO [Thread-140059655255616] Operation: add_vertex, Args: ('C',)
2024-09-09 20:24:12,529 INFO [Thread-140059655255616] Operation: add_vertex, Result: (False, 1725931452.5292277)
2024-09-09 20:24:12,529 INFO [Thread-140059655255616] Operation: add_vertex, Args: ('H',)
2024-09-09 20:24:12,529 INFO [Thread-140059655255616] Operation: add_vertex, Result: (False, 1725931452.5296478)
2024-09-09 20:24:12,529 INFO [Thread-140059655255616] Operation: add_edge, Args: ('C', 'H')
2024-09-09 20:24:12,530 INFO [Thread-140059655255616] Operation: add_edge, Result: (True, 1725931452.5300267)
2024-09-09 20:24:12,530 INFO [Thread-140059646862912] Operation: add_vertex, Args: ('D',)
2024-09-09 20:24:12,530 INFO [Thread-140059646862912] Operation: add_vertex, Result: (False, 1725931452.5305984)
2024-09-09 20:24:12,530 INFO [Thread-140059646862912] Operation: add_vertex, Args: ('J',)
2024-09-09 20:24:12,531 INFO [Thread-140059646862912] Operation: add_vertex, Result: (False, 1725931452.531018)
2024-09-09 20:24:12,531 INFO [Thread-140059646862912] Operation: add_edge, Args: ('D', 'J')
2024-09-09 20:24:12,531 INFO [Thread-140059646862912] Operation: add_edge, Result: (True, 1725931452.5314474)
2024-09-09 20:24:12,531 INFO [Thread-140059638470208] Operation: add_vertex, Args: ('E',)
2024-09-09 20:24:12,532 INFO [Thread-140059638470208] Operation: add_vertex, Result: (False, 1725931452.5320683)
2024-09-09 20:24:12,532 INFO [Thread-140059638470208] Operation: add_vertex, Args: ('K',)
2024-09-09 20:24:12,532 INFO [Thread-140059638470208] Operation: add_vertex, Result: (False, 1725931452.5325503)
2024-09-09 20:24:12,532 INFO [Thread-140059638470208] Operation: add_edge, Args: ('E', 'K')
2024-09-09 20:24:12,532 INFO [Thread-140059638470208] Operation: add_edge, Result: (True, 1725931452.5329165)
2024-09-09 20:24:12,533 INFO [Thread-140059771663936] Operation: add_vertex, Args: ('F',)
2024-09-09 20:24:12,533 INFO [Thread-140059771663936] Operation: add_vertex, Result: (False, 1725931452.5334418)
2024-09-09 20:24:12,533 INFO [Thread-140059771663936] Operation: add_vertex, Args: ('L',)
2024-09-09 20:24:12,533 INFO [Thread-140059771663936] Operation: add_vertex, Result: (False, 1725931452.5338297)
2024-09-09 20:24:12,534 INFO [Thread-140059771663936] Operation: add_edge, Args: ('F', 'L')
2024-09-09 20:24:12,534 INFO [Thread-140059771663936] Operation: add_edge, Result: (True, 1725931452.5343819)
2024-09-09 20:24:12,534 INFO [Thread-140059688826432] Operation: add_vertex, Args: ('G',)
2024-09-09 20:24:12,534 INFO [Thread-140059688826432] Operation: add_vertex, Result: (False, 1725931452.534882)
2024-09-09 20:24:12,535 INFO [Thread-140059688826432] Operation: add_vertex, Args: ('M',)
2024-09-09 20:24:12,535 INFO [Thread-140059688826432] Operation: add_vertex, Result: (False, 1725931452.5352874)
2024-09-09 20:24:12,535 INFO [Thread-140059688826432] Operation: add_edge, Args: ('G', 'M')
2024-09-09 20:24:12,535 INFO [Thread-140059688826432] Operation: add_edge, Result: (True, 1725931452.5356426)
2024-09-09 20:24:12,535 INFO [Thread-140059680433728] Operation: add_vertex, Args: ('H',)
2024-09-09 20:24:12,536 INFO [Thread-140059680433728] Operation: add_vertex, Result: (False, 1725931452.536089)
2024-09-09 20:24:12,536 INFO [Thread-140059680433728] Operation: add_vertex, Args: ('N',)
2024-09-09 20:24:12,536 INFO [Thread-140059680433728] Operation: add_vertex, Result: (False, 1725931452.5364661)
2024-09-09 20:24:12,536 INFO [Thread-140059680433728] Operation: add_edge, Args: ('H', 'N')
2024-09-09 20:24:12,536 INFO [Thread-140059680433728] Operation: add_edge, Result: (True, 1725931452.5369754)
2024-09-09 20:24:12,537 INFO [Thread-140059672041024] Operation: add_vertex, Args: ('I',)
2024-09-09 20:24:12,537 INFO [Thread-140059672041024] Operation: add_vertex, Result: (False, 1725931452.537555)
2024-09-09 20:24:12,537 INFO [Thread-140059672041024] Operation: add_vertex, Args: ('O',)
2024-09-09 20:24:12,538 INFO [Thread-140059672041024] Operation: add_vertex, Result: (False, 1725931452.5381193)
2024-09-09 20:24:12,538 INFO [Thread-140059672041024] Operation: add_edge, Args: ('I', 'O')
2024-09-09 20:24:12,538 INFO [Thread-140059672041024] Operation: add_edge, Result: (True, 1725931452.5385869)
2024-09-09 20:24:12,538 INFO [Thread-140059663648320] Operation: add_vertex, Args: ('J',)
2024-09-09 20:24:12,539 INFO [Thread-140059663648320] Operation: add_vertex, Result: (False, 1725931452.5390275)
2024-09-09 20:24:12,539 INFO [Thread-140059663648320] Operation: add_vertex, Args: ('P',)
2024-09-09 20:24:12,539 INFO [Thread-140059663648320] Operation: add_vertex, Result: (False, 1725931452.539412)
2024-09-09 20:24:12,539 INFO [Thread-140059663648320] Operation: add_edge, Args: ('J', 'P')
2024-09-09 20:24:12,539 INFO [Thread-140059663648320] Operation: add_edge, Result: (True, 1725931452.5398371)
2024-09-09 20:24:12,540 INFO [Thread-140059655255616] Operation: add_vertex, Args: ('K',)
2024-09-09 20:24:12,540 INFO [Thread-140059655255616] Operation: add_vertex, Result: (False, 1725931452.5403156)
2024-09-09 20:24:12,540 INFO [Thread-140059655255616] Operation: add_vertex, Args: ('Q',)
2024-09-09 20:24:12,540 INFO [Thread-140059655255616] Operation: add_vertex, Result: (False, 1725931452.5407078)
2024-09-09 20:24:12,540 INFO [Thread-140059655255616] Operation: add_edge, Args: ('K', 'Q')
2024-09-09 20:24:12,541 INFO [Thread-140059655255616] Operation: add_edge, Result: (True, 1725931452.5410452)
2024-09-09 20:24:12,541 INFO [Thread-140060323086336] Operation: get_all_vertices, Args: ()
2024-09-09 20:24:12,541 INFO [Thread-140060323086336] Operation: get_all_vertices, Result: ({'K', 'M', 'N', 'Q', 'O', 'P', 'E', 'F', 'S', 'R', 'B', 'J', 'T', 'C', 'G', 'D', 'L', 'H', 'A', 'I'}, 1725931452.541499)
2024-09-09 20:24:12,541 INFO [Thread-140060323086336] Operation: read_graph_from_file, Result: Graph created with 20 vertices
2024-09-09 20:24:29,249 INFO [Thread-140059655255616] Operation: get_all_vertices, Args: ()
2024-09-09 20:24:29,249 INFO [Thread-140059655255616] Operation: get_all_vertices, Result: ({'K', 'M', 'N', 'Q', 'O', 'P', 'E', 'F', 'S', 'R', 'B', 'J', 'T', 'C', 'G', 'D', 'L', 'H', 'A', 'I'}, 1725931469.2495465)
