2024-09-09 19:47:11,752 INFO [Thread-139656058269696] Operation: read_graph_from_file, Args: ('/mnt/c/Users/cmcor/OneDrive/Documents/CS4113/dosfa24lab00team06/src/../data/sample_graph.txt',)
2024-09-09 19:47:11,756 INFO [Thread-139655506818624] Operation: add_vertex, Args: ('A',)
2024-09-09 19:47:11,757 INFO [Thread-139655506818624] Operation: add_vertex, Result: True
2024-09-09 19:47:11,757 INFO [Thread-139655506818624] Operation: add_vertex, Args: ('B',)
2024-09-09 19:47:11,757 INFO [Thread-139655506818624] Operation: add_vertex, Result: True
2024-09-09 19:47:11,758 INFO [Thread-139655506818624] Operation: add_edge, Args: ('A', 'B')
2024-09-09 19:47:11,758 INFO [Thread-139655506818624] Operation: add_edge, Result: True
2024-09-09 19:47:11,759 INFO [Thread-139655425029696] Operation: add_vertex, Args: ('A',)
2024-09-09 19:47:11,759 INFO [Thread-139655425029696] Operation: add_vertex, Result: False
2024-09-09 19:47:11,759 INFO [Thread-139655425029696] Operation: add_vertex, Args: ('C',)
2024-09-09 19:47:11,760 INFO [Thread-139655425029696] Operation: add_vertex, Result: True
2024-09-09 19:47:11,760 INFO [Thread-139655425029696] Operation: add_edge, Args: ('A', 'C')
2024-09-09 19:47:11,760 INFO [Thread-139655425029696] Operation: add_edge, Result: True
2024-09-09 19:47:11,760 INFO [Thread-139655416636992] Operation: add_vertex, Args: ('B',)
2024-09-09 19:47:11,760 INFO [Thread-139655416636992] Operation: add_vertex, Result: False
2024-09-09 19:47:11,761 INFO [Thread-139655416636992] Operation: add_vertex, Args: ('D',)
2024-09-09 19:47:11,761 INFO [Thread-139655416636992] Operation: add_vertex, Result: True
2024-09-09 19:47:11,761 INFO [Thread-139655416636992] Operation: add_edge, Args: ('B', 'D')
2024-09-09 19:47:11,761 INFO [Thread-139655416636992] Operation: add_edge, Result: True
2024-09-09 19:47:11,762 INFO [Thread-139655408244288] Operation: add_vertex, Args: ('B',)
2024-09-09 19:47:11,762 INFO [Thread-139655408244288] Operation: add_vertex, Result: False
2024-09-09 19:47:11,762 INFO [Thread-139655408244288] Operation: add_vertex, Args: ('E',)
2024-09-09 19:47:11,762 INFO [Thread-139655408244288] Operation: add_vertex, Result: True
2024-09-09 19:47:11,762 INFO [Thread-139655408244288] Operation: add_edge, Args: ('B', 'E')
2024-09-09 19:47:11,762 INFO [Thread-139655408244288] Operation: add_edge, Result: True
2024-09-09 19:47:11,762 INFO [Thread-139655399851584] Operation: add_vertex, Args: ('C',)
2024-09-09 19:47:11,763 INFO [Thread-139655399851584] Operation: add_vertex, Result: False
2024-09-09 19:47:11,763 INFO [Thread-139655399851584] Operation: add_vertex, Args: ('F',)
2024-09-09 19:47:11,763 INFO [Thread-139655399851584] Operation: add_vertex, Result: True
2024-09-09 19:47:11,763 INFO [Thread-139655399851584] Operation: add_edge, Args: ('C', 'F')
2024-09-09 19:47:11,763 INFO [Thread-139655399851584] Operation: add_edge, Result: True
2024-09-09 19:47:11,764 INFO [Thread-139655391458880] Operation: add_vertex, Args: ('C',)
2024-09-09 19:47:11,764 INFO [Thread-139655391458880] Operation: add_vertex, Result: False
2024-09-09 19:47:11,764 INFO [Thread-139655391458880] Operation: add_vertex, Args: ('G',)
2024-09-09 19:47:11,764 INFO [Thread-139655391458880] Operation: add_vertex, Result: True
2024-09-09 19:47:11,764 INFO [Thread-139655391458880] Operation: add_edge, Args: ('C', 'G')
2024-09-09 19:47:11,765 INFO [Thread-139655391458880] Operation: add_edge, Result: True
2024-09-09 19:47:11,765 INFO [Thread-139655383066176] Operation: add_vertex, Args: ('D',)
2024-09-09 19:47:11,765 INFO [Thread-139655383066176] Operation: add_vertex, Result: False
2024-09-09 19:47:11,765 INFO [Thread-139655383066176] Operation: add_vertex, Args: ('H',)
2024-09-09 19:47:11,765 INFO [Thread-139655383066176] Operation: add_vertex, Result: True
2024-09-09 19:47:11,766 INFO [Thread-139655383066176] Operation: add_edge, Args: ('D', 'H')
2024-09-09 19:47:11,766 INFO [Thread-139655383066176] Operation: add_edge, Result: True
2024-09-09 19:47:11,766 INFO [Thread-139655374673472] Operation: add_vertex, Args: ('E',)
2024-09-09 19:47:11,766 INFO [Thread-139655374673472] Operation: add_vertex, Result: False
2024-09-09 19:47:11,766 INFO [Thread-139655374673472] Operation: add_vertex, Args: ('I',)
2024-09-09 19:47:11,767 INFO [Thread-139655374673472] Operation: add_vertex, Result: True
2024-09-09 19:47:11,767 INFO [Thread-139655374673472] Operation: add_edge, Args: ('E', 'I')
2024-09-09 19:47:11,767 INFO [Thread-139655374673472] Operation: add_edge, Result: True
2024-09-09 19:47:11,767 INFO [Thread-139655506818624] Operation: add_vertex, Args: ('F',)
2024-09-09 19:47:11,767 INFO [Thread-139655506818624] Operation: add_vertex, Result: False
2024-09-09 19:47:11,767 INFO [Thread-139655506818624] Operation: add_vertex, Args: ('J',)
2024-09-09 19:47:11,768 INFO [Thread-139655506818624] Operation: add_vertex, Result: True
2024-09-09 19:47:11,768 INFO [Thread-139655506818624] Operation: add_edge, Args: ('F', 'J')
2024-09-09 19:47:11,768 INFO [Thread-139655506818624] Operation: add_edge, Result: True
2024-09-09 19:47:11,768 INFO [Thread-139655425029696] Operation: add_vertex, Args: ('G',)
2024-09-09 19:47:11,768 INFO [Thread-139655425029696] Operation: add_vertex, Result: False
2024-09-09 19:47:11,768 INFO [Thread-139655425029696] Operation: add_vertex, Args: ('K',)
2024-09-09 19:47:11,768 INFO [Thread-139655425029696] Operation: add_vertex, Result: True
2024-09-09 19:47:11,769 INFO [Thread-139655425029696] Operation: add_edge, Args: ('G', 'K')
2024-09-09 19:47:11,769 INFO [Thread-139655425029696] Operation: add_edge, Result: True
2024-09-09 19:47:11,769 INFO [Thread-139655416636992] Operation: add_vertex, Args: ('H',)
2024-09-09 19:47:11,769 INFO [Thread-139655416636992] Operation: add_vertex, Result: False
2024-09-09 19:47:11,769 INFO [Thread-139655416636992] Operation: add_vertex, Args: ('L',)
2024-09-09 19:47:11,770 INFO [Thread-139655416636992] Operation: add_vertex, Result: True
2024-09-09 19:47:11,770 INFO [Thread-139655416636992] Operation: add_edge, Args: ('H', 'L')
2024-09-09 19:47:11,770 INFO [Thread-139655416636992] Operation: add_edge, Result: True
2024-09-09 19:47:11,770 INFO [Thread-139655408244288] Operation: add_vertex, Args: ('I',)
2024-09-09 19:47:11,770 INFO [Thread-139655408244288] Operation: add_vertex, Result: False
2024-09-09 19:47:11,770 INFO [Thread-139655408244288] Operation: add_vertex, Args: ('M',)
2024-09-09 19:47:11,771 INFO [Thread-139655408244288] Operation: add_vertex, Result: True
2024-09-09 19:47:11,771 INFO [Thread-139655408244288] Operation: add_edge, Args: ('I', 'M')
2024-09-09 19:47:11,771 INFO [Thread-139655408244288] Operation: add_edge, Result: True
2024-09-09 19:47:11,771 INFO [Thread-139655399851584] Operation: add_vertex, Args: ('J',)
2024-09-09 19:47:11,771 INFO [Thread-139655399851584] Operation: add_vertex, Result: False
2024-09-09 19:47:11,771 INFO [Thread-139655399851584] Operation: add_vertex, Args: ('N',)
2024-09-09 19:47:11,772 INFO [Thread-139655399851584] Operation: add_vertex, Result: True
2024-09-09 19:47:11,772 INFO [Thread-139655399851584] Operation: add_edge, Args: ('J', 'N')
2024-09-09 19:47:11,772 INFO [Thread-139655399851584] Operation: add_edge, Result: True
2024-09-09 19:47:11,772 INFO [Thread-139655391458880] Operation: add_vertex, Args: ('K',)
2024-09-09 19:47:11,773 INFO [Thread-139655391458880] Operation: add_vertex, Result: False
2024-09-09 19:47:11,773 INFO [Thread-139655391458880] Operation: add_vertex, Args: ('O',)
2024-09-09 19:47:11,773 INFO [Thread-139655391458880] Operation: add_vertex, Result: True
2024-09-09 19:47:11,773 INFO [Thread-139655391458880] Operation: add_edge, Args: ('K', 'O')
2024-09-09 19:47:11,774 INFO [Thread-139655391458880] Operation: add_edge, Result: True
2024-09-09 19:47:11,774 INFO [Thread-139655383066176] Operation: add_vertex, Args: ('L',)
2024-09-09 19:47:11,774 INFO [Thread-139655383066176] Operation: add_vertex, Result: False
2024-09-09 19:47:11,774 INFO [Thread-139655383066176] Operation: add_vertex, Args: ('P',)
2024-09-09 19:47:11,774 INFO [Thread-139655383066176] Operation: add_vertex, Result: True
2024-09-09 19:47:11,775 INFO [Thread-139655383066176] Operation: add_edge, Args: ('L', 'P')
2024-09-09 19:47:11,775 INFO [Thread-139655383066176] Operation: add_edge, Result: True
2024-09-09 19:47:11,775 INFO [Thread-139655374673472] Operation: add_vertex, Args: ('M',)
2024-09-09 19:47:11,775 INFO [Thread-139655374673472] Operation: add_vertex, Result: False
2024-09-09 19:47:11,775 INFO [Thread-139655374673472] Operation: add_vertex, Args: ('Q',)
2024-09-09 19:47:11,776 INFO [Thread-139655374673472] Operation: add_vertex, Result: True
2024-09-09 19:47:11,776 INFO [Thread-139655374673472] Operation: add_edge, Args: ('M', 'Q')
2024-09-09 19:47:11,776 INFO [Thread-139655374673472] Operation: add_edge, Result: True
2024-09-09 19:47:11,776 INFO [Thread-139655506818624] Operation: add_vertex, Args: ('N',)
2024-09-09 19:47:11,776 INFO [Thread-139655506818624] Operation: add_vertex, Result: False
2024-09-09 19:47:11,776 INFO [Thread-139655506818624] Operation: add_vertex, Args: ('R',)
2024-09-09 19:47:11,777 INFO [Thread-139655506818624] Operation: add_vertex, Result: True
2024-09-09 19:47:11,777 INFO [Thread-139655506818624] Operation: add_edge, Args: ('N', 'R')
2024-09-09 19:47:11,777 INFO [Thread-139655506818624] Operation: add_edge, Result: True
2024-09-09 19:47:11,777 INFO [Thread-139655425029696] Operation: add_vertex, Args: ('O',)
2024-09-09 19:47:11,777 INFO [Thread-139655425029696] Operation: add_vertex, Result: False
2024-09-09 19:47:11,777 INFO [Thread-139655425029696] Operation: add_vertex, Args: ('S',)
2024-09-09 19:47:11,778 INFO [Thread-139655425029696] Operation: add_vertex, Result: True
2024-09-09 19:47:11,778 INFO [Thread-139655425029696] Operation: add_edge, Args: ('O', 'S')
2024-09-09 19:47:11,778 INFO [Thread-139655425029696] Operation: add_edge, Result: True
2024-09-09 19:47:11,778 INFO [Thread-139655416636992] Operation: add_vertex, Args: ('P',)
2024-09-09 19:47:11,778 INFO [Thread-139655416636992] Operation: add_vertex, Result: False
2024-09-09 19:47:11,779 INFO [Thread-139655416636992] Operation: add_vertex, Args: ('T',)
2024-09-09 19:47:11,779 INFO [Thread-139655416636992] Operation: add_vertex, Result: True
2024-09-09 19:47:11,779 INFO [Thread-139655416636992] Operation: add_edge, Args: ('P', 'T')
2024-09-09 19:47:11,779 INFO [Thread-139655416636992] Operation: add_edge, Result: True
2024-09-09 19:47:11,780 INFO [Thread-139655408244288] Operation: add_vertex, Args: ('A',)
2024-09-09 19:47:11,780 INFO [Thread-139655408244288] Operation: add_vertex, Result: False
2024-09-09 19:47:11,780 INFO [Thread-139655408244288] Operation: add_vertex, Args: ('D',)
2024-09-09 19:47:11,781 INFO [Thread-139655408244288] Operation: add_vertex, Result: False
2024-09-09 19:47:11,781 INFO [Thread-139655408244288] Operation: add_edge, Args: ('A', 'D')
2024-09-09 19:47:11,781 INFO [Thread-139655408244288] Operation: add_edge, Result: True
2024-09-09 19:47:11,781 INFO [Thread-139655399851584] Operation: add_vertex, Args: ('B',)
2024-09-09 19:47:11,781 INFO [Thread-139655399851584] Operation: add_vertex, Result: False
2024-09-09 19:47:11,781 INFO [Thread-139655399851584] Operation: add_vertex, Args: ('F',)
2024-09-09 19:47:11,782 INFO [Thread-139655399851584] Operation: add_vertex, Result: False
2024-09-09 19:47:11,782 INFO [Thread-139655399851584] Operation: add_edge, Args: ('B', 'F')
2024-09-09 19:47:11,782 INFO [Thread-139655399851584] Operation: add_edge, Result: True
2024-09-09 19:47:11,782 INFO [Thread-139655391458880] Operation: add_vertex, Args: ('C',)
2024-09-09 19:47:11,783 INFO [Thread-139655391458880] Operation: add_vertex, Result: False
2024-09-09 19:47:11,783 INFO [Thread-139655391458880] Operation: add_vertex, Args: ('H',)
2024-09-09 19:47:11,783 INFO [Thread-139655391458880] Operation: add_vertex, Result: False
2024-09-09 19:47:11,783 INFO [Thread-139655391458880] Operation: add_edge, Args: ('C', 'H')
2024-09-09 19:47:11,784 INFO [Thread-139655391458880] Operation: add_edge, Result: True
2024-09-09 19:47:11,784 INFO [Thread-139655383066176] Operation: add_vertex, Args: ('D',)
2024-09-09 19:47:11,784 INFO [Thread-139655383066176] Operation: add_vertex, Result: False
2024-09-09 19:47:11,784 INFO [Thread-139655383066176] Operation: add_vertex, Args: ('J',)
2024-09-09 19:47:11,784 INFO [Thread-139655383066176] Operation: add_vertex, Result: False
2024-09-09 19:47:11,785 INFO [Thread-139655383066176] Operation: add_edge, Args: ('D', 'J')
2024-09-09 19:47:11,785 INFO [Thread-139655383066176] Operation: add_edge, Result: True
2024-09-09 19:47:11,785 INFO [Thread-139655374673472] Operation: add_vertex, Args: ('E',)
2024-09-09 19:47:11,785 INFO [Thread-139655374673472] Operation: add_vertex, Result: False
2024-09-09 19:47:11,786 INFO [Thread-139655374673472] Operation: add_vertex, Args: ('K',)
2024-09-09 19:47:11,786 INFO [Thread-139655374673472] Operation: add_vertex, Result: False
2024-09-09 19:47:11,786 INFO [Thread-139655374673472] Operation: add_edge, Args: ('E', 'K')
2024-09-09 19:47:11,786 INFO [Thread-139655374673472] Operation: add_edge, Result: True
2024-09-09 19:47:11,787 INFO [Thread-139655506818624] Operation: add_vertex, Args: ('F',)
2024-09-09 19:47:11,787 INFO [Thread-139655506818624] Operation: add_vertex, Result: False
2024-09-09 19:47:11,787 INFO [Thread-139655506818624] Operation: add_vertex, Args: ('L',)
2024-09-09 19:47:11,787 INFO [Thread-139655506818624] Operation: add_vertex, Result: False
2024-09-09 19:47:11,787 INFO [Thread-139655506818624] Operation: add_edge, Args: ('F', 'L')
2024-09-09 19:47:11,787 INFO [Thread-139655506818624] Operation: add_edge, Result: True
2024-09-09 19:47:11,788 INFO [Thread-139655425029696] Operation: add_vertex, Args: ('G',)
2024-09-09 19:47:11,788 INFO [Thread-139655425029696] Operation: add_vertex, Result: False
2024-09-09 19:47:11,788 INFO [Thread-139655425029696] Operation: add_vertex, Args: ('M',)
2024-09-09 19:47:11,788 INFO [Thread-139655425029696] Operation: add_vertex, Result: False
2024-09-09 19:47:11,789 INFO [Thread-139655425029696] Operation: add_edge, Args: ('G', 'M')
2024-09-09 19:47:11,789 INFO [Thread-139655425029696] Operation: add_edge, Result: True
2024-09-09 19:47:11,789 INFO [Thread-139655416636992] Operation: add_vertex, Args: ('H',)
2024-09-09 19:47:11,789 INFO [Thread-139655416636992] Operation: add_vertex, Result: False
2024-09-09 19:47:11,790 INFO [Thread-139655416636992] Operation: add_vertex, Args: ('N',)
2024-09-09 19:47:11,790 INFO [Thread-139655416636992] Operation: add_vertex, Result: False
2024-09-09 19:47:11,790 INFO [Thread-139655416636992] Operation: add_edge, Args: ('H', 'N')
2024-09-09 19:47:11,790 INFO [Thread-139655416636992] Operation: add_edge, Result: True
2024-09-09 19:47:11,790 INFO [Thread-139655408244288] Operation: add_vertex, Args: ('I',)
2024-09-09 19:47:11,790 INFO [Thread-139655408244288] Operation: add_vertex, Result: False
2024-09-09 19:47:11,791 INFO [Thread-139655408244288] Operation: add_vertex, Args: ('O',)
2024-09-09 19:47:11,791 INFO [Thread-139655408244288] Operation: add_vertex, Result: False
2024-09-09 19:47:11,791 INFO [Thread-139655408244288] Operation: add_edge, Args: ('I', 'O')
2024-09-09 19:47:11,791 INFO [Thread-139655408244288] Operation: add_edge, Result: True
2024-09-09 19:47:11,791 INFO [Thread-139655399851584] Operation: add_vertex, Args: ('J',)
2024-09-09 19:47:11,792 INFO [Thread-139655399851584] Operation: add_vertex, Result: False
2024-09-09 19:47:11,792 INFO [Thread-139655399851584] Operation: add_vertex, Args: ('P',)
2024-09-09 19:47:11,792 INFO [Thread-139655399851584] Operation: add_vertex, Result: False
2024-09-09 19:47:11,792 INFO [Thread-139655399851584] Operation: add_edge, Args: ('J', 'P')
2024-09-09 19:47:11,792 INFO [Thread-139655399851584] Operation: add_edge, Result: True
2024-09-09 19:47:11,792 INFO [Thread-139655391458880] Operation: add_vertex, Args: ('K',)
2024-09-09 19:47:11,793 INFO [Thread-139655391458880] Operation: add_vertex, Result: False
2024-09-09 19:47:11,793 INFO [Thread-139655391458880] Operation: add_vertex, Args: ('Q',)
2024-09-09 19:47:11,793 INFO [Thread-139655391458880] Operation: add_vertex, Result: False
2024-09-09 19:47:11,793 INFO [Thread-139655391458880] Operation: add_edge, Args: ('K', 'Q')
2024-09-09 19:47:11,794 INFO [Thread-139655391458880] Operation: add_edge, Result: True
2024-09-09 19:47:11,794 INFO [Thread-139656058269696] Operation: get_all_vertices, Args: ()
2024-09-09 19:47:11,794 INFO [Thread-139656058269696] Operation: get_all_vertices, Result: {'S', 'M', 'B', 'R', 'K', 'P', 'A', 'G', 'Q', 'L', 'F', 'E', 'N', 'I', 'H', 'D', 'J', 'O', 'C', 'T'}
2024-09-09 19:47:11,794 INFO [Thread-139656058269696] Operation: read_graph_from_file, Result: Graph created with 20 vertices
2024-09-09 19:47:31,174 INFO [Thread-139655391458880] Operation: get_all_vertices, Args: ()
2024-09-09 19:47:31,174 INFO [Thread-139655391458880] Operation: get_all_vertices, Result: {'S', 'M', 'B', 'R', 'K', 'P', 'A', 'G', 'Q', 'L', 'F', 'E', 'N', 'I', 'H', 'D', 'J', 'O', 'C', 'T'}
2024-09-09 19:48:46,182 INFO [Thread-139656058269696] Operation: get_shortest_path, Args: ('A', 'E')
2024-09-09 19:48:46,183 INFO [Thread-139656058269696] Operation: get_shortest_path, Result: (['A', 'B', 'E'], 0.00017499923706054688)
