2024-09-18 19:39:35,701 INFO [Thread-9608] Operation: read_graph_from_file, Args: ('C:\\Users\\DSNRAJU\\OneDrive\\Desktop\\DOS\\lab00_1\\dosfa24lab00team06\\src\\..\\data\\sample_graph.txt',)
2024-09-18 19:39:35,703 INFO [Thread-25832] Operation: add_vertex, Args: ('A',)
2024-09-18 19:39:35,704 INFO [Thread-25832] Operation: add_vertex, Result: (True, 1726706375.7047598)
2024-09-18 19:39:35,706 INFO [Thread-25832] Operation: add_vertex, Args: ('B',)
2024-09-18 19:39:35,707 INFO [Thread-25832] Operation: add_vertex, Result: (True, 1726706375.7077494)
2024-09-18 19:39:35,708 INFO [Thread-25832] Operation: add_edge, Args: ('A', 'B')
2024-09-18 19:39:35,709 INFO [Thread-25832] Operation: add_edge, Result: (True, 1726706375.7097487)
2024-09-18 19:39:35,710 INFO [Thread-11396] Operation: add_vertex, Args: ('A',)
2024-09-18 19:39:35,710 INFO [Thread-11396] Operation: add_vertex, Result: (False, 1726706375.7107491)
2024-09-18 19:39:35,712 INFO [Thread-11396] Operation: add_vertex, Args: ('C',)
2024-09-18 19:39:35,712 INFO [Thread-11396] Operation: add_vertex, Result: (True, 1726706375.7127469)
2024-09-18 19:39:35,713 INFO [Thread-11396] Operation: add_edge, Args: ('A', 'C')
2024-09-18 19:39:35,714 INFO [Thread-11396] Operation: add_edge, Result: (True, 1726706375.7137594)
2024-09-18 19:39:35,715 INFO [Thread-20196] Operation: add_vertex, Args: ('B',)
2024-09-18 19:39:35,715 INFO [Thread-20196] Operation: add_vertex, Result: (False, 1726706375.7157507)
2024-09-18 19:39:35,716 INFO [Thread-20196] Operation: add_vertex, Args: ('D',)
2024-09-18 19:39:35,716 INFO [Thread-20196] Operation: add_vertex, Result: (True, 1726706375.7167482)
2024-09-18 19:39:35,717 INFO [Thread-20196] Operation: add_edge, Args: ('B', 'D')
2024-09-18 19:39:35,718 INFO [Thread-20196] Operation: add_edge, Result: (True, 1726706375.7187486)
2024-09-18 19:39:35,719 INFO [Thread-16820] Operation: add_vertex, Args: ('B',)
2024-09-18 19:39:35,719 INFO [Thread-16820] Operation: add_vertex, Result: (False, 1726706375.7197497)
2024-09-18 19:39:35,720 INFO [Thread-16820] Operation: add_vertex, Args: ('E',)
2024-09-18 19:39:35,720 INFO [Thread-16820] Operation: add_vertex, Result: (True, 1726706375.7207482)
2024-09-18 19:39:35,721 INFO [Thread-16820] Operation: add_edge, Args: ('B', 'E')
2024-09-18 19:39:35,721 INFO [Thread-16820] Operation: add_edge, Result: (True, 1726706375.7217462)
2024-09-18 19:39:35,721 INFO [Thread-20656] Operation: add_vertex, Args: ('C',)
2024-09-18 19:39:35,722 INFO [Thread-20656] Operation: add_vertex, Result: (False, 1726706375.7227485)
2024-09-18 19:39:35,722 INFO [Thread-20656] Operation: add_vertex, Args: ('F',)
2024-09-18 19:39:35,723 INFO [Thread-20656] Operation: add_vertex, Result: (True, 1726706375.7237468)
2024-09-18 19:39:35,723 INFO [Thread-20656] Operation: add_edge, Args: ('C', 'F')
2024-09-18 19:39:35,724 INFO [Thread-20656] Operation: add_edge, Result: (True, 1726706375.7247467)
2024-09-18 19:39:35,724 INFO [Thread-14428] Operation: add_vertex, Args: ('C',)
2024-09-18 19:39:35,725 INFO [Thread-14428] Operation: add_vertex, Result: (False, 1726706375.725746)
2024-09-18 19:39:35,725 INFO [Thread-14428] Operation: add_vertex, Args: ('G',)
2024-09-18 19:39:35,726 INFO [Thread-14428] Operation: add_vertex, Result: (True, 1726706375.7267504)
2024-09-18 19:39:35,727 INFO [Thread-14428] Operation: add_edge, Args: ('C', 'G')
2024-09-18 19:39:35,727 INFO [Thread-14428] Operation: add_edge, Result: (True, 1726706375.7277474)
2024-09-18 19:39:35,728 INFO [Thread-22672] Operation: add_vertex, Args: ('D',)
2024-09-18 19:39:35,729 INFO [Thread-22672] Operation: add_vertex, Result: (False, 1726706375.7297475)
2024-09-18 19:39:35,729 INFO [Thread-22672] Operation: add_vertex, Args: ('H',)
2024-09-18 19:39:35,730 INFO [Thread-22672] Operation: add_vertex, Result: (True, 1726706375.7307475)
2024-09-18 19:39:35,732 INFO [Thread-22672] Operation: add_edge, Args: ('D', 'H')
2024-09-18 19:39:35,732 INFO [Thread-22672] Operation: add_edge, Result: (True, 1726706375.7327478)
2024-09-18 19:39:35,733 INFO [Thread-22672] Operation: add_vertex, Args: ('L',)
2024-09-18 19:39:35,734 INFO [Thread-22672] Operation: add_vertex, Result: (True, 1726706375.7347476)
2024-09-18 19:39:35,735 INFO [Thread-22672] Operation: add_vertex, Args: ('P',)
2024-09-18 19:39:35,735 INFO [Thread-22672] Operation: add_vertex, Result: (True, 1726706375.7357473)
2024-09-18 19:39:35,736 INFO [Thread-22672] Operation: add_edge, Args: ('L', 'P')
2024-09-18 19:39:35,736 INFO [Thread-22672] Operation: add_edge, Result: (True, 1726706375.7367473)
2024-09-18 19:39:35,737 INFO [Thread-25832] Operation: add_vertex, Args: ('F',)
2024-09-18 19:39:35,738 INFO [Thread-25832] Operation: add_vertex, Result: (False, 1726706375.7387505)
2024-09-18 19:39:35,738 INFO [Thread-25832] Operation: add_vertex, Args: ('J',)
2024-09-18 19:39:35,739 INFO [Thread-25832] Operation: add_vertex, Result: (True, 1726706375.73975)
2024-09-18 19:39:35,739 INFO [Thread-25832] Operation: add_edge, Args: ('F', 'J')
2024-09-18 19:39:35,740 INFO [Thread-25832] Operation: add_edge, Result: (True, 1726706375.7407475)
2024-09-18 19:39:35,741 INFO [Thread-11396] Operation: add_vertex, Args: ('G',)
2024-09-18 19:39:35,741 INFO [Thread-11396] Operation: add_vertex, Result: (False, 1726706375.74175)
2024-09-18 19:39:35,742 INFO [Thread-11396] Operation: add_vertex, Args: ('K',)
2024-09-18 19:39:35,742 INFO [Thread-11396] Operation: add_vertex, Result: (True, 1726706375.7427492)
2024-09-18 19:39:35,743 INFO [Thread-11396] Operation: add_edge, Args: ('G', 'K')
2024-09-18 19:39:35,743 INFO [Thread-11396] Operation: add_edge, Result: (True, 1726706375.7437499)
2024-09-18 19:39:35,744 INFO [Thread-20196] Operation: add_vertex, Args: ('H',)
2024-09-18 19:39:35,744 INFO [Thread-20196] Operation: add_vertex, Result: (False, 1726706375.7447479)
2024-09-18 19:39:35,745 INFO [Thread-20196] Operation: add_vertex, Args: ('L',)
2024-09-18 19:39:35,745 INFO [Thread-20196] Operation: add_vertex, Result: (False, 1726706375.7457483)
2024-09-18 19:39:35,746 INFO [Thread-20196] Operation: add_edge, Args: ('H', 'L')
2024-09-18 19:39:35,747 INFO [Thread-20196] Operation: add_edge, Result: (True, 1726706375.747752)
2024-09-18 19:39:35,748 INFO [Thread-16820] Operation: add_vertex, Args: ('I',)
2024-09-18 19:39:35,749 INFO [Thread-16820] Operation: add_vertex, Result: (True, 1726706375.7497487)
2024-09-18 19:39:35,749 INFO [Thread-16820] Operation: add_vertex, Args: ('M',)
2024-09-18 19:39:35,750 INFO [Thread-16820] Operation: add_vertex, Result: (True, 1726706375.7507493)
2024-09-18 19:39:35,750 INFO [Thread-16820] Operation: add_edge, Args: ('I', 'M')
2024-09-18 19:39:35,751 INFO [Thread-16820] Operation: add_edge, Result: (True, 1726706375.7507493)
2024-09-18 19:39:35,751 INFO [Thread-20656] Operation: add_vertex, Args: ('J',)
2024-09-18 19:39:35,752 INFO [Thread-20656] Operation: add_vertex, Result: (False, 1726706375.7527478)
2024-09-18 19:39:35,752 INFO [Thread-20656] Operation: add_vertex, Args: ('N',)
2024-09-18 19:39:35,753 INFO [Thread-20656] Operation: add_vertex, Result: (True, 1726706375.7537487)
2024-09-18 19:39:35,753 INFO [Thread-20656] Operation: add_edge, Args: ('J', 'N')
2024-09-18 19:39:35,754 INFO [Thread-20656] Operation: add_edge, Result: (True, 1726706375.7547476)
2024-09-18 19:39:35,754 INFO [Thread-14428] Operation: add_vertex, Args: ('K',)
2024-09-18 19:39:35,755 INFO [Thread-14428] Operation: add_vertex, Result: (False, 1726706375.7547476)
2024-09-18 19:39:35,755 INFO [Thread-14428] Operation: add_vertex, Args: ('O',)
2024-09-18 19:39:35,755 INFO [Thread-14428] Operation: add_vertex, Result: (True, 1726706375.755748)
2024-09-18 19:39:35,756 INFO [Thread-14428] Operation: add_edge, Args: ('K', 'O')
2024-09-18 19:39:35,756 INFO [Thread-14428] Operation: add_edge, Result: (True, 1726706375.7567484)
2024-09-18 19:39:35,757 INFO [Thread-26244] Operation: add_vertex, Args: ('E',)
2024-09-18 19:39:35,757 INFO [Thread-26244] Operation: add_vertex, Result: (False, 1726706375.757749)
2024-09-18 19:39:35,758 INFO [Thread-26244] Operation: add_vertex, Args: ('I',)
2024-09-18 19:39:35,759 INFO [Thread-26244] Operation: add_vertex, Result: (False, 1726706375.7597494)
2024-09-18 19:39:35,760 INFO [Thread-26244] Operation: add_edge, Args: ('E', 'I')
2024-09-18 19:39:35,760 INFO [Thread-26244] Operation: add_edge, Result: (True, 1726706375.7607489)
2024-09-18 19:39:35,761 INFO [Thread-22672] Operation: add_vertex, Args: ('M',)
2024-09-18 19:39:35,761 INFO [Thread-22672] Operation: add_vertex, Result: (False, 1726706375.76175)
2024-09-18 19:39:35,762 INFO [Thread-22672] Operation: add_vertex, Args: ('Q',)
2024-09-18 19:39:35,762 INFO [Thread-22672] Operation: add_vertex, Result: (True, 1726706375.7627516)
2024-09-18 19:39:35,763 INFO [Thread-22672] Operation: add_edge, Args: ('M', 'Q')
2024-09-18 19:39:35,763 INFO [Thread-22672] Operation: add_edge, Result: (True, 1726706375.7637491)
2024-09-18 19:39:35,764 INFO [Thread-25832] Operation: add_vertex, Args: ('N',)
2024-09-18 19:39:35,764 INFO [Thread-25832] Operation: add_vertex, Result: (False, 1726706375.7647512)
2024-09-18 19:39:35,765 INFO [Thread-25832] Operation: add_vertex, Args: ('R',)
2024-09-18 19:39:35,766 INFO [Thread-25832] Operation: add_vertex, Result: (True, 1726706375.7667508)
2024-09-18 19:39:35,766 INFO [Thread-25832] Operation: add_edge, Args: ('N', 'R')
2024-09-18 19:39:35,767 INFO [Thread-25832] Operation: add_edge, Result: (True, 1726706375.7677488)
2024-09-18 19:39:35,767 INFO [Thread-11396] Operation: add_vertex, Args: ('O',)
2024-09-18 19:39:35,768 INFO [Thread-11396] Operation: add_vertex, Result: (False, 1726706375.7687495)
2024-09-18 19:39:35,768 INFO [Thread-11396] Operation: add_vertex, Args: ('S',)
2024-09-18 19:39:35,769 INFO [Thread-11396] Operation: add_vertex, Result: (True, 1726706375.7697494)
2024-09-18 19:39:35,769 INFO [Thread-11396] Operation: add_edge, Args: ('O', 'S')
2024-09-18 19:39:35,770 INFO [Thread-11396] Operation: add_edge, Result: (True, 1726706375.7707498)
2024-09-18 19:39:35,770 INFO [Thread-20196] Operation: add_vertex, Args: ('P',)
2024-09-18 19:39:35,771 INFO [Thread-20196] Operation: add_vertex, Result: (False, 1726706375.7717512)
2024-09-18 19:39:35,771 INFO [Thread-20196] Operation: add_vertex, Args: ('T',)
2024-09-18 19:39:35,772 INFO [Thread-20196] Operation: add_vertex, Result: (True, 1726706375.7727504)
2024-09-18 19:39:35,772 INFO [Thread-20196] Operation: add_edge, Args: ('P', 'T')
2024-09-18 19:39:35,773 INFO [Thread-20196] Operation: add_edge, Result: (True, 1726706375.7737508)
2024-09-18 19:39:35,774 INFO [Thread-16820] Operation: add_vertex, Args: ('A',)
2024-09-18 19:39:35,774 INFO [Thread-16820] Operation: add_vertex, Result: (False, 1726706375.7747502)
2024-09-18 19:39:35,775 INFO [Thread-16820] Operation: add_vertex, Args: ('D',)
2024-09-18 19:39:35,776 INFO [Thread-16820] Operation: add_vertex, Result: (False, 1726706375.7757528)
2024-09-18 19:39:35,776 INFO [Thread-16820] Operation: add_edge, Args: ('A', 'D')
2024-09-18 19:39:35,776 INFO [Thread-16820] Operation: add_edge, Result: (True, 1726706375.7767503)
2024-09-18 19:39:35,777 INFO [Thread-20656] Operation: add_vertex, Args: ('B',)
2024-09-18 19:39:35,777 INFO [Thread-20656] Operation: add_vertex, Result: (False, 1726706375.7777507)
2024-09-18 19:39:35,778 INFO [Thread-20656] Operation: add_vertex, Args: ('F',)
2024-09-18 19:39:35,778 INFO [Thread-20656] Operation: add_vertex, Result: (False, 1726706375.7787504)
2024-09-18 19:39:35,779 INFO [Thread-20656] Operation: add_edge, Args: ('B', 'F')
2024-09-18 19:39:35,779 INFO [Thread-20656] Operation: add_edge, Result: (True, 1726706375.7797503)
2024-09-18 19:39:35,780 INFO [Thread-14428] Operation: add_vertex, Args: ('C',)
2024-09-18 19:39:35,780 INFO [Thread-14428] Operation: add_vertex, Result: (False, 1726706375.7807503)
2024-09-18 19:39:35,781 INFO [Thread-14428] Operation: add_vertex, Args: ('H',)
2024-09-18 19:39:35,782 INFO [Thread-14428] Operation: add_vertex, Result: (False, 1726706375.782752)
2024-09-18 19:39:35,783 INFO [Thread-14428] Operation: add_edge, Args: ('C', 'H')
2024-09-18 19:39:35,783 INFO [Thread-14428] Operation: add_edge, Result: (True, 1726706375.7837522)
2024-09-18 19:39:35,784 INFO [Thread-26244] Operation: add_vertex, Args: ('D',)
2024-09-18 19:39:35,784 INFO [Thread-26244] Operation: add_vertex, Result: (False, 1726706375.7847507)
2024-09-18 19:39:35,785 INFO [Thread-26244] Operation: add_vertex, Args: ('J',)
2024-09-18 19:39:35,785 INFO [Thread-26244] Operation: add_vertex, Result: (False, 1726706375.7857509)
2024-09-18 19:39:35,786 INFO [Thread-26244] Operation: add_edge, Args: ('D', 'J')
2024-09-18 19:39:35,786 INFO [Thread-26244] Operation: add_edge, Result: (True, 1726706375.7867513)
2024-09-18 19:39:35,787 INFO [Thread-22672] Operation: add_vertex, Args: ('E',)
2024-09-18 19:39:35,787 INFO [Thread-22672] Operation: add_vertex, Result: (False, 1726706375.7877507)
2024-09-18 19:39:35,788 INFO [Thread-22672] Operation: add_vertex, Args: ('K',)
2024-09-18 19:39:35,788 INFO [Thread-22672] Operation: add_vertex, Result: (False, 1726706375.7887542)
2024-09-18 19:39:35,789 INFO [Thread-22672] Operation: add_edge, Args: ('E', 'K')
2024-09-18 19:39:35,789 INFO [Thread-22672] Operation: add_edge, Result: (True, 1726706375.7897537)
2024-09-18 19:39:35,791 INFO [Thread-25832] Operation: add_vertex, Args: ('F',)
2024-09-18 19:39:35,791 INFO [Thread-25832] Operation: add_vertex, Result: (False, 1726706375.7917538)
2024-09-18 19:39:35,792 INFO [Thread-25832] Operation: add_vertex, Args: ('L',)
2024-09-18 19:39:35,792 INFO [Thread-25832] Operation: add_vertex, Result: (False, 1726706375.792752)
2024-09-18 19:39:35,793 INFO [Thread-25832] Operation: add_edge, Args: ('F', 'L')
2024-09-18 19:39:35,793 INFO [Thread-25832] Operation: add_edge, Result: (True, 1726706375.7937539)
2024-09-18 19:39:35,794 INFO [Thread-11396] Operation: add_vertex, Args: ('G',)
2024-09-18 19:39:35,794 INFO [Thread-11396] Operation: add_vertex, Result: (False, 1726706375.794755)
2024-09-18 19:39:35,795 INFO [Thread-11396] Operation: add_vertex, Args: ('M',)
2024-09-18 19:39:35,795 INFO [Thread-11396] Operation: add_vertex, Result: (False, 1726706375.795753)
2024-09-18 19:39:35,796 INFO [Thread-11396] Operation: add_edge, Args: ('G', 'M')
2024-09-18 19:39:35,796 INFO [Thread-11396] Operation: add_edge, Result: (True, 1726706375.796752)
2024-09-18 19:39:35,797 INFO [Thread-20196] Operation: add_vertex, Args: ('H',)
2024-09-18 19:39:35,798 INFO [Thread-20196] Operation: add_vertex, Result: (False, 1726706375.7987533)
2024-09-18 19:39:35,799 INFO [Thread-20196] Operation: add_vertex, Args: ('N',)
2024-09-18 19:39:35,799 INFO [Thread-20196] Operation: add_vertex, Result: (False, 1726706375.7997534)
2024-09-18 19:39:35,800 INFO [Thread-20196] Operation: add_edge, Args: ('H', 'N')
2024-09-18 19:39:35,800 INFO [Thread-20196] Operation: add_edge, Result: (True, 1726706375.800754)
2024-09-18 19:39:35,801 INFO [Thread-16820] Operation: add_vertex, Args: ('I',)
2024-09-18 19:39:35,801 INFO [Thread-16820] Operation: add_vertex, Result: (False, 1726706375.8017535)
2024-09-18 19:39:35,802 INFO [Thread-16820] Operation: add_vertex, Args: ('O',)
2024-09-18 19:39:35,802 INFO [Thread-16820] Operation: add_vertex, Result: (False, 1726706375.8027546)
2024-09-18 19:39:35,803 INFO [Thread-16820] Operation: add_edge, Args: ('I', 'O')
2024-09-18 19:39:35,803 INFO [Thread-16820] Operation: add_edge, Result: (True, 1726706375.8037536)
2024-09-18 19:39:35,804 INFO [Thread-20656] Operation: add_vertex, Args: ('J',)
2024-09-18 19:39:35,805 INFO [Thread-20656] Operation: add_vertex, Result: (False, 1726706375.805754)
2024-09-18 19:39:35,806 INFO [Thread-20656] Operation: add_vertex, Args: ('P',)
2024-09-18 19:39:35,806 INFO [Thread-20656] Operation: add_vertex, Result: (False, 1726706375.8067536)
2024-09-18 19:39:35,807 INFO [Thread-20656] Operation: add_edge, Args: ('J', 'P')
2024-09-18 19:39:35,807 INFO [Thread-20656] Operation: add_edge, Result: (True, 1726706375.8077543)
2024-09-18 19:39:35,809 INFO [Thread-14428] Operation: add_vertex, Args: ('K',)
2024-09-18 19:39:35,809 INFO [Thread-14428] Operation: add_vertex, Result: (False, 1726706375.809754)
2024-09-18 19:39:35,810 INFO [Thread-14428] Operation: add_vertex, Args: ('Q',)
2024-09-18 19:39:35,810 INFO [Thread-14428] Operation: add_vertex, Result: (False, 1726706375.8107545)
2024-09-18 19:39:35,811 INFO [Thread-14428] Operation: add_edge, Args: ('K', 'Q')
2024-09-18 19:39:35,811 INFO [Thread-14428] Operation: add_edge, Result: (True, 1726706375.811754)
2024-09-18 19:39:35,812 INFO [Thread-9608] Operation: get_all_vertices, Args: ()
2024-09-18 19:39:35,813 INFO [Thread-9608] Operation: get_all_vertices, Result: ({'J', 'D', 'G', 'H', 'Q', 'F', 'N', 'T', 'A', 'S', 'B', 'P', 'K', 'M', 'L', 'E', 'I', 'R', 'C', 'O'}, 1726706375.8137536)
2024-09-18 19:39:35,814 INFO [Thread-9608] Operation: read_graph_from_file, Result: Graph created with 20 vertices
2024-09-18 19:39:51,361 INFO [Thread-9608] Operation: add_vertex, Args: ('Z1',)
2024-09-18 19:39:51,361 INFO [Thread-9608] Operation: add_vertex, Result: (True, 1726706391.3614705)
2024-09-18 19:41:41,765 INFO [Thread-9608] Operation: has_vertex, Args: ('Z',)
2024-09-18 19:41:41,765 INFO [Thread-9608] Operation: has_vertex, Result: (False, 1726706501.7654853)
