2024-09-16 19:02:01,080 INFO [Thread-20072] Operation: read_graph_from_file, Args: ('C:\\Users\\DSNRAJU\\OneDrive\\Desktop\\DOS\\lab00_1\\dosfa24lab00team06\\src\\..\\data\\sample_graph.txt',)
2024-09-16 19:02:01,082 INFO [Thread-26000] Operation: add_vertex, Args: ('A',)
2024-09-16 19:02:01,082 INFO [Thread-26000] Operation: add_vertex, Result: (True, 1726531321.082769)
2024-09-16 19:02:01,083 ERROR [Thread-26000] Operation: read_graph_from_file, Error: Error processing line: TimeTracking.get_lamport_times() missing 1 required positional argument: 'self'
2024-09-16 19:02:01,083 INFO [Thread-25360] Operation: add_vertex, Args: ('A',)
2024-09-16 19:02:01,084 INFO [Thread-25360] Operation: add_vertex, Result: (False, 1726531321.084773)
2024-09-16 19:02:01,084 ERROR [Thread-25360] Operation: read_graph_from_file, Error: Error processing line: TimeTracking.get_lamport_times() missing 1 required positional argument: 'self'
2024-09-16 19:02:01,085 INFO [Thread-14440] Operation: add_vertex, Args: ('B',)
2024-09-16 19:02:01,085 INFO [Thread-14440] Operation: add_vertex, Result: (True, 1726531321.0857687)
2024-09-16 19:02:01,085 ERROR [Thread-14440] Operation: read_graph_from_file, Error: Error processing line: TimeTracking.get_lamport_times() missing 1 required positional argument: 'self'
2024-09-16 19:02:01,085 INFO [Thread-26000] Operation: add_vertex, Args: ('B',)
2024-09-16 19:02:01,086 INFO [Thread-26000] Operation: add_vertex, Result: (False, 1726531321.0867686)
2024-09-16 19:02:01,086 ERROR [Thread-26000] Operation: read_graph_from_file, Error: Error processing line: TimeTracking.get_lamport_times() missing 1 required positional argument: 'self'
2024-09-16 19:02:01,086 INFO [Thread-20528] Operation: add_vertex, Args: ('C',)
2024-09-16 19:02:01,086 INFO [Thread-20528] Operation: add_vertex, Result: (True, 1726531321.0867686)
2024-09-16 19:02:01,086 ERROR [Thread-20528] Operation: read_graph_from_file, Error: Error processing line: TimeTracking.get_lamport_times() missing 1 required positional argument: 'self'
2024-09-16 19:02:01,086 INFO [Thread-23300] Operation: add_vertex, Args: ('C',)
2024-09-16 19:02:01,087 INFO [Thread-23300] Operation: add_vertex, Result: (False, 1726531321.0867686)
2024-09-16 19:02:01,087 ERROR [Thread-23300] Operation: read_graph_from_file, Error: Error processing line: TimeTracking.get_lamport_times() missing 1 required positional argument: 'self'
2024-09-16 19:02:01,087 INFO [Thread-12676] Operation: add_vertex, Args: ('D',)
2024-09-16 19:02:01,087 INFO [Thread-12676] Operation: add_vertex, Result: (True, 1726531321.0877693)
2024-09-16 19:02:01,087 ERROR [Thread-12676] Operation: read_graph_from_file, Error: Error processing line: TimeTracking.get_lamport_times() missing 1 required positional argument: 'self'
2024-09-16 19:02:01,087 INFO [Thread-25360] Operation: add_vertex, Args: ('E',)
2024-09-16 19:02:01,087 INFO [Thread-25360] Operation: add_vertex, Result: (True, 1726531321.0877693)
2024-09-16 19:02:01,087 ERROR [Thread-25360] Operation: read_graph_from_file, Error: Error processing line: TimeTracking.get_lamport_times() missing 1 required positional argument: 'self'
2024-09-16 19:02:01,087 INFO [Thread-26388] Operation: add_vertex, Args: ('F',)
2024-09-16 19:02:01,087 INFO [Thread-26388] Operation: add_vertex, Result: (True, 1726531321.0877693)
2024-09-16 19:02:01,087 ERROR [Thread-26388] Operation: read_graph_from_file, Error: Error processing line: TimeTracking.get_lamport_times() missing 1 required positional argument: 'self'
2024-09-16 19:02:01,087 INFO [Thread-16736] Operation: add_vertex, Args: ('G',)
2024-09-16 19:02:01,088 INFO [Thread-16736] Operation: add_vertex, Result: (True, 1726531321.088774)
2024-09-16 19:02:01,088 ERROR [Thread-16736] Operation: read_graph_from_file, Error: Error processing line: TimeTracking.get_lamport_times() missing 1 required positional argument: 'self'
2024-09-16 19:02:01,088 INFO [Thread-14440] Operation: add_vertex, Args: ('H',)
2024-09-16 19:02:01,088 INFO [Thread-14440] Operation: add_vertex, Result: (True, 1726531321.088774)
2024-09-16 19:02:01,088 ERROR [Thread-14440] Operation: read_graph_from_file, Error: Error processing line: TimeTracking.get_lamport_times() missing 1 required positional argument: 'self'
2024-09-16 19:02:01,088 INFO [Thread-26000] Operation: add_vertex, Args: ('I',)
2024-09-16 19:02:01,089 INFO [Thread-26000] Operation: add_vertex, Result: (True, 1726531321.088774)
2024-09-16 19:02:01,089 ERROR [Thread-26000] Operation: read_graph_from_file, Error: Error processing line: TimeTracking.get_lamport_times() missing 1 required positional argument: 'self'
2024-09-16 19:02:01,089 INFO [Thread-20528] Operation: add_vertex, Args: ('J',)
2024-09-16 19:02:01,089 INFO [Thread-20528] Operation: add_vertex, Result: (True, 1726531321.0897715)
2024-09-16 19:02:01,089 ERROR [Thread-20528] Operation: read_graph_from_file, Error: Error processing line: TimeTracking.get_lamport_times() missing 1 required positional argument: 'self'
2024-09-16 19:02:01,089 INFO [Thread-23300] Operation: add_vertex, Args: ('K',)
2024-09-16 19:02:01,089 INFO [Thread-23300] Operation: add_vertex, Result: (True, 1726531321.0897715)
2024-09-16 19:02:01,089 ERROR [Thread-23300] Operation: read_graph_from_file, Error: Error processing line: TimeTracking.get_lamport_times() missing 1 required positional argument: 'self'
2024-09-16 19:02:01,089 INFO [Thread-12676] Operation: add_vertex, Args: ('L',)
2024-09-16 19:02:01,090 INFO [Thread-12676] Operation: add_vertex, Result: (True, 1726531321.0907688)
2024-09-16 19:02:01,090 ERROR [Thread-12676] Operation: read_graph_from_file, Error: Error processing line: TimeTracking.get_lamport_times() missing 1 required positional argument: 'self'
2024-09-16 19:02:01,090 INFO [Thread-25360] Operation: add_vertex, Args: ('M',)
2024-09-16 19:02:01,090 INFO [Thread-25360] Operation: add_vertex, Result: (True, 1726531321.0907688)
2024-09-16 19:02:01,090 ERROR [Thread-25360] Operation: read_graph_from_file, Error: Error processing line: TimeTracking.get_lamport_times() missing 1 required positional argument: 'self'
2024-09-16 19:02:01,090 INFO [Thread-26388] Operation: add_vertex, Args: ('N',)
2024-09-16 19:02:01,090 INFO [Thread-26388] Operation: add_vertex, Result: (True, 1726531321.0907688)
2024-09-16 19:02:01,090 ERROR [Thread-26388] Operation: read_graph_from_file, Error: Error processing line: TimeTracking.get_lamport_times() missing 1 required positional argument: 'self'
2024-09-16 19:02:01,090 INFO [Thread-16736] Operation: add_vertex, Args: ('O',)
2024-09-16 19:02:01,090 INFO [Thread-16736] Operation: add_vertex, Result: (True, 1726531321.0907688)
2024-09-16 19:02:01,091 ERROR [Thread-16736] Operation: read_graph_from_file, Error: Error processing line: TimeTracking.get_lamport_times() missing 1 required positional argument: 'self'
2024-09-16 19:02:01,091 INFO [Thread-14440] Operation: add_vertex, Args: ('P',)
2024-09-16 19:02:01,091 INFO [Thread-14440] Operation: add_vertex, Result: (True, 1726531321.0917673)
2024-09-16 19:02:01,091 ERROR [Thread-14440] Operation: read_graph_from_file, Error: Error processing line: TimeTracking.get_lamport_times() missing 1 required positional argument: 'self'
2024-09-16 19:02:01,091 INFO [Thread-26000] Operation: add_vertex, Args: ('A',)
2024-09-16 19:02:01,091 INFO [Thread-26000] Operation: add_vertex, Result: (False, 1726531321.0917673)
2024-09-16 19:02:01,091 ERROR [Thread-26000] Operation: read_graph_from_file, Error: Error processing line: TimeTracking.get_lamport_times() missing 1 required positional argument: 'self'
2024-09-16 19:02:01,091 INFO [Thread-20528] Operation: add_vertex, Args: ('B',)
2024-09-16 19:02:01,091 INFO [Thread-20528] Operation: add_vertex, Result: (False, 1726531321.0917673)
2024-09-16 19:02:01,092 ERROR [Thread-20528] Operation: read_graph_from_file, Error: Error processing line: TimeTracking.get_lamport_times() missing 1 required positional argument: 'self'
2024-09-16 19:02:01,092 INFO [Thread-23300] Operation: add_vertex, Args: ('C',)
2024-09-16 19:02:01,092 INFO [Thread-23300] Operation: add_vertex, Result: (False, 1726531321.09277)
2024-09-16 19:02:01,092 ERROR [Thread-23300] Operation: read_graph_from_file, Error: Error processing line: TimeTracking.get_lamport_times() missing 1 required positional argument: 'self'
2024-09-16 19:02:01,092 INFO [Thread-12676] Operation: add_vertex, Args: ('D',)
2024-09-16 19:02:01,092 INFO [Thread-12676] Operation: add_vertex, Result: (False, 1726531321.09277)
2024-09-16 19:02:01,092 ERROR [Thread-12676] Operation: read_graph_from_file, Error: Error processing line: TimeTracking.get_lamport_times() missing 1 required positional argument: 'self'
2024-09-16 19:02:01,092 INFO [Thread-25360] Operation: add_vertex, Args: ('E',)
2024-09-16 19:02:01,093 INFO [Thread-25360] Operation: add_vertex, Result: (False, 1726531321.0937707)
2024-09-16 19:02:01,093 ERROR [Thread-25360] Operation: read_graph_from_file, Error: Error processing line: TimeTracking.get_lamport_times() missing 1 required positional argument: 'self'
2024-09-16 19:02:01,093 INFO [Thread-26388] Operation: add_vertex, Args: ('F',)
2024-09-16 19:02:01,093 INFO [Thread-26388] Operation: add_vertex, Result: (False, 1726531321.0937707)
2024-09-16 19:02:01,093 ERROR [Thread-26388] Operation: read_graph_from_file, Error: Error processing line: TimeTracking.get_lamport_times() missing 1 required positional argument: 'self'
2024-09-16 19:02:01,093 INFO [Thread-16736] Operation: add_vertex, Args: ('G',)
2024-09-16 19:02:01,093 INFO [Thread-16736] Operation: add_vertex, Result: (False, 1726531321.0937707)
2024-09-16 19:02:01,093 ERROR [Thread-16736] Operation: read_graph_from_file, Error: Error processing line: TimeTracking.get_lamport_times() missing 1 required positional argument: 'self'
2024-09-16 19:02:01,093 INFO [Thread-14440] Operation: add_vertex, Args: ('H',)
2024-09-16 19:02:01,094 INFO [Thread-14440] Operation: add_vertex, Result: (False, 1726531321.0947702)
2024-09-16 19:02:01,094 ERROR [Thread-14440] Operation: read_graph_from_file, Error: Error processing line: TimeTracking.get_lamport_times() missing 1 required positional argument: 'self'
2024-09-16 19:02:01,094 INFO [Thread-26000] Operation: add_vertex, Args: ('I',)
2024-09-16 19:02:01,094 INFO [Thread-26000] Operation: add_vertex, Result: (False, 1726531321.0947702)
2024-09-16 19:02:01,094 ERROR [Thread-26000] Operation: read_graph_from_file, Error: Error processing line: TimeTracking.get_lamport_times() missing 1 required positional argument: 'self'
2024-09-16 19:02:01,094 INFO [Thread-20528] Operation: add_vertex, Args: ('J',)
2024-09-16 19:02:01,094 INFO [Thread-20528] Operation: add_vertex, Result: (False, 1726531321.0947702)
2024-09-16 19:02:01,094 ERROR [Thread-20528] Operation: read_graph_from_file, Error: Error processing line: TimeTracking.get_lamport_times() missing 1 required positional argument: 'self'
2024-09-16 19:02:01,095 INFO [Thread-23300] Operation: add_vertex, Args: ('K',)
2024-09-16 19:02:01,095 INFO [Thread-23300] Operation: add_vertex, Result: (False, 1726531321.09577)
2024-09-16 19:02:01,095 ERROR [Thread-23300] Operation: read_graph_from_file, Error: Error processing line: TimeTracking.get_lamport_times() missing 1 required positional argument: 'self'
2024-09-16 19:02:01,095 INFO [Thread-20072] Operation: get_all_vertices, Args: ()
2024-09-16 19:02:01,095 INFO [Thread-20072] Operation: get_all_vertices, Result: ({'E', 'P', 'I', 'B', 'F', 'M', 'C', 'K', 'H', 'D', 'J', 'O', 'L', 'G', 'N', 'A'}, 1726531321.09577)
2024-09-16 19:02:01,095 ERROR [Thread-20072] Operation: read_graph_from_file, Error: Error reading file: expected str, bytes or os.PathLike object, not NoneType
