2024-09-16 19:15:33,355 INFO [Thread-14812] Operation: read_graph_from_file, Args: ('C:\\Users\\DSNRAJU\\OneDrive\\Desktop\\DOS\\lab00_1\\dosfa24lab00team06\\src\\..\\data\\sample_graph.txt',)
2024-09-16 19:15:33,358 INFO [Thread-21696] Operation: add_vertex, Args: ('A',)
2024-09-16 19:15:33,359 INFO [Thread-21696] Operation: add_vertex, Result: (True, 1726532133.3580024)
2024-09-16 19:15:33,359 INFO [Thread-21696] Operation: add_vertex, Args: ('B',)
2024-09-16 19:15:33,361 INFO [Thread-21696] Operation: add_vertex, Result: (True, 1726532133.361006)
2024-09-16 19:15:33,363 INFO [Thread-21696] Operation: add_edge, Args: ('A', 'B')
2024-09-16 19:15:33,363 INFO [Thread-21696] Operation: add_edge, Result: (True, 1726532133.3630004)
2024-09-16 19:15:33,365 INFO [Thread-26064] Operation: add_vertex, Args: ('A',)
2024-09-16 19:15:33,365 INFO [Thread-26064] Operation: add_vertex, Result: (False, 1726532133.3650012)
2024-09-16 19:15:33,366 INFO [Thread-26064] Operation: add_vertex, Args: ('C',)
2024-09-16 19:15:33,366 INFO [Thread-26064] Operation: add_vertex, Result: (True, 1726532133.366011)
2024-09-16 19:15:33,367 INFO [Thread-26064] Operation: add_edge, Args: ('A', 'C')
2024-09-16 19:15:33,367 INFO [Thread-26064] Operation: add_edge, Result: (True, 1726532133.367003)
2024-09-16 19:15:33,368 INFO [Thread-14752] Operation: add_vertex, Args: ('B',)
2024-09-16 19:15:33,368 INFO [Thread-14752] Operation: add_vertex, Result: (False, 1726532133.3680027)
2024-09-16 19:15:33,369 INFO [Thread-14752] Operation: add_vertex, Args: ('D',)
2024-09-16 19:15:33,369 INFO [Thread-14752] Operation: add_vertex, Result: (True, 1726532133.3690026)
2024-09-16 19:15:33,370 INFO [Thread-14752] Operation: add_edge, Args: ('B', 'D')
2024-09-16 19:15:33,371 INFO [Thread-14752] Operation: add_edge, Result: (True, 1726532133.3710043)
2024-09-16 19:15:33,372 INFO [Thread-18144] Operation: add_vertex, Args: ('B',)
2024-09-16 19:15:33,372 INFO [Thread-18144] Operation: add_vertex, Result: (False, 1726532133.372003)
2024-09-16 19:15:33,372 INFO [Thread-18144] Operation: add_vertex, Args: ('E',)
2024-09-16 19:15:33,373 INFO [Thread-18144] Operation: add_vertex, Result: (True, 1726532133.372003)
2024-09-16 19:15:33,373 INFO [Thread-18144] Operation: add_edge, Args: ('B', 'E')
2024-09-16 19:15:33,374 INFO [Thread-18144] Operation: add_edge, Result: (True, 1726532133.374002)
2024-09-16 19:15:33,374 INFO [Thread-18400] Operation: add_vertex, Args: ('C',)
2024-09-16 19:15:33,374 INFO [Thread-18400] Operation: add_vertex, Result: (False, 1726532133.374002)
2024-09-16 19:15:33,375 INFO [Thread-18400] Operation: add_vertex, Args: ('F',)
2024-09-16 19:15:33,375 INFO [Thread-18400] Operation: add_vertex, Result: (True, 1726532133.3750026)
2024-09-16 19:15:33,376 INFO [Thread-18400] Operation: add_edge, Args: ('C', 'F')
2024-09-16 19:15:33,376 INFO [Thread-18400] Operation: add_edge, Result: (True, 1726532133.3760016)
2024-09-16 19:15:33,377 INFO [Thread-19608] Operation: add_vertex, Args: ('C',)
2024-09-16 19:15:33,377 INFO [Thread-19608] Operation: add_vertex, Result: (False, 1726532133.3770015)
2024-09-16 19:15:33,378 INFO [Thread-19608] Operation: add_vertex, Args: ('G',)
2024-09-16 19:15:33,378 INFO [Thread-19608] Operation: add_vertex, Result: (True, 1726532133.3780026)
2024-09-16 19:15:33,379 INFO [Thread-19608] Operation: add_edge, Args: ('C', 'G')
2024-09-16 19:15:33,379 INFO [Thread-19608] Operation: add_edge, Result: (True, 1726532133.3790026)
2024-09-16 19:15:33,380 INFO [Thread-23784] Operation: add_vertex, Args: ('D',)
2024-09-16 19:15:33,380 INFO [Thread-23784] Operation: add_vertex, Result: (False, 1726532133.3800018)
2024-09-16 19:15:33,381 INFO [Thread-23784] Operation: add_vertex, Args: ('H',)
2024-09-16 19:15:33,381 INFO [Thread-23784] Operation: add_vertex, Result: (True, 1726532133.381002)
2024-09-16 19:15:33,382 INFO [Thread-23784] Operation: add_edge, Args: ('D', 'H')
2024-09-16 19:15:33,382 INFO [Thread-23784] Operation: add_edge, Result: (True, 1726532133.3820019)
2024-09-16 19:15:33,383 INFO [Thread-24928] Operation: add_vertex, Args: ('E',)
2024-09-16 19:15:33,383 INFO [Thread-24928] Operation: add_vertex, Result: (False, 1726532133.383003)
2024-09-16 19:15:33,384 INFO [Thread-24928] Operation: add_vertex, Args: ('I',)
2024-09-16 19:15:33,384 INFO [Thread-24928] Operation: add_vertex, Result: (True, 1726532133.3840034)
2024-09-16 19:15:33,385 INFO [Thread-24928] Operation: add_edge, Args: ('E', 'I')
2024-09-16 19:15:33,385 INFO [Thread-24928] Operation: add_edge, Result: (True, 1726532133.3850026)
2024-09-16 19:15:33,386 INFO [Thread-21696] Operation: add_vertex, Args: ('F',)
2024-09-16 19:15:33,386 INFO [Thread-21696] Operation: add_vertex, Result: (False, 1726532133.386002)
2024-09-16 19:15:33,387 INFO [Thread-21696] Operation: add_vertex, Args: ('J',)
2024-09-16 19:15:33,387 INFO [Thread-21696] Operation: add_vertex, Result: (True, 1726532133.3870046)
2024-09-16 19:15:33,388 INFO [Thread-21696] Operation: add_edge, Args: ('F', 'J')
2024-09-16 19:15:33,388 INFO [Thread-21696] Operation: add_edge, Result: (True, 1726532133.388006)
2024-09-16 19:15:33,389 INFO [Thread-26064] Operation: add_vertex, Args: ('G',)
2024-09-16 19:15:33,389 INFO [Thread-26064] Operation: add_vertex, Result: (False, 1726532133.3890042)
2024-09-16 19:15:33,390 INFO [Thread-26064] Operation: add_vertex, Args: ('K',)
2024-09-16 19:15:33,390 INFO [Thread-26064] Operation: add_vertex, Result: (True, 1726532133.3900087)
2024-09-16 19:15:33,391 INFO [Thread-26064] Operation: add_edge, Args: ('G', 'K')
2024-09-16 19:15:33,391 INFO [Thread-26064] Operation: add_edge, Result: (True, 1726532133.3910046)
2024-09-16 19:15:33,392 INFO [Thread-14752] Operation: add_vertex, Args: ('H',)
2024-09-16 19:15:33,392 INFO [Thread-14752] Operation: add_vertex, Result: (False, 1726532133.3920045)
2024-09-16 19:15:33,393 INFO [Thread-14752] Operation: add_vertex, Args: ('L',)
2024-09-16 19:15:33,393 INFO [Thread-14752] Operation: add_vertex, Result: (True, 1726532133.393003)
2024-09-16 19:15:33,394 INFO [Thread-14752] Operation: add_edge, Args: ('H', 'L')
2024-09-16 19:15:33,395 INFO [Thread-14752] Operation: add_edge, Result: (True, 1726532133.3950033)
2024-09-16 19:15:33,395 INFO [Thread-18144] Operation: add_vertex, Args: ('I',)
2024-09-16 19:15:33,396 INFO [Thread-18144] Operation: add_vertex, Result: (False, 1726532133.3960028)
2024-09-16 19:15:33,396 INFO [Thread-18144] Operation: add_vertex, Args: ('M',)
2024-09-16 19:15:33,396 INFO [Thread-18144] Operation: add_vertex, Result: (True, 1726532133.3960028)
2024-09-16 19:15:33,397 INFO [Thread-18144] Operation: add_edge, Args: ('I', 'M')
2024-09-16 19:15:33,397 INFO [Thread-18144] Operation: add_edge, Result: (True, 1726532133.3970034)
2024-09-16 19:15:33,398 INFO [Thread-18400] Operation: add_vertex, Args: ('J',)
2024-09-16 19:15:33,398 INFO [Thread-18400] Operation: add_vertex, Result: (False, 1726532133.3980038)
2024-09-16 19:15:33,399 INFO [Thread-18400] Operation: add_vertex, Args: ('N',)
2024-09-16 19:15:33,399 INFO [Thread-18400] Operation: add_vertex, Result: (True, 1726532133.3990037)
2024-09-16 19:15:33,400 INFO [Thread-18400] Operation: add_edge, Args: ('J', 'N')
2024-09-16 19:15:33,400 INFO [Thread-18400] Operation: add_edge, Result: (True, 1726532133.4000037)
2024-09-16 19:15:33,401 INFO [Thread-19608] Operation: add_vertex, Args: ('K',)
2024-09-16 19:15:33,401 INFO [Thread-19608] Operation: add_vertex, Result: (False, 1726532133.4010036)
2024-09-16 19:15:33,402 INFO [Thread-19608] Operation: add_vertex, Args: ('O',)
2024-09-16 19:15:33,402 INFO [Thread-19608] Operation: add_vertex, Result: (True, 1726532133.4020033)
2024-09-16 19:15:33,402 INFO [Thread-19608] Operation: add_edge, Args: ('K', 'O')
2024-09-16 19:15:33,402 INFO [Thread-19608] Operation: add_edge, Result: (True, 1726532133.4020033)
2024-09-16 19:15:33,404 INFO [Thread-23784] Operation: add_vertex, Args: ('L',)
2024-09-16 19:15:33,404 INFO [Thread-23784] Operation: add_vertex, Result: (False, 1726532133.4040046)
2024-09-16 19:15:33,405 INFO [Thread-23784] Operation: add_vertex, Args: ('P',)
2024-09-16 19:15:33,405 INFO [Thread-23784] Operation: add_vertex, Result: (True, 1726532133.4050043)
2024-09-16 19:15:33,406 INFO [Thread-23784] Operation: add_edge, Args: ('L', 'P')
2024-09-16 19:15:33,406 INFO [Thread-23784] Operation: add_edge, Result: (True, 1726532133.4060037)
2024-09-16 19:15:33,407 INFO [Thread-24928] Operation: add_vertex, Args: ('M',)
2024-09-16 19:15:33,407 INFO [Thread-24928] Operation: add_vertex, Result: (False, 1726532133.4070039)
2024-09-16 19:15:33,408 INFO [Thread-24928] Operation: add_vertex, Args: ('Q',)
2024-09-16 19:15:33,408 INFO [Thread-24928] Operation: add_vertex, Result: (True, 1726532133.4080048)
2024-09-16 19:15:33,409 INFO [Thread-24928] Operation: add_edge, Args: ('M', 'Q')
2024-09-16 19:15:33,409 INFO [Thread-24928] Operation: add_edge, Result: (True, 1726532133.4090042)
2024-09-16 19:15:33,410 INFO [Thread-21696] Operation: add_vertex, Args: ('N',)
2024-09-16 19:15:33,410 INFO [Thread-21696] Operation: add_vertex, Result: (False, 1726532133.4100044)
2024-09-16 19:15:33,411 INFO [Thread-21696] Operation: add_vertex, Args: ('R',)
2024-09-16 19:15:33,411 INFO [Thread-21696] Operation: add_vertex, Result: (True, 1726532133.4110062)
2024-09-16 19:15:33,412 INFO [Thread-21696] Operation: add_edge, Args: ('N', 'R')
2024-09-16 19:15:33,412 INFO [Thread-21696] Operation: add_edge, Result: (True, 1726532133.4120054)
2024-09-16 19:15:33,413 INFO [Thread-26064] Operation: add_vertex, Args: ('O',)
2024-09-16 19:15:33,413 INFO [Thread-26064] Operation: add_vertex, Result: (False, 1726532133.4130065)
2024-09-16 19:15:33,414 INFO [Thread-26064] Operation: add_vertex, Args: ('S',)
2024-09-16 19:15:33,414 INFO [Thread-26064] Operation: add_vertex, Result: (True, 1726532133.4140072)
2024-09-16 19:15:33,414 INFO [Thread-26064] Operation: add_edge, Args: ('O', 'S')
2024-09-16 19:15:33,415 INFO [Thread-26064] Operation: add_edge, Result: (True, 1726532133.415006)
2024-09-16 19:15:33,415 INFO [Thread-14752] Operation: add_vertex, Args: ('P',)
2024-09-16 19:15:33,416 INFO [Thread-14752] Operation: add_vertex, Result: (False, 1726532133.415006)
2024-09-16 19:15:33,416 INFO [Thread-14752] Operation: add_vertex, Args: ('T',)
2024-09-16 19:15:33,416 INFO [Thread-14752] Operation: add_vertex, Result: (True, 1726532133.4160047)
2024-09-16 19:15:33,417 INFO [Thread-14752] Operation: add_edge, Args: ('P', 'T')
2024-09-16 19:15:33,417 INFO [Thread-14752] Operation: add_edge, Result: (True, 1726532133.4170082)
2024-09-16 19:15:33,418 INFO [Thread-18144] Operation: add_vertex, Args: ('A',)
2024-09-16 19:15:33,418 INFO [Thread-18144] Operation: add_vertex, Result: (False, 1726532133.4180062)
2024-09-16 19:15:33,419 INFO [Thread-18144] Operation: add_vertex, Args: ('D',)
2024-09-16 19:15:33,419 INFO [Thread-18144] Operation: add_vertex, Result: (False, 1726532133.4190044)
2024-09-16 19:15:33,420 INFO [Thread-18144] Operation: add_edge, Args: ('A', 'D')
2024-09-16 19:15:33,420 INFO [Thread-18144] Operation: add_edge, Result: (True, 1726532133.4200058)
2024-09-16 19:15:33,421 INFO [Thread-18400] Operation: add_vertex, Args: ('B',)
2024-09-16 19:15:33,421 INFO [Thread-18400] Operation: add_vertex, Result: (False, 1726532133.4210055)
2024-09-16 19:15:33,422 INFO [Thread-18400] Operation: add_vertex, Args: ('F',)
2024-09-16 19:15:33,422 INFO [Thread-18400] Operation: add_vertex, Result: (False, 1726532133.4220045)
2024-09-16 19:15:33,423 INFO [Thread-18400] Operation: add_edge, Args: ('B', 'F')
2024-09-16 19:15:33,423 INFO [Thread-18400] Operation: add_edge, Result: (True, 1726532133.4230046)
2024-09-16 19:15:33,424 INFO [Thread-19608] Operation: add_vertex, Args: ('C',)
2024-09-16 19:15:33,424 INFO [Thread-19608] Operation: add_vertex, Result: (False, 1726532133.424005)
2024-09-16 19:15:33,425 INFO [Thread-19608] Operation: add_vertex, Args: ('H',)
2024-09-16 19:15:33,425 INFO [Thread-19608] Operation: add_vertex, Result: (False, 1726532133.4250052)
2024-09-16 19:15:33,426 INFO [Thread-19608] Operation: add_edge, Args: ('C', 'H')
2024-09-16 19:15:33,426 INFO [Thread-19608] Operation: add_edge, Result: (True, 1726532133.4260046)
2024-09-16 19:15:33,427 INFO [Thread-23784] Operation: add_vertex, Args: ('D',)
2024-09-16 19:15:33,427 INFO [Thread-23784] Operation: add_vertex, Result: (False, 1726532133.4270053)
2024-09-16 19:15:33,428 INFO [Thread-23784] Operation: add_vertex, Args: ('J',)
2024-09-16 19:15:33,428 INFO [Thread-23784] Operation: add_vertex, Result: (False, 1726532133.4280071)
2024-09-16 19:15:33,429 INFO [Thread-23784] Operation: add_edge, Args: ('D', 'J')
2024-09-16 19:15:33,429 INFO [Thread-23784] Operation: add_edge, Result: (True, 1726532133.4290051)
2024-09-16 19:15:33,430 INFO [Thread-24928] Operation: add_vertex, Args: ('E',)
2024-09-16 19:15:33,430 INFO [Thread-24928] Operation: add_vertex, Result: (False, 1726532133.4300065)
2024-09-16 19:15:33,431 INFO [Thread-24928] Operation: add_vertex, Args: ('K',)
2024-09-16 19:15:33,431 INFO [Thread-24928] Operation: add_vertex, Result: (False, 1726532133.4310062)
2024-09-16 19:15:33,432 INFO [Thread-24928] Operation: add_edge, Args: ('E', 'K')
2024-09-16 19:15:33,432 INFO [Thread-24928] Operation: add_edge, Result: (True, 1726532133.4320064)
2024-09-16 19:15:33,433 INFO [Thread-21696] Operation: add_vertex, Args: ('F',)
2024-09-16 19:15:33,433 INFO [Thread-21696] Operation: add_vertex, Result: (False, 1726532133.4330077)
2024-09-16 19:15:33,434 INFO [Thread-21696] Operation: add_vertex, Args: ('L',)
2024-09-16 19:15:33,434 INFO [Thread-21696] Operation: add_vertex, Result: (False, 1726532133.434009)
2024-09-16 19:15:33,435 INFO [Thread-21696] Operation: add_edge, Args: ('F', 'L')
2024-09-16 19:15:33,435 INFO [Thread-21696] Operation: add_edge, Result: (True, 1726532133.4350073)
2024-09-16 19:15:33,436 INFO [Thread-26064] Operation: add_vertex, Args: ('G',)
2024-09-16 19:15:33,437 INFO [Thread-26064] Operation: add_vertex, Result: (False, 1726532133.4370072)
2024-09-16 19:15:33,438 INFO [Thread-26064] Operation: add_vertex, Args: ('M',)
2024-09-16 19:15:33,438 INFO [Thread-26064] Operation: add_vertex, Result: (False, 1726532133.438007)
2024-09-16 19:15:33,439 INFO [Thread-26064] Operation: add_edge, Args: ('G', 'M')
2024-09-16 19:15:33,439 INFO [Thread-26064] Operation: add_edge, Result: (True, 1726532133.4390075)
2024-09-16 19:15:33,440 INFO [Thread-14752] Operation: add_vertex, Args: ('H',)
2024-09-16 19:15:33,441 INFO [Thread-14752] Operation: add_vertex, Result: (False, 1726532133.4410076)
2024-09-16 19:15:33,441 INFO [Thread-14752] Operation: add_vertex, Args: ('N',)
2024-09-16 19:15:33,442 INFO [Thread-14752] Operation: add_vertex, Result: (False, 1726532133.4420068)
2024-09-16 19:15:33,442 INFO [Thread-14752] Operation: add_edge, Args: ('H', 'N')
2024-09-16 19:15:33,442 INFO [Thread-14752] Operation: add_edge, Result: (True, 1726532133.4420068)
2024-09-16 19:15:33,443 INFO [Thread-18144] Operation: add_vertex, Args: ('I',)
2024-09-16 19:15:33,443 INFO [Thread-18144] Operation: add_vertex, Result: (False, 1726532133.4430065)
2024-09-16 19:15:33,444 INFO [Thread-18144] Operation: add_vertex, Args: ('O',)
2024-09-16 19:15:33,444 INFO [Thread-18144] Operation: add_vertex, Result: (False, 1726532133.4440067)
2024-09-16 19:15:33,445 INFO [Thread-18144] Operation: add_edge, Args: ('I', 'O')
2024-09-16 19:15:33,445 INFO [Thread-18144] Operation: add_edge, Result: (True, 1726532133.4450066)
2024-09-16 19:15:33,446 INFO [Thread-18400] Operation: add_vertex, Args: ('J',)
2024-09-16 19:15:33,446 INFO [Thread-18400] Operation: add_vertex, Result: (False, 1726532133.4460068)
2024-09-16 19:15:33,447 INFO [Thread-18400] Operation: add_vertex, Args: ('P',)
2024-09-16 19:15:33,447 INFO [Thread-18400] Operation: add_vertex, Result: (False, 1726532133.447007)
2024-09-16 19:15:33,448 INFO [Thread-18400] Operation: add_edge, Args: ('J', 'P')
2024-09-16 19:15:33,448 INFO [Thread-18400] Operation: add_edge, Result: (True, 1726532133.4480069)
2024-09-16 19:15:33,449 INFO [Thread-19608] Operation: add_vertex, Args: ('K',)
2024-09-16 19:15:33,449 INFO [Thread-19608] Operation: add_vertex, Result: (False, 1726532133.4490075)
2024-09-16 19:15:33,450 INFO [Thread-19608] Operation: add_vertex, Args: ('Q',)
2024-09-16 19:15:33,450 INFO [Thread-19608] Operation: add_vertex, Result: (False, 1726532133.4500074)
2024-09-16 19:15:33,451 INFO [Thread-19608] Operation: add_edge, Args: ('K', 'Q')
2024-09-16 19:15:33,451 INFO [Thread-19608] Operation: add_edge, Result: (True, 1726532133.451007)
2024-09-16 19:15:33,452 INFO [Thread-14812] Operation: get_all_vertices, Args: ()
2024-09-16 19:15:33,452 INFO [Thread-14812] Operation: get_all_vertices, Result: ({'G', 'A', 'K', 'L', 'I', 'P', 'F', 'S', 'E', 'B', 'O', 'C', 'J', 'R', 'D', 'Q', 'M', 'N', 'T', 'H'}, 1726532133.4520104)
2024-09-16 19:15:33,453 INFO [Thread-14812] Operation: read_graph_from_file, Result: Graph created with 20 vertices
2024-09-16 19:15:46,748 INFO [Thread-14928] Operation: add_vertex, Args: ('A',)
2024-09-16 19:15:46,748 INFO [Thread-14928] Operation: add_vertex, Result: (False, 1726532146.7483933)
2024-09-16 19:16:31,174 INFO [Thread-14928] Operation: get_all_vertices, Args: ()
2024-09-16 19:16:31,174 INFO [Thread-14928] Operation: get_all_vertices, Result: ({'G', 'A', 'K', 'L', 'I', 'P', 'F', 'S', 'E', 'B', 'O', 'C', 'J', 'R', 'D', 'Q', 'M', 'N', 'T', 'H'}, 1726532191.1749878)
