2024-09-18 19:28:21,051 INFO [Thread-17808] Operation: read_graph_from_file, Args: ('C:\\Users\\DSNRAJU\\OneDrive\\Desktop\\DOS\\lab00_1\\dosfa24lab00team06\\src\\..\\data\\sample_graph.txt',)
2024-09-18 19:28:21,063 INFO [Thread-828] Operation: add_vertex, Args: ('A',)
2024-09-18 19:28:21,063 INFO [Thread-828] Operation: add_vertex, Result: (True, 1726705701.063465)
2024-09-18 19:28:21,065 INFO [Thread-828] Operation: add_vertex, Args: ('B',)
2024-09-18 19:28:21,066 INFO [Thread-828] Operation: add_vertex, Result: (True, 1726705701.0664678)
2024-09-18 19:28:21,068 INFO [Thread-828] Operation: add_edge, Args: ('A', 'B')
2024-09-18 19:28:21,068 INFO [Thread-828] Operation: add_edge, Result: (True, 1726705701.068473)
2024-09-18 19:28:21,070 INFO [Thread-1212] Operation: add_vertex, Args: ('A',)
2024-09-18 19:28:21,070 INFO [Thread-1212] Operation: add_vertex, Result: (False, 1726705701.0704684)
2024-09-18 19:28:21,071 INFO [Thread-1212] Operation: add_vertex, Args: ('C',)
2024-09-18 19:28:21,072 INFO [Thread-1212] Operation: add_vertex, Result: (True, 1726705701.0724676)
2024-09-18 19:28:21,072 INFO [Thread-1212] Operation: add_edge, Args: ('A', 'C')
2024-09-18 19:28:21,073 INFO [Thread-1212] Operation: add_edge, Result: (True, 1726705701.07347)
2024-09-18 19:28:21,074 INFO [Thread-28700] Operation: add_vertex, Args: ('B',)
2024-09-18 19:28:21,074 INFO [Thread-28700] Operation: add_vertex, Result: (False, 1726705701.0744677)
2024-09-18 19:28:21,075 INFO [Thread-28700] Operation: add_vertex, Args: ('D',)
2024-09-18 19:28:21,075 INFO [Thread-28700] Operation: add_vertex, Result: (True, 1726705701.0754683)
2024-09-18 19:28:21,076 INFO [Thread-28700] Operation: add_edge, Args: ('B', 'D')
2024-09-18 19:28:21,076 INFO [Thread-28700] Operation: add_edge, Result: (True, 1726705701.0764685)
2024-09-18 19:28:21,077 INFO [Thread-3704] Operation: add_vertex, Args: ('B',)
2024-09-18 19:28:21,077 INFO [Thread-3704] Operation: add_vertex, Result: (False, 1726705701.077468)
2024-09-18 19:28:21,078 INFO [Thread-3704] Operation: add_vertex, Args: ('E',)
2024-09-18 19:28:21,079 INFO [Thread-3704] Operation: add_vertex, Result: (True, 1726705701.0794678)
2024-09-18 19:28:21,080 INFO [Thread-3704] Operation: add_edge, Args: ('B', 'E')
2024-09-18 19:28:21,080 INFO [Thread-3704] Operation: add_edge, Result: (True, 1726705701.0804708)
2024-09-18 19:28:21,081 INFO [Thread-13952] Operation: add_vertex, Args: ('C',)
2024-09-18 19:28:21,081 INFO [Thread-13952] Operation: add_vertex, Result: (False, 1726705701.0814674)
2024-09-18 19:28:21,082 INFO [Thread-13952] Operation: add_vertex, Args: ('F',)
2024-09-18 19:28:21,082 INFO [Thread-13952] Operation: add_vertex, Result: (True, 1726705701.0824673)
2024-09-18 19:28:21,083 INFO [Thread-13952] Operation: add_edge, Args: ('C', 'F')
2024-09-18 19:28:21,084 INFO [Thread-13952] Operation: add_edge, Result: (True, 1726705701.0844688)
2024-09-18 19:28:21,085 INFO [Thread-12788] Operation: add_vertex, Args: ('C',)
2024-09-18 19:28:21,085 INFO [Thread-12788] Operation: add_vertex, Result: (False, 1726705701.0854673)
2024-09-18 19:28:21,086 INFO [Thread-12788] Operation: add_vertex, Args: ('G',)
2024-09-18 19:28:21,086 INFO [Thread-12788] Operation: add_vertex, Result: (True, 1726705701.0864677)
2024-09-18 19:28:21,087 INFO [Thread-12788] Operation: add_edge, Args: ('C', 'G')
2024-09-18 19:28:21,087 INFO [Thread-12788] Operation: add_edge, Result: (True, 1726705701.0874717)
2024-09-18 19:28:21,088 INFO [Thread-13840] Operation: add_vertex, Args: ('D',)
2024-09-18 19:28:21,088 INFO [Thread-13840] Operation: add_vertex, Result: (False, 1726705701.0884683)
2024-09-18 19:28:21,089 INFO [Thread-13840] Operation: add_vertex, Args: ('H',)
2024-09-18 19:28:21,090 INFO [Thread-13840] Operation: add_vertex, Result: (True, 1726705701.0904703)
2024-09-18 19:28:21,090 INFO [Thread-13840] Operation: add_edge, Args: ('D', 'H')
2024-09-18 19:28:21,091 INFO [Thread-13840] Operation: add_edge, Result: (True, 1726705701.0914702)
2024-09-18 19:28:21,092 INFO [Thread-4760] Operation: add_vertex, Args: ('E',)
2024-09-18 19:28:21,092 INFO [Thread-4760] Operation: add_vertex, Result: (False, 1726705701.092473)
2024-09-18 19:28:21,093 INFO [Thread-4760] Operation: add_vertex, Args: ('I',)
2024-09-18 19:28:21,093 INFO [Thread-4760] Operation: add_vertex, Result: (True, 1726705701.093469)
2024-09-18 19:28:21,094 INFO [Thread-4760] Operation: add_edge, Args: ('E', 'I')
2024-09-18 19:28:21,094 INFO [Thread-4760] Operation: add_edge, Result: (True, 1726705701.0944705)
2024-09-18 19:28:21,096 INFO [Thread-828] Operation: add_vertex, Args: ('F',)
2024-09-18 19:28:21,096 INFO [Thread-828] Operation: add_vertex, Result: (False, 1726705701.0964708)
2024-09-18 19:28:21,097 INFO [Thread-828] Operation: add_vertex, Args: ('J',)
2024-09-18 19:28:21,097 INFO [Thread-828] Operation: add_vertex, Result: (True, 1726705701.097472)
2024-09-18 19:28:21,098 INFO [Thread-828] Operation: add_edge, Args: ('F', 'J')
2024-09-18 19:28:21,098 INFO [Thread-828] Operation: add_edge, Result: (True, 1726705701.098472)
2024-09-18 19:28:21,099 INFO [Thread-1212] Operation: add_vertex, Args: ('G',)
2024-09-18 19:28:21,099 INFO [Thread-1212] Operation: add_vertex, Result: (False, 1726705701.0994718)
2024-09-18 19:28:21,100 INFO [Thread-1212] Operation: add_vertex, Args: ('K',)
2024-09-18 19:28:21,100 INFO [Thread-1212] Operation: add_vertex, Result: (True, 1726705701.1004703)
2024-09-18 19:28:21,101 INFO [Thread-1212] Operation: add_edge, Args: ('G', 'K')
2024-09-18 19:28:21,101 INFO [Thread-1212] Operation: add_edge, Result: (True, 1726705701.1014698)
2024-09-18 19:28:21,102 INFO [Thread-28700] Operation: add_vertex, Args: ('H',)
2024-09-18 19:28:21,102 INFO [Thread-28700] Operation: add_vertex, Result: (False, 1726705701.10247)
2024-09-18 19:28:21,103 INFO [Thread-28700] Operation: add_vertex, Args: ('L',)
2024-09-18 19:28:21,103 INFO [Thread-28700] Operation: add_vertex, Result: (True, 1726705701.1034708)
2024-09-18 19:28:21,104 INFO [Thread-28700] Operation: add_edge, Args: ('H', 'L')
2024-09-18 19:28:21,104 INFO [Thread-28700] Operation: add_edge, Result: (True, 1726705701.1044714)
2024-09-18 19:28:21,106 INFO [Thread-3704] Operation: add_vertex, Args: ('I',)
2024-09-18 19:28:21,106 INFO [Thread-3704] Operation: add_vertex, Result: (False, 1726705701.1064744)
2024-09-18 19:28:21,107 INFO [Thread-3704] Operation: add_vertex, Args: ('M',)
2024-09-18 19:28:21,107 INFO [Thread-3704] Operation: add_vertex, Result: (True, 1726705701.1074698)
2024-09-18 19:28:21,108 INFO [Thread-3704] Operation: add_edge, Args: ('I', 'M')
2024-09-18 19:28:21,108 INFO [Thread-3704] Operation: add_edge, Result: (True, 1726705701.1084704)
2024-09-18 19:28:21,109 INFO [Thread-13952] Operation: add_vertex, Args: ('J',)
2024-09-18 19:28:21,109 INFO [Thread-13952] Operation: add_vertex, Result: (False, 1726705701.1094716)
2024-09-18 19:28:21,110 INFO [Thread-13952] Operation: add_vertex, Args: ('N',)
2024-09-18 19:28:21,110 INFO [Thread-13952] Operation: add_vertex, Result: (True, 1726705701.1104708)
2024-09-18 19:28:21,111 INFO [Thread-13952] Operation: add_edge, Args: ('J', 'N')
2024-09-18 19:28:21,112 INFO [Thread-13952] Operation: add_edge, Result: (True, 1726705701.1124716)
2024-09-18 19:28:21,113 INFO [Thread-12788] Operation: add_vertex, Args: ('K',)
2024-09-18 19:28:21,113 INFO [Thread-12788] Operation: add_vertex, Result: (False, 1726705701.1134706)
2024-09-18 19:28:21,114 INFO [Thread-12788] Operation: add_vertex, Args: ('O',)
2024-09-18 19:28:21,114 INFO [Thread-12788] Operation: add_vertex, Result: (True, 1726705701.1144717)
2024-09-18 19:28:21,115 INFO [Thread-12788] Operation: add_edge, Args: ('K', 'O')
2024-09-18 19:28:21,115 INFO [Thread-12788] Operation: add_edge, Result: (True, 1726705701.1154714)
2024-09-18 19:28:21,116 INFO [Thread-13840] Operation: add_vertex, Args: ('L',)
2024-09-18 19:28:21,116 INFO [Thread-13840] Operation: add_vertex, Result: (False, 1726705701.116474)
2024-09-18 19:28:21,117 INFO [Thread-13840] Operation: add_vertex, Args: ('P',)
2024-09-18 19:28:21,117 INFO [Thread-13840] Operation: add_vertex, Result: (True, 1726705701.1174707)
2024-09-18 19:28:21,118 INFO [Thread-13840] Operation: add_edge, Args: ('L', 'P')
2024-09-18 19:28:21,118 INFO [Thread-13840] Operation: add_edge, Result: (True, 1726705701.1184714)
2024-09-18 19:28:21,119 INFO [Thread-4760] Operation: add_vertex, Args: ('M',)
2024-09-18 19:28:21,119 INFO [Thread-4760] Operation: add_vertex, Result: (False, 1726705701.1194713)
2024-09-18 19:28:21,120 INFO [Thread-4760] Operation: add_vertex, Args: ('Q',)
2024-09-18 19:28:21,120 INFO [Thread-4760] Operation: add_vertex, Result: (True, 1726705701.1204715)
2024-09-18 19:28:21,121 INFO [Thread-4760] Operation: add_edge, Args: ('M', 'Q')
2024-09-18 19:28:21,121 INFO [Thread-4760] Operation: add_edge, Result: (True, 1726705701.1214707)
2024-09-18 19:28:21,123 INFO [Thread-828] Operation: add_vertex, Args: ('N',)
2024-09-18 19:28:21,123 INFO [Thread-828] Operation: add_vertex, Result: (False, 1726705701.1234696)
2024-09-18 19:28:21,124 INFO [Thread-828] Operation: add_vertex, Args: ('R',)
2024-09-18 19:28:21,124 INFO [Thread-828] Operation: add_vertex, Result: (True, 1726705701.1244717)
2024-09-18 19:28:21,125 INFO [Thread-828] Operation: add_edge, Args: ('N', 'R')
2024-09-18 19:28:21,125 INFO [Thread-828] Operation: add_edge, Result: (True, 1726705701.1254718)
2024-09-18 19:28:21,126 INFO [Thread-1212] Operation: add_vertex, Args: ('O',)
2024-09-18 19:28:21,126 INFO [Thread-1212] Operation: add_vertex, Result: (False, 1726705701.126473)
2024-09-18 19:28:21,127 INFO [Thread-1212] Operation: add_vertex, Args: ('S',)
2024-09-18 19:28:21,127 INFO [Thread-1212] Operation: add_vertex, Result: (True, 1726705701.1274714)
2024-09-18 19:28:21,128 INFO [Thread-1212] Operation: add_edge, Args: ('O', 'S')
2024-09-18 19:28:21,128 INFO [Thread-1212] Operation: add_edge, Result: (True, 1726705701.1284719)
2024-09-18 19:28:21,129 INFO [Thread-28700] Operation: add_vertex, Args: ('P',)
2024-09-18 19:28:21,129 INFO [Thread-28700] Operation: add_vertex, Result: (False, 1726705701.1294715)
2024-09-18 19:28:21,130 INFO [Thread-28700] Operation: add_vertex, Args: ('T',)
2024-09-18 19:28:21,130 INFO [Thread-28700] Operation: add_vertex, Result: (True, 1726705701.130475)
2024-09-18 19:28:21,131 INFO [Thread-28700] Operation: add_edge, Args: ('P', 'T')
2024-09-18 19:28:21,131 INFO [Thread-28700] Operation: add_edge, Result: (True, 1726705701.1314728)
2024-09-18 19:28:21,132 INFO [Thread-3704] Operation: add_vertex, Args: ('A',)
2024-09-18 19:28:21,132 INFO [Thread-3704] Operation: add_vertex, Result: (False, 1726705701.1324725)
2024-09-18 19:28:21,133 INFO [Thread-3704] Operation: add_vertex, Args: ('D',)
2024-09-18 19:28:21,133 INFO [Thread-3704] Operation: add_vertex, Result: (False, 1726705701.1334724)
2024-09-18 19:28:21,134 INFO [Thread-3704] Operation: add_edge, Args: ('A', 'D')
2024-09-18 19:28:21,135 INFO [Thread-3704] Operation: add_edge, Result: (True, 1726705701.1354723)
2024-09-18 19:28:21,135 INFO [Thread-13952] Operation: add_vertex, Args: ('B',)
2024-09-18 19:28:21,136 INFO [Thread-13952] Operation: add_vertex, Result: (False, 1726705701.1364717)
2024-09-18 19:28:21,137 INFO [Thread-13952] Operation: add_vertex, Args: ('F',)
2024-09-18 19:28:21,137 INFO [Thread-13952] Operation: add_vertex, Result: (False, 1726705701.1374726)
2024-09-18 19:28:21,138 INFO [Thread-13952] Operation: add_edge, Args: ('B', 'F')
2024-09-18 19:28:21,138 INFO [Thread-13952] Operation: add_edge, Result: (True, 1726705701.1384718)
2024-09-18 19:28:21,139 INFO [Thread-12788] Operation: add_vertex, Args: ('C',)
2024-09-18 19:28:21,139 INFO [Thread-12788] Operation: add_vertex, Result: (False, 1726705701.1394725)
2024-09-18 19:28:21,140 INFO [Thread-12788] Operation: add_vertex, Args: ('H',)
2024-09-18 19:28:21,140 INFO [Thread-12788] Operation: add_vertex, Result: (False, 1726705701.1404736)
2024-09-18 19:28:21,141 INFO [Thread-12788] Operation: add_edge, Args: ('C', 'H')
2024-09-18 19:28:21,141 INFO [Thread-12788] Operation: add_edge, Result: (True, 1726705701.1414733)
2024-09-18 19:28:21,142 INFO [Thread-13840] Operation: add_vertex, Args: ('D',)
2024-09-18 19:28:21,142 INFO [Thread-13840] Operation: add_vertex, Result: (False, 1726705701.1424725)
2024-09-18 19:28:21,143 INFO [Thread-13840] Operation: add_vertex, Args: ('J',)
2024-09-18 19:28:21,144 INFO [Thread-13840] Operation: add_vertex, Result: (False, 1726705701.144473)
2024-09-18 19:28:21,144 INFO [Thread-13840] Operation: add_edge, Args: ('D', 'J')
2024-09-18 19:28:21,144 INFO [Thread-13840] Operation: add_edge, Result: (True, 1726705701.144473)
2024-09-18 19:28:21,146 INFO [Thread-4760] Operation: add_vertex, Args: ('E',)
2024-09-18 19:28:21,146 INFO [Thread-4760] Operation: add_vertex, Result: (False, 1726705701.146479)
2024-09-18 19:28:21,147 INFO [Thread-4760] Operation: add_vertex, Args: ('K',)
2024-09-18 19:28:21,147 INFO [Thread-4760] Operation: add_vertex, Result: (False, 1726705701.1474729)
2024-09-18 19:28:21,148 INFO [Thread-4760] Operation: add_edge, Args: ('E', 'K')
2024-09-18 19:28:21,148 INFO [Thread-4760] Operation: add_edge, Result: (True, 1726705701.1484735)
2024-09-18 19:28:21,149 INFO [Thread-828] Operation: add_vertex, Args: ('F',)
2024-09-18 19:28:21,149 INFO [Thread-828] Operation: add_vertex, Result: (False, 1726705701.149473)
2024-09-18 19:28:21,150 INFO [Thread-828] Operation: add_vertex, Args: ('L',)
2024-09-18 19:28:21,151 INFO [Thread-828] Operation: add_vertex, Result: (False, 1726705701.1514726)
2024-09-18 19:28:21,152 INFO [Thread-828] Operation: add_edge, Args: ('F', 'L')
2024-09-18 19:28:21,152 INFO [Thread-828] Operation: add_edge, Result: (True, 1726705701.152474)
2024-09-18 19:28:21,153 INFO [Thread-1212] Operation: add_vertex, Args: ('G',)
2024-09-18 19:28:21,153 INFO [Thread-1212] Operation: add_vertex, Result: (False, 1726705701.153474)
2024-09-18 19:28:21,154 INFO [Thread-1212] Operation: add_vertex, Args: ('M',)
2024-09-18 19:28:21,154 INFO [Thread-1212] Operation: add_vertex, Result: (False, 1726705701.154474)
2024-09-18 19:28:21,155 INFO [Thread-1212] Operation: add_edge, Args: ('G', 'M')
2024-09-18 19:28:21,155 INFO [Thread-1212] Operation: add_edge, Result: (True, 1726705701.155475)
2024-09-18 19:28:21,156 INFO [Thread-28700] Operation: add_vertex, Args: ('H',)
2024-09-18 19:28:21,156 INFO [Thread-28700] Operation: add_vertex, Result: (False, 1726705701.1564736)
2024-09-18 19:28:21,157 INFO [Thread-28700] Operation: add_vertex, Args: ('N',)
2024-09-18 19:28:21,157 INFO [Thread-28700] Operation: add_vertex, Result: (False, 1726705701.1574738)
2024-09-18 19:28:21,158 INFO [Thread-28700] Operation: add_edge, Args: ('H', 'N')
2024-09-18 19:28:21,159 INFO [Thread-28700] Operation: add_edge, Result: (True, 1726705701.159474)
2024-09-18 19:28:21,160 INFO [Thread-3704] Operation: add_vertex, Args: ('I',)
2024-09-18 19:28:21,160 INFO [Thread-3704] Operation: add_vertex, Result: (False, 1726705701.1604745)
2024-09-18 19:28:21,161 INFO [Thread-3704] Operation: add_vertex, Args: ('O',)
2024-09-18 19:28:21,161 INFO [Thread-3704] Operation: add_vertex, Result: (False, 1726705701.1614742)
2024-09-18 19:28:21,162 INFO [Thread-3704] Operation: add_edge, Args: ('I', 'O')
2024-09-18 19:28:21,162 INFO [Thread-3704] Operation: add_edge, Result: (True, 1726705701.1624742)
2024-09-18 19:28:21,163 INFO [Thread-13952] Operation: add_vertex, Args: ('J',)
2024-09-18 19:28:21,163 INFO [Thread-13952] Operation: add_vertex, Result: (False, 1726705701.163475)
2024-09-18 19:28:21,164 INFO [Thread-13952] Operation: add_vertex, Args: ('P',)
2024-09-18 19:28:21,165 INFO [Thread-13952] Operation: add_vertex, Result: (False, 1726705701.165475)
2024-09-18 19:28:21,166 INFO [Thread-13952] Operation: add_edge, Args: ('J', 'P')
2024-09-18 19:28:21,166 INFO [Thread-13952] Operation: add_edge, Result: (True, 1726705701.1664736)
2024-09-18 19:28:21,167 INFO [Thread-12788] Operation: add_vertex, Args: ('K',)
2024-09-18 19:28:21,167 INFO [Thread-12788] Operation: add_vertex, Result: (False, 1726705701.1674743)
2024-09-18 19:28:21,168 INFO [Thread-12788] Operation: add_vertex, Args: ('Q',)
2024-09-18 19:28:21,168 INFO [Thread-12788] Operation: add_vertex, Result: (False, 1726705701.1684752)
2024-09-18 19:28:21,169 INFO [Thread-12788] Operation: add_edge, Args: ('K', 'Q')
2024-09-18 19:28:21,170 INFO [Thread-12788] Operation: add_edge, Result: (True, 1726705701.1704745)
2024-09-18 19:28:21,171 INFO [Thread-17808] Operation: get_all_vertices, Args: ()
2024-09-18 19:28:21,171 INFO [Thread-17808] Operation: get_all_vertices, Result: ({'N', 'A', 'K', 'T', 'B', 'J', 'O', 'F', 'G', 'S', 'E', 'D', 'M', 'L', 'P', 'I', 'C', 'R', 'Q', 'H'}, 1726705701.1714747)
2024-09-18 19:28:21,172 INFO [Thread-17808] Operation: read_graph_from_file, Result: Graph created with 20 vertices
2024-09-18 19:28:54,194 INFO [Thread-17808] Operation: add_vertex, Args: ('A',)
2024-09-18 19:28:54,194 INFO [Thread-17808] Operation: add_vertex, Result: (False, 1726705734.1945193)
2024-09-18 19:31:31,269 INFO [Thread-17808] Operation: has_edge, Args: ('A', 'B')
2024-09-18 19:31:31,269 INFO [Thread-17808] Operation: has_edge, Result: (True, 1726705891.269629)
