2024-09-09 20:27:16,738 INFO [Thread-139825279811584] Operation: read_graph_from_file, Args: ('/mnt/c/Users/cmcor/OneDrive/Documents/CS4113/dosfa24lab00team06/src/../data/sample_graph.txt',)
2024-09-09 20:27:16,742 INFO [Thread-139824728110656] Operation: add_vertex, Args: ('A',)
2024-09-09 20:27:16,742 INFO [Thread-139824728110656] Operation: add_vertex, Result: (True, 1725931636.7423732)
2024-09-09 20:27:16,742 INFO [Thread-139824728110656] Operation: add_vertex, Args: ('B',)
2024-09-09 20:27:16,743 INFO [Thread-139824728110656] Operation: add_vertex, Result: (True, 1725931636.7431705)
2024-09-09 20:27:16,744 INFO [Thread-139824728110656] Operation: add_edge, Args: ('A', 'B')
2024-09-09 20:27:16,744 INFO [Thread-139824728110656] Operation: add_edge, Result: (True, 1725931636.744853)
2024-09-09 20:27:16,745 INFO [Thread-139824719717952] Operation: add_vertex, Args: ('A',)
2024-09-09 20:27:16,745 INFO [Thread-139824719717952] Operation: add_vertex, Result: (False, 1725931636.7455084)
2024-09-09 20:27:16,745 INFO [Thread-139824719717952] Operation: add_vertex, Args: ('C',)
2024-09-09 20:27:16,745 INFO [Thread-139824719717952] Operation: add_vertex, Result: (True, 1725931636.7458684)
2024-09-09 20:27:16,746 INFO [Thread-139824719717952] Operation: add_edge, Args: ('A', 'C')
2024-09-09 20:27:16,746 INFO [Thread-139824719717952] Operation: add_edge, Result: (True, 1725931636.7461858)
2024-09-09 20:27:16,746 INFO [Thread-139824711325248] Operation: add_vertex, Args: ('B',)
2024-09-09 20:27:16,746 INFO [Thread-139824711325248] Operation: add_vertex, Result: (False, 1725931636.74656)
2024-09-09 20:27:16,746 INFO [Thread-139824711325248] Operation: add_vertex, Args: ('D',)
2024-09-09 20:27:16,746 INFO [Thread-139824711325248] Operation: add_vertex, Result: (True, 1725931636.7468696)
2024-09-09 20:27:16,747 INFO [Thread-139824711325248] Operation: add_edge, Args: ('B', 'D')
2024-09-09 20:27:16,747 INFO [Thread-139824711325248] Operation: add_edge, Result: (True, 1725931636.7472475)
2024-09-09 20:27:16,747 INFO [Thread-139824702932544] Operation: add_vertex, Args: ('B',)
2024-09-09 20:27:16,747 INFO [Thread-139824702932544] Operation: add_vertex, Result: (False, 1725931636.7477672)
2024-09-09 20:27:16,747 INFO [Thread-139824702932544] Operation: add_vertex, Args: ('E',)
2024-09-09 20:27:16,748 INFO [Thread-139824702932544] Operation: add_vertex, Result: (True, 1725931636.7480986)
2024-09-09 20:27:16,748 INFO [Thread-139824702932544] Operation: add_edge, Args: ('B', 'E')
2024-09-09 20:27:16,748 INFO [Thread-139824702932544] Operation: add_edge, Result: (True, 1725931636.7483845)
2024-09-09 20:27:16,748 INFO [Thread-139824694539840] Operation: add_vertex, Args: ('C',)
2024-09-09 20:27:16,748 INFO [Thread-139824694539840] Operation: add_vertex, Result: (False, 1725931636.7487268)
2024-09-09 20:27:16,748 INFO [Thread-139824694539840] Operation: add_vertex, Args: ('F',)
2024-09-09 20:27:16,748 INFO [Thread-139824694539840] Operation: add_vertex, Result: (True, 1725931636.7489598)
2024-09-09 20:27:16,749 INFO [Thread-139824694539840] Operation: add_edge, Args: ('C', 'F')
2024-09-09 20:27:16,749 INFO [Thread-139824694539840] Operation: add_edge, Result: (True, 1725931636.7491796)
2024-09-09 20:27:16,749 INFO [Thread-139824686147136] Operation: add_vertex, Args: ('C',)
2024-09-09 20:27:16,749 INFO [Thread-139824686147136] Operation: add_vertex, Result: (False, 1725931636.7495155)
2024-09-09 20:27:16,749 INFO [Thread-139824686147136] Operation: add_vertex, Args: ('G',)
2024-09-09 20:27:16,749 INFO [Thread-139824686147136] Operation: add_vertex, Result: (True, 1725931636.74995)
2024-09-09 20:27:16,750 INFO [Thread-139824686147136] Operation: add_edge, Args: ('C', 'G')
2024-09-09 20:27:16,750 INFO [Thread-139824686147136] Operation: add_edge, Result: (True, 1725931636.7503538)
2024-09-09 20:27:16,750 INFO [Thread-139824338040384] Operation: add_vertex, Args: ('D',)
2024-09-09 20:27:16,750 INFO [Thread-139824338040384] Operation: add_vertex, Result: (False, 1725931636.7508795)
2024-09-09 20:27:16,751 INFO [Thread-139824338040384] Operation: add_vertex, Args: ('H',)
2024-09-09 20:27:16,751 INFO [Thread-139824338040384] Operation: add_vertex, Result: (True, 1725931636.7513275)
2024-09-09 20:27:16,751 INFO [Thread-139824338040384] Operation: add_edge, Args: ('D', 'H')
2024-09-09 20:27:16,751 INFO [Thread-139824338040384] Operation: add_edge, Result: (True, 1725931636.75185)
2024-09-09 20:27:16,752 INFO [Thread-139824728110656] Operation: add_vertex, Args: ('E',)
2024-09-09 20:27:16,752 INFO [Thread-139824728110656] Operation: add_vertex, Result: (False, 1725931636.7523382)
2024-09-09 20:27:16,752 INFO [Thread-139824728110656] Operation: add_vertex, Args: ('I',)
2024-09-09 20:27:16,752 INFO [Thread-139824728110656] Operation: add_vertex, Result: (True, 1725931636.7526686)
2024-09-09 20:27:16,752 INFO [Thread-139824728110656] Operation: add_edge, Args: ('E', 'I')
2024-09-09 20:27:16,753 INFO [Thread-139824728110656] Operation: add_edge, Result: (True, 1725931636.7529945)
2024-09-09 20:27:16,753 INFO [Thread-139824728110656] Operation: add_vertex, Args: ('M',)
2024-09-09 20:27:16,753 INFO [Thread-139824728110656] Operation: add_vertex, Result: (True, 1725931636.7533386)
2024-09-09 20:27:16,753 INFO [Thread-139824728110656] Operation: add_vertex, Args: ('Q',)
2024-09-09 20:27:16,753 INFO [Thread-139824728110656] Operation: add_vertex, Result: (True, 1725931636.7536595)
2024-09-09 20:27:16,753 INFO [Thread-139824728110656] Operation: add_edge, Args: ('M', 'Q')
2024-09-09 20:27:16,753 INFO [Thread-139824728110656] Operation: add_edge, Result: (True, 1725931636.7539673)
2024-09-09 20:27:16,754 INFO [Thread-139824719717952] Operation: add_vertex, Args: ('G',)
2024-09-09 20:27:16,754 INFO [Thread-139824719717952] Operation: add_vertex, Result: (False, 1725931636.75433)
2024-09-09 20:27:16,754 INFO [Thread-139824719717952] Operation: add_vertex, Args: ('K',)
2024-09-09 20:27:16,754 INFO [Thread-139824719717952] Operation: add_vertex, Result: (True, 1725931636.7546835)
2024-09-09 20:27:16,754 INFO [Thread-139824719717952] Operation: add_edge, Args: ('G', 'K')
2024-09-09 20:27:16,755 INFO [Thread-139824719717952] Operation: add_edge, Result: (True, 1725931636.755)
2024-09-09 20:27:16,755 INFO [Thread-139824711325248] Operation: add_vertex, Args: ('H',)
2024-09-09 20:27:16,755 INFO [Thread-139824711325248] Operation: add_vertex, Result: (False, 1725931636.755361)
2024-09-09 20:27:16,755 INFO [Thread-139824711325248] Operation: add_vertex, Args: ('L',)
2024-09-09 20:27:16,755 INFO [Thread-139824711325248] Operation: add_vertex, Result: (True, 1725931636.7557235)
2024-09-09 20:27:16,755 INFO [Thread-139824711325248] Operation: add_edge, Args: ('H', 'L')
2024-09-09 20:27:16,756 INFO [Thread-139824711325248] Operation: add_edge, Result: (True, 1725931636.7560897)
2024-09-09 20:27:16,756 INFO [Thread-139824702932544] Operation: add_vertex, Args: ('I',)
2024-09-09 20:27:16,756 INFO [Thread-139824702932544] Operation: add_vertex, Result: (False, 1725931636.756487)
2024-09-09 20:27:16,756 INFO [Thread-139824702932544] Operation: add_vertex, Args: ('M',)
2024-09-09 20:27:16,756 INFO [Thread-139824702932544] Operation: add_vertex, Result: (False, 1725931636.7569072)
2024-09-09 20:27:16,757 INFO [Thread-139824702932544] Operation: add_edge, Args: ('I', 'M')
2024-09-09 20:27:16,757 INFO [Thread-139824702932544] Operation: add_edge, Result: (True, 1725931636.7573812)
2024-09-09 20:27:16,757 INFO [Thread-139824694539840] Operation: add_vertex, Args: ('J',)
2024-09-09 20:27:16,757 INFO [Thread-139824694539840] Operation: add_vertex, Result: (True, 1725931636.7578535)
2024-09-09 20:27:16,758 INFO [Thread-139824694539840] Operation: add_vertex, Args: ('N',)
2024-09-09 20:27:16,758 INFO [Thread-139824694539840] Operation: add_vertex, Result: (True, 1725931636.7582278)
2024-09-09 20:27:16,758 INFO [Thread-139824694539840] Operation: add_edge, Args: ('J', 'N')
2024-09-09 20:27:16,758 INFO [Thread-139824694539840] Operation: add_edge, Result: (True, 1725931636.7585707)
2024-09-09 20:27:16,758 INFO [Thread-139824686147136] Operation: add_vertex, Args: ('K',)
2024-09-09 20:27:16,758 INFO [Thread-139824686147136] Operation: add_vertex, Result: (False, 1725931636.7589874)
2024-09-09 20:27:16,759 INFO [Thread-139824686147136] Operation: add_vertex, Args: ('O',)
2024-09-09 20:27:16,759 INFO [Thread-139824686147136] Operation: add_vertex, Result: (True, 1725931636.7593691)
2024-09-09 20:27:16,759 INFO [Thread-139824686147136] Operation: add_edge, Args: ('K', 'O')
2024-09-09 20:27:16,759 INFO [Thread-139824686147136] Operation: add_edge, Result: (True, 1725931636.7596915)
2024-09-09 20:27:16,759 INFO [Thread-139824338040384] Operation: add_vertex, Args: ('L',)
2024-09-09 20:27:16,760 INFO [Thread-139824338040384] Operation: add_vertex, Result: (False, 1725931636.7600658)
2024-09-09 20:27:16,760 INFO [Thread-139824338040384] Operation: add_vertex, Args: ('P',)
2024-09-09 20:27:16,760 INFO [Thread-139824338040384] Operation: add_vertex, Result: (True, 1725931636.7603886)
2024-09-09 20:27:16,760 INFO [Thread-139824338040384] Operation: add_edge, Args: ('L', 'P')
2024-09-09 20:27:16,760 INFO [Thread-139824338040384] Operation: add_edge, Result: (True, 1725931636.760836)
2024-09-09 20:27:16,761 INFO [Thread-139824338040384] Operation: add_vertex, Args: ('D',)
2024-09-09 20:27:16,761 INFO [Thread-139824338040384] Operation: add_vertex, Result: (False, 1725931636.761244)
2024-09-09 20:27:16,761 INFO [Thread-139824338040384] Operation: add_vertex, Args: ('J',)
2024-09-09 20:27:16,761 INFO [Thread-139824338040384] Operation: add_vertex, Result: (False, 1725931636.7615588)
2024-09-09 20:27:16,761 INFO [Thread-139824338040384] Operation: add_edge, Args: ('D', 'J')
2024-09-09 20:27:16,761 INFO [Thread-139824338040384] Operation: add_edge, Result: (True, 1725931636.7619808)
2024-09-09 20:27:16,762 INFO [Thread-139824728110656] Operation: add_vertex, Args: ('N',)
2024-09-09 20:27:16,762 INFO [Thread-139824728110656] Operation: add_vertex, Result: (False, 1725931636.7623582)
2024-09-09 20:27:16,762 INFO [Thread-139824728110656] Operation: add_vertex, Args: ('R',)
2024-09-09 20:27:16,762 INFO [Thread-139824728110656] Operation: add_vertex, Result: (True, 1725931636.76274)
2024-09-09 20:27:16,762 INFO [Thread-139824728110656] Operation: add_edge, Args: ('N', 'R')
2024-09-09 20:27:16,763 INFO [Thread-139824728110656] Operation: add_edge, Result: (True, 1725931636.7630787)
2024-09-09 20:27:16,763 INFO [Thread-139824719717952] Operation: add_vertex, Args: ('O',)
2024-09-09 20:27:16,763 INFO [Thread-139824719717952] Operation: add_vertex, Result: (False, 1725931636.763464)
2024-09-09 20:27:16,763 INFO [Thread-139824719717952] Operation: add_vertex, Args: ('S',)
2024-09-09 20:27:16,763 INFO [Thread-139824719717952] Operation: add_vertex, Result: (True, 1725931636.7638755)
2024-09-09 20:27:16,764 INFO [Thread-139824719717952] Operation: add_edge, Args: ('O', 'S')
2024-09-09 20:27:16,764 INFO [Thread-139824719717952] Operation: add_edge, Result: (True, 1725931636.7643754)
2024-09-09 20:27:16,764 INFO [Thread-139824719717952] Operation: add_vertex, Args: ('G',)
2024-09-09 20:27:16,764 INFO [Thread-139824719717952] Operation: add_vertex, Result: (False, 1725931636.7649376)
2024-09-09 20:27:16,765 INFO [Thread-139824719717952] Operation: add_vertex, Args: ('M',)
2024-09-09 20:27:16,765 INFO [Thread-139824719717952] Operation: add_vertex, Result: (False, 1725931636.7653766)
2024-09-09 20:27:16,765 INFO [Thread-139824719717952] Operation: add_edge, Args: ('G', 'M')
2024-09-09 20:27:16,765 INFO [Thread-139824719717952] Operation: add_edge, Result: (True, 1725931636.7657871)
2024-09-09 20:27:16,766 INFO [Thread-139824702932544] Operation: add_vertex, Args: ('A',)
2024-09-09 20:27:16,766 INFO [Thread-139824702932544] Operation: add_vertex, Result: (False, 1725931636.7661996)
2024-09-09 20:27:16,766 INFO [Thread-139824702932544] Operation: add_vertex, Args: ('D',)
2024-09-09 20:27:16,766 INFO [Thread-139824702932544] Operation: add_vertex, Result: (False, 1725931636.7666442)
2024-09-09 20:27:16,766 INFO [Thread-139824702932544] Operation: add_edge, Args: ('A', 'D')
2024-09-09 20:27:16,766 INFO [Thread-139824702932544] Operation: add_edge, Result: (True, 1725931636.7669566)
2024-09-09 20:27:16,767 INFO [Thread-139824694539840] Operation: add_vertex, Args: ('B',)
2024-09-09 20:27:16,767 INFO [Thread-139824694539840] Operation: add_vertex, Result: (False, 1725931636.7672935)
2024-09-09 20:27:16,767 INFO [Thread-139824694539840] Operation: add_vertex, Args: ('F',)
2024-09-09 20:27:16,767 INFO [Thread-139824694539840] Operation: add_vertex, Result: (False, 1725931636.7675264)
2024-09-09 20:27:16,767 INFO [Thread-139824694539840] Operation: add_edge, Args: ('B', 'F')
2024-09-09 20:27:16,767 INFO [Thread-139824694539840] Operation: add_edge, Result: (True, 1725931636.7677598)
2024-09-09 20:27:16,767 INFO [Thread-139824686147136] Operation: add_vertex, Args: ('C',)
2024-09-09 20:27:16,768 INFO [Thread-139824686147136] Operation: add_vertex, Result: (False, 1725931636.7680693)
2024-09-09 20:27:16,768 INFO [Thread-139824686147136] Operation: add_vertex, Args: ('H',)
2024-09-09 20:27:16,768 INFO [Thread-139824686147136] Operation: add_vertex, Result: (False, 1725931636.7683523)
2024-09-09 20:27:16,768 INFO [Thread-139824686147136] Operation: add_edge, Args: ('C', 'H')
2024-09-09 20:27:16,768 INFO [Thread-139824686147136] Operation: add_edge, Result: (True, 1725931636.7686882)
2024-09-09 20:27:16,768 INFO [Thread-139824329647680] Operation: add_vertex, Args: ('F',)
2024-09-09 20:27:16,769 INFO [Thread-139824329647680] Operation: add_vertex, Result: (False, 1725931636.7691116)
2024-09-09 20:27:16,769 INFO [Thread-139824329647680] Operation: add_vertex, Args: ('J',)
2024-09-09 20:27:16,769 INFO [Thread-139824329647680] Operation: add_vertex, Result: (False, 1725931636.7694044)
2024-09-09 20:27:16,769 INFO [Thread-139824329647680] Operation: add_edge, Args: ('F', 'J')
2024-09-09 20:27:16,769 INFO [Thread-139824329647680] Operation: add_edge, Result: (True, 1725931636.7696888)
2024-09-09 20:27:16,769 INFO [Thread-139824338040384] Operation: add_vertex, Args: ('E',)
2024-09-09 20:27:16,770 INFO [Thread-139824338040384] Operation: add_vertex, Result: (False, 1725931636.7700953)
2024-09-09 20:27:16,770 INFO [Thread-139824338040384] Operation: add_vertex, Args: ('K',)
2024-09-09 20:27:16,770 INFO [Thread-139824338040384] Operation: add_vertex, Result: (False, 1725931636.7704504)
2024-09-09 20:27:16,770 INFO [Thread-139824338040384] Operation: add_edge, Args: ('E', 'K')
2024-09-09 20:27:16,771 INFO [Thread-139824338040384] Operation: add_edge, Result: (True, 1725931636.77132)
2024-09-09 20:27:16,771 INFO [Thread-139824728110656] Operation: add_vertex, Args: ('F',)
2024-09-09 20:27:16,771 INFO [Thread-139824728110656] Operation: add_vertex, Result: (False, 1725931636.7718575)
2024-09-09 20:27:16,772 INFO [Thread-139824728110656] Operation: add_vertex, Args: ('L',)
2024-09-09 20:27:16,772 INFO [Thread-139824728110656] Operation: add_vertex, Result: (False, 1725931636.7723043)
2024-09-09 20:27:16,772 INFO [Thread-139824728110656] Operation: add_edge, Args: ('F', 'L')
2024-09-09 20:27:16,772 INFO [Thread-139824728110656] Operation: add_edge, Result: (True, 1725931636.77266)
2024-09-09 20:27:16,772 INFO [Thread-139824711325248] Operation: add_vertex, Args: ('P',)
2024-09-09 20:27:16,773 INFO [Thread-139824711325248] Operation: add_vertex, Result: (False, 1725931636.7731323)
2024-09-09 20:27:16,773 INFO [Thread-139824711325248] Operation: add_vertex, Args: ('T',)
2024-09-09 20:27:16,773 INFO [Thread-139824711325248] Operation: add_vertex, Result: (True, 1725931636.7734838)
2024-09-09 20:27:16,773 INFO [Thread-139824711325248] Operation: add_edge, Args: ('P', 'T')
2024-09-09 20:27:16,773 INFO [Thread-139824711325248] Operation: add_edge, Result: (True, 1725931636.7738113)
2024-09-09 20:27:16,774 INFO [Thread-139824719717952] Operation: add_vertex, Args: ('H',)
2024-09-09 20:27:16,774 INFO [Thread-139824719717952] Operation: add_vertex, Result: (False, 1725931636.774173)
2024-09-09 20:27:16,774 INFO [Thread-139824719717952] Operation: add_vertex, Args: ('N',)
2024-09-09 20:27:16,774 INFO [Thread-139824719717952] Operation: add_vertex, Result: (False, 1725931636.7744615)
2024-09-09 20:27:16,774 INFO [Thread-139824719717952] Operation: add_edge, Args: ('H', 'N')
2024-09-09 20:27:16,774 INFO [Thread-139824719717952] Operation: add_edge, Result: (True, 1725931636.7748208)
2024-09-09 20:27:16,775 INFO [Thread-139824702932544] Operation: add_vertex, Args: ('I',)
2024-09-09 20:27:16,775 INFO [Thread-139824702932544] Operation: add_vertex, Result: (False, 1725931636.7751994)
2024-09-09 20:27:16,775 INFO [Thread-139824702932544] Operation: add_vertex, Args: ('O',)
2024-09-09 20:27:16,775 INFO [Thread-139824702932544] Operation: add_vertex, Result: (False, 1725931636.7755144)
2024-09-09 20:27:16,775 INFO [Thread-139824702932544] Operation: add_edge, Args: ('I', 'O')
2024-09-09 20:27:16,775 INFO [Thread-139824702932544] Operation: add_edge, Result: (True, 1725931636.77586)
2024-09-09 20:27:16,776 INFO [Thread-139824694539840] Operation: add_vertex, Args: ('J',)
2024-09-09 20:27:16,776 INFO [Thread-139824694539840] Operation: add_vertex, Result: (False, 1725931636.776211)
2024-09-09 20:27:16,776 INFO [Thread-139824694539840] Operation: add_vertex, Args: ('P',)
2024-09-09 20:27:16,776 INFO [Thread-139824694539840] Operation: add_vertex, Result: (False, 1725931636.7764485)
2024-09-09 20:27:16,776 INFO [Thread-139824694539840] Operation: add_edge, Args: ('J', 'P')
2024-09-09 20:27:16,776 INFO [Thread-139824694539840] Operation: add_edge, Result: (True, 1725931636.7766988)
2024-09-09 20:27:16,776 INFO [Thread-139824686147136] Operation: add_vertex, Args: ('K',)
2024-09-09 20:27:16,777 INFO [Thread-139824686147136] Operation: add_vertex, Result: (False, 1725931636.7771413)
2024-09-09 20:27:16,777 INFO [Thread-139824686147136] Operation: add_vertex, Args: ('Q',)
2024-09-09 20:27:16,777 INFO [Thread-139824686147136] Operation: add_vertex, Result: (False, 1725931636.7774649)
2024-09-09 20:27:16,777 INFO [Thread-139824686147136] Operation: add_edge, Args: ('K', 'Q')
2024-09-09 20:27:16,777 INFO [Thread-139824686147136] Operation: add_edge, Result: (True, 1725931636.7779095)
2024-09-09 20:27:16,778 INFO [Thread-139825279811584] Operation: get_all_vertices, Args: ()
2024-09-09 20:27:16,778 INFO [Thread-139825279811584] Operation: get_all_vertices, Result: ({'J', 'B', 'M', 'Q', 'G', 'K', 'S', 'E', 'F', 'R', 'T', 'C', 'I', 'H', 'N', 'D', 'P', 'L', 'A', 'O'}, 1725931636.778661)
2024-09-09 20:27:16,778 INFO [Thread-139825279811584] Operation: read_graph_from_file, Result: Graph created with 20 vertices
2024-09-09 20:27:25,883 INFO [Thread-139825279811584] Operation: get_shortest_path, Args: ('A', 'B')
2024-09-09 20:27:25,884 INFO [Thread-139825279811584] Operation: get_shortest_path, Result: (['A', 'B'], 0.0005590915679931641, 1725931645.884269)
