2024-09-09 20:21:15,812 INFO [Thread-140623515795456] Operation: read_graph_from_file, Args: ('/mnt/c/Users/cmcor/OneDrive/Documents/CS4113/dosfa24lab00team06/src/../data/sample_graph.txt',)
2024-09-09 20:21:15,815 INFO [Thread-140622963930688] Operation: add_vertex, Args: ('A',)
2024-09-09 20:21:15,816 INFO [Thread-140622963930688] Operation: add_vertex, Result: (True, 1725931275.8163016)
2024-09-09 20:21:15,816 INFO [Thread-140622963930688] Operation: add_vertex, Args: ('B',)
2024-09-09 20:21:15,817 INFO [Thread-140622963930688] Operation: add_vertex, Result: (True, 1725931275.8174963)
2024-09-09 20:21:15,818 INFO [Thread-140622963930688] Operation: add_edge, Args: ('A', 'B')
2024-09-09 20:21:15,818 INFO [Thread-140622963930688] Operation: add_edge, Result: (True, 1725931275.8187008)
2024-09-09 20:21:15,819 INFO [Thread-140622955537984] Operation: add_vertex, Args: ('A',)
2024-09-09 20:21:15,819 INFO [Thread-140622955537984] Operation: add_vertex, Result: (False, 1725931275.81953)
2024-09-09 20:21:15,819 INFO [Thread-140622955537984] Operation: add_vertex, Args: ('C',)
2024-09-09 20:21:15,820 INFO [Thread-140622955537984] Operation: add_vertex, Result: (True, 1725931275.820094)
2024-09-09 20:21:15,820 INFO [Thread-140622955537984] Operation: add_edge, Args: ('A', 'C')
2024-09-09 20:21:15,820 INFO [Thread-140622955537984] Operation: add_edge, Result: (True, 1725931275.8205678)
2024-09-09 20:21:15,820 INFO [Thread-140622947145280] Operation: add_vertex, Args: ('B',)
2024-09-09 20:21:15,821 INFO [Thread-140622947145280] Operation: add_vertex, Result: (False, 1725931275.8210928)
2024-09-09 20:21:15,821 INFO [Thread-140622947145280] Operation: add_vertex, Args: ('D',)
2024-09-09 20:21:15,821 INFO [Thread-140622947145280] Operation: add_vertex, Result: (True, 1725931275.821509)
2024-09-09 20:21:15,821 INFO [Thread-140622947145280] Operation: add_edge, Args: ('B', 'D')
2024-09-09 20:21:15,821 INFO [Thread-140622947145280] Operation: add_edge, Result: (True, 1725931275.8218682)
2024-09-09 20:21:15,822 INFO [Thread-140622732195392] Operation: add_vertex, Args: ('B',)
2024-09-09 20:21:15,822 INFO [Thread-140622732195392] Operation: add_vertex, Result: (False, 1725931275.8223186)
2024-09-09 20:21:15,822 INFO [Thread-140622732195392] Operation: add_vertex, Args: ('E',)
2024-09-09 20:21:15,822 INFO [Thread-140622732195392] Operation: add_vertex, Result: (True, 1725931275.8226457)
2024-09-09 20:21:15,822 INFO [Thread-140622732195392] Operation: add_edge, Args: ('B', 'E')
2024-09-09 20:21:15,823 INFO [Thread-140622732195392] Operation: add_edge, Result: (True, 1725931275.8231103)
2024-09-09 20:21:15,823 INFO [Thread-140622723802688] Operation: add_vertex, Args: ('C',)
2024-09-09 20:21:15,823 INFO [Thread-140622723802688] Operation: add_vertex, Result: (False, 1725931275.8236046)
2024-09-09 20:21:15,823 INFO [Thread-140622723802688] Operation: add_vertex, Args: ('F',)
2024-09-09 20:21:15,823 INFO [Thread-140622723802688] Operation: add_vertex, Result: (True, 1725931275.8239663)
2024-09-09 20:21:15,824 INFO [Thread-140622723802688] Operation: add_edge, Args: ('C', 'F')
2024-09-09 20:21:15,824 INFO [Thread-140622723802688] Operation: add_edge, Result: (True, 1725931275.8243508)
2024-09-09 20:21:15,824 INFO [Thread-140622715409984] Operation: add_vertex, Args: ('C',)
2024-09-09 20:21:15,824 INFO [Thread-140622715409984] Operation: add_vertex, Result: (False, 1725931275.8249018)
2024-09-09 20:21:15,825 INFO [Thread-140622715409984] Operation: add_vertex, Args: ('G',)
2024-09-09 20:21:15,825 INFO [Thread-140622715409984] Operation: add_vertex, Result: (True, 1725931275.8253858)
2024-09-09 20:21:15,825 INFO [Thread-140622715409984] Operation: add_edge, Args: ('C', 'G')
2024-09-09 20:21:15,825 INFO [Thread-140622715409984] Operation: add_edge, Result: (True, 1725931275.82586)
2024-09-09 20:21:15,826 INFO [Thread-140622707017280] Operation: add_vertex, Args: ('D',)
2024-09-09 20:21:15,826 INFO [Thread-140622707017280] Operation: add_vertex, Result: (False, 1725931275.8264303)
2024-09-09 20:21:15,826 INFO [Thread-140622707017280] Operation: add_vertex, Args: ('H',)
2024-09-09 20:21:15,827 INFO [Thread-140622707017280] Operation: add_vertex, Result: (True, 1725931275.8271167)
2024-09-09 20:21:15,827 INFO [Thread-140622707017280] Operation: add_edge, Args: ('D', 'H')
2024-09-09 20:21:15,827 INFO [Thread-140622707017280] Operation: add_edge, Result: (True, 1725931275.8275578)
2024-09-09 20:21:15,827 INFO [Thread-140622698624576] Operation: add_vertex, Args: ('E',)
2024-09-09 20:21:15,828 INFO [Thread-140622698624576] Operation: add_vertex, Result: (False, 1725931275.8280504)
2024-09-09 20:21:15,828 INFO [Thread-140622698624576] Operation: add_vertex, Args: ('I',)
2024-09-09 20:21:15,828 INFO [Thread-140622698624576] Operation: add_vertex, Result: (True, 1725931275.828408)
2024-09-09 20:21:15,828 INFO [Thread-140622698624576] Operation: add_edge, Args: ('E', 'I')
2024-09-09 20:21:15,828 INFO [Thread-140622698624576] Operation: add_edge, Result: (True, 1725931275.8287046)
2024-09-09 20:21:15,828 INFO [Thread-140622963930688] Operation: add_vertex, Args: ('F',)
2024-09-09 20:21:15,829 INFO [Thread-140622963930688] Operation: add_vertex, Result: (False, 1725931275.8290653)
2024-09-09 20:21:15,829 INFO [Thread-140622963930688] Operation: add_vertex, Args: ('J',)
2024-09-09 20:21:15,829 INFO [Thread-140622963930688] Operation: add_vertex, Result: (True, 1725931275.8295279)
2024-09-09 20:21:15,829 INFO [Thread-140622963930688] Operation: add_edge, Args: ('F', 'J')
2024-09-09 20:21:15,829 INFO [Thread-140622963930688] Operation: add_edge, Result: (True, 1725931275.8298833)
2024-09-09 20:21:15,830 INFO [Thread-140622955537984] Operation: add_vertex, Args: ('G',)
2024-09-09 20:21:15,830 INFO [Thread-140622955537984] Operation: add_vertex, Result: (False, 1725931275.8303769)
2024-09-09 20:21:15,830 INFO [Thread-140622955537984] Operation: add_vertex, Args: ('K',)
2024-09-09 20:21:15,830 INFO [Thread-140622955537984] Operation: add_vertex, Result: (True, 1725931275.8306968)
2024-09-09 20:21:15,830 INFO [Thread-140622955537984] Operation: add_edge, Args: ('G', 'K')
2024-09-09 20:21:15,831 INFO [Thread-140622955537984] Operation: add_edge, Result: (True, 1725931275.8310168)
2024-09-09 20:21:15,831 INFO [Thread-140622947145280] Operation: add_vertex, Args: ('H',)
2024-09-09 20:21:15,831 INFO [Thread-140622947145280] Operation: add_vertex, Result: (False, 1725931275.8313887)
2024-09-09 20:21:15,831 INFO [Thread-140622947145280] Operation: add_vertex, Args: ('L',)
2024-09-09 20:21:15,831 INFO [Thread-140622947145280] Operation: add_vertex, Result: (True, 1725931275.831696)
2024-09-09 20:21:15,831 INFO [Thread-140622947145280] Operation: add_edge, Args: ('H', 'L')
2024-09-09 20:21:15,831 INFO [Thread-140622947145280] Operation: add_edge, Result: (True, 1725931275.8319886)
2024-09-09 20:21:15,832 INFO [Thread-140622732195392] Operation: add_vertex, Args: ('I',)
2024-09-09 20:21:15,832 INFO [Thread-140622732195392] Operation: add_vertex, Result: (False, 1725931275.8323383)
2024-09-09 20:21:15,832 INFO [Thread-140622732195392] Operation: add_vertex, Args: ('M',)
2024-09-09 20:21:15,832 INFO [Thread-140622732195392] Operation: add_vertex, Result: (True, 1725931275.8326042)
2024-09-09 20:21:15,832 INFO [Thread-140622732195392] Operation: add_edge, Args: ('I', 'M')
2024-09-09 20:21:15,833 INFO [Thread-140622732195392] Operation: add_edge, Result: (True, 1725931275.8329854)
2024-09-09 20:21:15,833 INFO [Thread-140622732195392] Operation: add_vertex, Args: ('A',)
2024-09-09 20:21:15,833 INFO [Thread-140622732195392] Operation: add_vertex, Result: (False, 1725931275.833417)
2024-09-09 20:21:15,833 INFO [Thread-140622732195392] Operation: add_vertex, Args: ('D',)
2024-09-09 20:21:15,833 INFO [Thread-140622732195392] Operation: add_vertex, Result: (False, 1725931275.8338382)
2024-09-09 20:21:15,834 INFO [Thread-140622732195392] Operation: add_edge, Args: ('A', 'D')
2024-09-09 20:21:15,834 INFO [Thread-140622732195392] Operation: add_edge, Result: (True, 1725931275.8341863)
2024-09-09 20:21:15,834 INFO [Thread-140622715409984] Operation: add_vertex, Args: ('K',)
2024-09-09 20:21:15,834 INFO [Thread-140622715409984] Operation: add_vertex, Result: (False, 1725931275.8346348)
2024-09-09 20:21:15,834 INFO [Thread-140622715409984] Operation: add_vertex, Args: ('O',)
2024-09-09 20:21:15,835 INFO [Thread-140622715409984] Operation: add_vertex, Result: (True, 1725931275.835016)
2024-09-09 20:21:15,835 INFO [Thread-140622715409984] Operation: add_edge, Args: ('K', 'O')
2024-09-09 20:21:15,835 INFO [Thread-140622715409984] Operation: add_edge, Result: (True, 1725931275.8353715)
2024-09-09 20:21:15,835 INFO [Thread-140622707017280] Operation: add_vertex, Args: ('L',)
2024-09-09 20:21:15,835 INFO [Thread-140622707017280] Operation: add_vertex, Result: (False, 1725931275.8357484)
2024-09-09 20:21:15,835 INFO [Thread-140622707017280] Operation: add_vertex, Args: ('P',)
2024-09-09 20:21:15,836 INFO [Thread-140622707017280] Operation: add_vertex, Result: (True, 1725931275.8360474)
2024-09-09 20:21:15,836 INFO [Thread-140622707017280] Operation: add_edge, Args: ('L', 'P')
2024-09-09 20:21:15,836 INFO [Thread-140622707017280] Operation: add_edge, Result: (True, 1725931275.8363428)
2024-09-09 20:21:15,836 INFO [Thread-140622698624576] Operation: add_vertex, Args: ('M',)
2024-09-09 20:21:15,836 INFO [Thread-140622698624576] Operation: add_vertex, Result: (False, 1725931275.836693)
2024-09-09 20:21:15,836 INFO [Thread-140622698624576] Operation: add_vertex, Args: ('Q',)
2024-09-09 20:21:15,836 INFO [Thread-140622698624576] Operation: add_vertex, Result: (True, 1725931275.8369567)
2024-09-09 20:21:15,837 INFO [Thread-140622698624576] Operation: add_edge, Args: ('M', 'Q')
2024-09-09 20:21:15,837 INFO [Thread-140622698624576] Operation: add_edge, Result: (True, 1725931275.8372395)
2024-09-09 20:21:15,837 INFO [Thread-140622963930688] Operation: add_vertex, Args: ('N',)
2024-09-09 20:21:15,837 INFO [Thread-140622963930688] Operation: add_vertex, Result: (True, 1725931275.8375626)
2024-09-09 20:21:15,837 INFO [Thread-140622963930688] Operation: add_vertex, Args: ('R',)
2024-09-09 20:21:15,837 INFO [Thread-140622963930688] Operation: add_vertex, Result: (True, 1725931275.837838)
2024-09-09 20:21:15,837 INFO [Thread-140622963930688] Operation: add_edge, Args: ('N', 'R')
2024-09-09 20:21:15,838 INFO [Thread-140622963930688] Operation: add_edge, Result: (True, 1725931275.8381135)
2024-09-09 20:21:15,838 INFO [Thread-140622955537984] Operation: add_vertex, Args: ('O',)
2024-09-09 20:21:15,838 INFO [Thread-140622955537984] Operation: add_vertex, Result: (False, 1725931275.8384519)
2024-09-09 20:21:15,838 INFO [Thread-140622955537984] Operation: add_vertex, Args: ('S',)
2024-09-09 20:21:15,838 INFO [Thread-140622955537984] Operation: add_vertex, Result: (True, 1725931275.8387327)
2024-09-09 20:21:15,838 INFO [Thread-140622955537984] Operation: add_edge, Args: ('O', 'S')
2024-09-09 20:21:15,839 INFO [Thread-140622955537984] Operation: add_edge, Result: (True, 1725931275.8390088)
2024-09-09 20:21:15,839 INFO [Thread-140622947145280] Operation: add_vertex, Args: ('P',)
2024-09-09 20:21:15,839 INFO [Thread-140622947145280] Operation: add_vertex, Result: (False, 1725931275.8394141)
2024-09-09 20:21:15,839 INFO [Thread-140622947145280] Operation: add_vertex, Args: ('T',)
2024-09-09 20:21:15,839 INFO [Thread-140622947145280] Operation: add_vertex, Result: (True, 1725931275.839826)
2024-09-09 20:21:15,840 INFO [Thread-140622947145280] Operation: add_edge, Args: ('P', 'T')
2024-09-09 20:21:15,840 INFO [Thread-140622947145280] Operation: add_edge, Result: (True, 1725931275.8403254)
2024-09-09 20:21:15,840 INFO [Thread-140622723802688] Operation: add_vertex, Args: ('J',)
2024-09-09 20:21:15,840 INFO [Thread-140622723802688] Operation: add_vertex, Result: (False, 1725931275.840933)
2024-09-09 20:21:15,841 INFO [Thread-140622723802688] Operation: add_vertex, Args: ('N',)
2024-09-09 20:21:15,841 INFO [Thread-140622723802688] Operation: add_vertex, Result: (False, 1725931275.8413913)
2024-09-09 20:21:15,841 INFO [Thread-140622723802688] Operation: add_edge, Args: ('J', 'N')
2024-09-09 20:21:15,841 INFO [Thread-140622723802688] Operation: add_edge, Result: (True, 1725931275.8418236)
2024-09-09 20:21:15,842 INFO [Thread-140622732195392] Operation: add_vertex, Args: ('B',)
2024-09-09 20:21:15,842 INFO [Thread-140622732195392] Operation: add_vertex, Result: (False, 1725931275.8421743)
2024-09-09 20:21:15,842 INFO [Thread-140622732195392] Operation: add_vertex, Args: ('F',)
2024-09-09 20:21:15,842 INFO [Thread-140622732195392] Operation: add_vertex, Result: (False, 1725931275.8424401)
2024-09-09 20:21:15,842 INFO [Thread-140622732195392] Operation: add_edge, Args: ('B', 'F')
2024-09-09 20:21:15,842 INFO [Thread-140622732195392] Operation: add_edge, Result: (True, 1725931275.8426757)
2024-09-09 20:21:15,842 INFO [Thread-140622715409984] Operation: add_vertex, Args: ('C',)
2024-09-09 20:21:15,843 INFO [Thread-140622715409984] Operation: add_vertex, Result: (False, 1725931275.8430471)
2024-09-09 20:21:15,843 INFO [Thread-140622715409984] Operation: add_vertex, Args: ('H',)
2024-09-09 20:21:15,843 INFO [Thread-140622715409984] Operation: add_vertex, Result: (False, 1725931275.8433654)
2024-09-09 20:21:15,843 INFO [Thread-140622715409984] Operation: add_edge, Args: ('C', 'H')
2024-09-09 20:21:15,843 INFO [Thread-140622715409984] Operation: add_edge, Result: (True, 1725931275.8436396)
2024-09-09 20:21:15,843 INFO [Thread-140622707017280] Operation: add_vertex, Args: ('D',)
2024-09-09 20:21:15,843 INFO [Thread-140622707017280] Operation: add_vertex, Result: (False, 1725931275.8439867)
2024-09-09 20:21:15,844 INFO [Thread-140622707017280] Operation: add_vertex, Args: ('J',)
2024-09-09 20:21:15,844 INFO [Thread-140622707017280] Operation: add_vertex, Result: (False, 1725931275.84428)
2024-09-09 20:21:15,844 INFO [Thread-140622707017280] Operation: add_edge, Args: ('D', 'J')
2024-09-09 20:21:15,844 INFO [Thread-140622707017280] Operation: add_edge, Result: (True, 1725931275.8446012)
2024-09-09 20:21:15,844 INFO [Thread-140622698624576] Operation: add_vertex, Args: ('E',)
2024-09-09 20:21:15,845 INFO [Thread-140622698624576] Operation: add_vertex, Result: (False, 1725931275.8450596)
2024-09-09 20:21:15,845 INFO [Thread-140622698624576] Operation: add_vertex, Args: ('K',)
2024-09-09 20:21:15,845 INFO [Thread-140622698624576] Operation: add_vertex, Result: (False, 1725931275.8453376)
2024-09-09 20:21:15,845 INFO [Thread-140622698624576] Operation: add_edge, Args: ('E', 'K')
2024-09-09 20:21:15,845 INFO [Thread-140622698624576] Operation: add_edge, Result: (True, 1725931275.8456008)
2024-09-09 20:21:15,845 INFO [Thread-140622963930688] Operation: add_vertex, Args: ('F',)
2024-09-09 20:21:15,845 INFO [Thread-140622963930688] Operation: add_vertex, Result: (False, 1725931275.8459778)
2024-09-09 20:21:15,846 INFO [Thread-140622963930688] Operation: add_vertex, Args: ('L',)
2024-09-09 20:21:15,846 INFO [Thread-140622963930688] Operation: add_vertex, Result: (False, 1725931275.8462496)
2024-09-09 20:21:15,846 INFO [Thread-140622963930688] Operation: add_edge, Args: ('F', 'L')
2024-09-09 20:21:15,846 INFO [Thread-140622963930688] Operation: add_edge, Result: (True, 1725931275.846644)
2024-09-09 20:21:15,846 INFO [Thread-140622955537984] Operation: add_vertex, Args: ('G',)
2024-09-09 20:21:15,847 INFO [Thread-140622955537984] Operation: add_vertex, Result: (False, 1725931275.8471508)
2024-09-09 20:21:15,847 INFO [Thread-140622955537984] Operation: add_vertex, Args: ('M',)
2024-09-09 20:21:15,847 INFO [Thread-140622955537984] Operation: add_vertex, Result: (False, 1725931275.8478267)
2024-09-09 20:21:15,848 INFO [Thread-140622955537984] Operation: add_edge, Args: ('G', 'M')
2024-09-09 20:21:15,848 INFO [Thread-140622955537984] Operation: add_edge, Result: (True, 1725931275.8487773)
2024-09-09 20:21:15,849 INFO [Thread-140622947145280] Operation: add_vertex, Args: ('H',)
2024-09-09 20:21:15,849 INFO [Thread-140622947145280] Operation: add_vertex, Result: (False, 1725931275.849258)
2024-09-09 20:21:15,849 INFO [Thread-140622947145280] Operation: add_vertex, Args: ('N',)
2024-09-09 20:21:15,849 INFO [Thread-140622947145280] Operation: add_vertex, Result: (False, 1725931275.8495574)
2024-09-09 20:21:15,849 INFO [Thread-140622947145280] Operation: add_edge, Args: ('H', 'N')
2024-09-09 20:21:15,849 INFO [Thread-140622947145280] Operation: add_edge, Result: (True, 1725931275.849931)
2024-09-09 20:21:15,850 INFO [Thread-140622723802688] Operation: add_vertex, Args: ('I',)
2024-09-09 20:21:15,850 INFO [Thread-140622723802688] Operation: add_vertex, Result: (False, 1725931275.8503196)
2024-09-09 20:21:15,850 INFO [Thread-140622723802688] Operation: add_vertex, Args: ('O',)
2024-09-09 20:21:15,850 INFO [Thread-140622723802688] Operation: add_vertex, Result: (False, 1725931275.8507304)
2024-09-09 20:21:15,851 INFO [Thread-140622723802688] Operation: add_edge, Args: ('I', 'O')
2024-09-09 20:21:15,851 INFO [Thread-140622723802688] Operation: add_edge, Result: (True, 1725931275.851186)
2024-09-09 20:21:15,851 INFO [Thread-140622732195392] Operation: add_vertex, Args: ('J',)
2024-09-09 20:21:15,851 INFO [Thread-140622732195392] Operation: add_vertex, Result: (False, 1725931275.8517087)
2024-09-09 20:21:15,851 INFO [Thread-140622732195392] Operation: add_vertex, Args: ('P',)
2024-09-09 20:21:15,852 INFO [Thread-140622732195392] Operation: add_vertex, Result: (False, 1725931275.8520908)
2024-09-09 20:21:15,852 INFO [Thread-140622732195392] Operation: add_edge, Args: ('J', 'P')
2024-09-09 20:21:15,852 INFO [Thread-140622732195392] Operation: add_edge, Result: (True, 1725931275.8523588)
2024-09-09 20:21:15,852 INFO [Thread-140622715409984] Operation: add_vertex, Args: ('K',)
2024-09-09 20:21:15,852 INFO [Thread-140622715409984] Operation: add_vertex, Result: (False, 1725931275.852742)
2024-09-09 20:21:15,853 INFO [Thread-140622715409984] Operation: add_vertex, Args: ('Q',)
2024-09-09 20:21:15,853 INFO [Thread-140622715409984] Operation: add_vertex, Result: (False, 1725931275.8534083)
2024-09-09 20:21:15,853 INFO [Thread-140622715409984] Operation: add_edge, Args: ('K', 'Q')
2024-09-09 20:21:15,853 INFO [Thread-140622715409984] Operation: add_edge, Result: (True, 1725931275.8539126)
2024-09-09 20:21:15,854 INFO [Thread-140623515795456] Operation: get_all_vertices, Args: ()
2024-09-09 20:21:15,854 INFO [Thread-140623515795456] Operation: get_all_vertices, Result: ({'Q', 'R', 'H', 'T', 'E', 'G', 'B', 'C', 'D', 'K', 'J', 'F', 'N', 'L', 'A', 'P', 'M', 'S', 'O', 'I'}, 1725931275.8545816)
2024-09-09 20:21:15,854 INFO [Thread-140623515795456] Operation: read_graph_from_file, Result: Graph created with 20 vertices
